[2022-01-30 20:14:53.478] [jointLog] [info] setting maxHashResizeThreads to 40
[2022-01-30 20:14:53.478] [jointLog] [info] Fragment incompatibility prior below threshold.  Incompatible fragments will be ignored.
[2022-01-30 20:14:53.478] [jointLog] [info] Usage of --validateMappings implies use of minScoreFraction. Since not explicitly specified, it is being set to 0.65
[2022-01-30 20:14:53.478] [jointLog] [info] Setting consensusSlack to selective-alignment default of 0.35.
[2022-01-30 20:14:53.478] [jointLog] [info] parsing read library format
[2022-01-30 20:14:53.478] [jointLog] [info] There is 1 library.
[2022-01-30 20:14:53.479] [jointLog] [info] Loading pufferfish index
[2022-01-30 20:14:53.479] [jointLog] [info] Loading dense pufferfish index.
[2022-01-30 20:14:53.920] [jointLog] [info] done
[2022-01-30 20:14:53.968] [jointLog] [info] Index contained 40,812 targets
[2022-01-30 20:14:53.979] [jointLog] [info] Number of decoys : 0
[2022-01-30 20:14:54.546] [jointLog] [info] Automatically detected most likely library type as ISR

[2022-01-30 20:17:25.344] [jointLog] [info] Thread saw mini-batch with a maximum of 0.58% zero probability fragments
[2022-01-30 20:17:25.344] [jointLog] [info] Thread saw mini-batch with a maximum of 0.54% zero probability fragments
[2022-01-30 20:17:25.344] [jointLog] [info] Thread saw mini-batch with a maximum of 0.58% zero probability fragments
[2022-01-30 20:17:25.344] [jointLog] [info] Thread saw mini-batch with a maximum of 0.54% zero probability fragments
[2022-01-30 20:17:25.344] [jointLog] [info] Thread saw mini-batch with a maximum of 0.52% zero probability fragments
[2022-01-30 20:17:25.344] [jointLog] [info] Thread saw mini-batch with a maximum of 0.56% zero probability fragments
[2022-01-30 20:17:25.344] [jointLog] [info] Thread saw mini-batch with a maximum of 0.52% zero probability fragments
[2022-01-30 20:17:25.344] [jointLog] [info] Thread saw mini-batch with a maximum of 0.56% zero probability fragments
[2022-01-30 20:17:25.344] [jointLog] [info] Thread saw mini-batch with a maximum of 0.54% zero probability fragments
[2022-01-30 20:17:25.344] [jointLog] [info] Thread saw mini-batch with a maximum of 0.56% zero probability fragments
[2022-01-30 20:17:25.344] [jointLog] [info] Thread saw mini-batch with a maximum of 0.66% zero probability fragments
[2022-01-30 20:17:25.344] [jointLog] [info] Thread saw mini-batch with a maximum of 0.52% zero probability fragments
[2022-01-30 20:17:25.344] [jointLog] [info] Thread saw mini-batch with a maximum of 0.62% zero probability fragments
[2022-01-30 20:17:25.344] [jointLog] [info] Thread saw mini-batch with a maximum of 0.58% zero probability fragments
[2022-01-30 20:17:25.344] [jointLog] [info] Thread saw mini-batch with a maximum of 0.56% zero probability fragments
[2022-01-30 20:17:25.344] [jointLog] [info] Thread saw mini-batch with a maximum of 0.58% zero probability fragments
[2022-01-30 20:17:25.344] [jointLog] [info] Thread saw mini-batch with a maximum of 0.68% zero probability fragments
[2022-01-30 20:17:25.344] [jointLog] [info] Thread saw mini-batch with a maximum of 0.58% zero probability fragments
[2022-01-30 20:17:25.344] [jointLog] [info] Thread saw mini-batch with a maximum of 0.54% zero probability fragments
[2022-01-30 20:17:25.344] [jointLog] [info] Thread saw mini-batch with a maximum of 0.58% zero probability fragments
[2022-01-30 20:17:25.344] [jointLog] [info] Thread saw mini-batch with a maximum of 0.50% zero probability fragments
[2022-01-30 20:17:25.344] [jointLog] [info] Thread saw mini-batch with a maximum of 0.60% zero probability fragments
[2022-01-30 20:17:25.344] [jointLog] [info] Thread saw mini-batch with a maximum of 0.50% zero probability fragments
[2022-01-30 20:17:25.344] [jointLog] [info] Thread saw mini-batch with a maximum of 0.52% zero probability fragments
[2022-01-30 20:17:25.344] [jointLog] [info] Thread saw mini-batch with a maximum of 0.56% zero probability fragments
[2022-01-30 20:17:25.344] [jointLog] [info] Thread saw mini-batch with a maximum of 0.62% zero probability fragments
[2022-01-30 20:17:25.344] [jointLog] [info] Thread saw mini-batch with a maximum of 0.56% zero probability fragments
[2022-01-30 20:17:25.345] [jointLog] [info] Thread saw mini-batch with a maximum of 0.56% zero probability fragments
[2022-01-30 20:17:25.345] [jointLog] [info] Thread saw mini-batch with a maximum of 0.58% zero probability fragments
[2022-01-30 20:17:25.345] [jointLog] [info] Thread saw mini-batch with a maximum of 0.54% zero probability fragments
[2022-01-30 20:17:25.345] [jointLog] [info] Thread saw mini-batch with a maximum of 0.50% zero probability fragments
[2022-01-30 20:17:25.345] [jointLog] [info] Thread saw mini-batch with a maximum of 0.58% zero probability fragments
[2022-01-30 20:17:25.345] [jointLog] [info] Thread saw mini-batch with a maximum of 0.54% zero probability fragments
[2022-01-30 20:17:25.350] [jointLog] [info] Thread saw mini-batch with a maximum of 0.52% zero probability fragments
[2022-01-30 20:17:25.358] [jointLog] [info] Thread saw mini-batch with a maximum of 0.62% zero probability fragments
[2022-01-30 20:17:25.375] [jointLog] [info] Thread saw mini-batch with a maximum of 0.56% zero probability fragments
[2022-01-30 20:17:25.379] [jointLog] [info] Thread saw mini-batch with a maximum of 0.56% zero probability fragments
[2022-01-30 20:17:25.408] [jointLog] [info] Thread saw mini-batch with a maximum of 0.50% zero probability fragments
[2022-01-30 20:17:25.408] [jointLog] [info] Thread saw mini-batch with a maximum of 0.70% zero probability fragments
[2022-01-30 20:17:25.418] [jointLog] [info] Thread saw mini-batch with a maximum of 0.60% zero probability fragments
[2022-01-30 20:17:25.655] [jointLog] [info] Computed 52,349 rich equivalence classes for further processing
[2022-01-30 20:17:25.655] [jointLog] [info] Counted 40,713,998 total reads in the equivalence classes 
[2022-01-30 20:17:25.679] [jointLog] [warning] 0.000266204% of fragments were shorter than the k used to build the index.
If this fraction is too large, consider re-building the index with a smaller k.
The minimum read size found was 30.


[2022-01-30 20:17:25.679] [jointLog] [info] Number of mappings discarded because of alignment score : 7,226,546
[2022-01-30 20:17:25.679] [jointLog] [info] Number of fragments entirely discarded because of alignment score : 749,412
[2022-01-30 20:17:25.679] [jointLog] [info] Number of fragments discarded because they are best-mapped to decoys : 0
[2022-01-30 20:17:25.679] [jointLog] [info] Number of fragments discarded because they have only dovetail (discordant) mappings to valid targets : 12,448,898
[2022-01-30 20:17:25.679] [jointLog] [info] Mapping rate = 95.9137%

[2022-01-30 20:17:25.679] [jointLog] [info] finished quantifyLibrary()
[2022-01-30 20:17:25.681] [jointLog] [info] Starting optimizer
[2022-01-30 20:17:25.655] [fileLog] [info] 
At end of round 0
==================
Observed 42448581 total fragments (42448581 in most recent round)

[2022-01-30 20:17:25.719] [jointLog] [info] Marked 0 weighted equivalence classes as degenerate
[2022-01-30 20:17:25.725] [jointLog] [info] iteration = 0 | max rel diff. = 16820.8
[2022-01-30 20:17:25.997] [jointLog] [info] iteration = 100 | max rel diff. = 1.6605
[2022-01-30 20:17:26.249] [jointLog] [info] iteration = 200 | max rel diff. = 1.11087
[2022-01-30 20:17:26.501] [jointLog] [info] iteration = 300 | max rel diff. = 0.0594905
[2022-01-30 20:17:26.754] [jointLog] [info] iteration = 400 | max rel diff. = 0.0977882
[2022-01-30 20:17:27.006] [jointLog] [info] iteration = 500 | max rel diff. = 0.0669557
[2022-01-30 20:17:27.111] [jointLog] [info] iteration = 542 | max rel diff. = 0.00831865
[2022-01-30 20:17:27.116] [jointLog] [info] Finished optimizer
[2022-01-30 20:17:27.116] [jointLog] [info] writing output 

