[2022-01-30 21:31:59.761] [jointLog] [info] setting maxHashResizeThreads to 40
[2022-01-30 21:31:59.761] [jointLog] [info] Fragment incompatibility prior below threshold.  Incompatible fragments will be ignored.
[2022-01-30 21:31:59.761] [jointLog] [info] Usage of --validateMappings implies use of minScoreFraction. Since not explicitly specified, it is being set to 0.65
[2022-01-30 21:31:59.761] [jointLog] [info] Setting consensusSlack to selective-alignment default of 0.35.
[2022-01-30 21:31:59.761] [jointLog] [info] parsing read library format
[2022-01-30 21:31:59.761] [jointLog] [info] There is 1 library.
[2022-01-30 21:31:59.762] [jointLog] [info] Loading pufferfish index
[2022-01-30 21:31:59.762] [jointLog] [info] Loading dense pufferfish index.
[2022-01-30 21:32:00.072] [jointLog] [info] done
[2022-01-30 21:32:00.121] [jointLog] [info] Index contained 40,812 targets
[2022-01-30 21:32:00.131] [jointLog] [info] Number of decoys : 0
[2022-01-30 21:32:00.724] [jointLog] [info] Automatically detected most likely library type as ISR

[2022-01-30 21:34:48.709] [jointLog] [info] Thread saw mini-batch with a maximum of 0.44% zero probability fragments
[2022-01-30 21:34:48.709] [jointLog] [info] Thread saw mini-batch with a maximum of 0.50% zero probability fragments
[2022-01-30 21:34:48.709] [jointLog] [info] Thread saw mini-batch with a maximum of 0.48% zero probability fragments
[2022-01-30 21:34:48.709] [jointLog] [info] Thread saw mini-batch with a maximum of 0.52% zero probability fragments
[2022-01-30 21:34:48.709] [jointLog] [info] Thread saw mini-batch with a maximum of 0.52% zero probability fragments
[2022-01-30 21:34:48.710] [jointLog] [info] Thread saw mini-batch with a maximum of 0.56% zero probability fragments
[2022-01-30 21:34:48.710] [jointLog] [info] Thread saw mini-batch with a maximum of 0.54% zero probability fragments
[2022-01-30 21:34:48.710] [jointLog] [info] Thread saw mini-batch with a maximum of 0.46% zero probability fragments
[2022-01-30 21:34:48.710] [jointLog] [info] Thread saw mini-batch with a maximum of 0.52% zero probability fragments
[2022-01-30 21:34:48.710] [jointLog] [info] Thread saw mini-batch with a maximum of 0.54% zero probability fragments
[2022-01-30 21:34:48.710] [jointLog] [info] Thread saw mini-batch with a maximum of 0.52% zero probability fragments
[2022-01-30 21:34:48.710] [jointLog] [info] Thread saw mini-batch with a maximum of 0.52% zero probability fragments
[2022-01-30 21:34:48.710] [jointLog] [info] Thread saw mini-batch with a maximum of 0.60% zero probability fragments
[2022-01-30 21:34:48.710] [jointLog] [info] Thread saw mini-batch with a maximum of 0.50% zero probability fragments
[2022-01-30 21:34:48.710] [jointLog] [info] Thread saw mini-batch with a maximum of 0.44% zero probability fragments
[2022-01-30 21:34:48.710] [jointLog] [info] Thread saw mini-batch with a maximum of 0.48% zero probability fragments
[2022-01-30 21:34:48.710] [jointLog] [info] Thread saw mini-batch with a maximum of 0.44% zero probability fragments
[2022-01-30 21:34:48.710] [jointLog] [info] Thread saw mini-batch with a maximum of 0.48% zero probability fragments
[2022-01-30 21:34:48.710] [jointLog] [info] Thread saw mini-batch with a maximum of 0.50% zero probability fragments
[2022-01-30 21:34:48.710] [jointLog] [info] Thread saw mini-batch with a maximum of 0.46% zero probability fragments
[2022-01-30 21:34:48.710] [jointLog] [info] Thread saw mini-batch with a maximum of 0.46% zero probability fragments
[2022-01-30 21:34:48.710] [jointLog] [info] Thread saw mini-batch with a maximum of 0.54% zero probability fragments
[2022-01-30 21:34:48.710] [jointLog] [info] Thread saw mini-batch with a maximum of 0.48% zero probability fragments
[2022-01-30 21:34:48.710] [jointLog] [info] Thread saw mini-batch with a maximum of 0.46% zero probability fragments
[2022-01-30 21:34:48.710] [jointLog] [info] Thread saw mini-batch with a maximum of 0.48% zero probability fragments
[2022-01-30 21:34:48.710] [jointLog] [info] Thread saw mini-batch with a maximum of 0.58% zero probability fragments
[2022-01-30 21:34:48.710] [jointLog] [info] Thread saw mini-batch with a maximum of 0.50% zero probability fragments
[2022-01-30 21:34:48.710] [jointLog] [info] Thread saw mini-batch with a maximum of 0.46% zero probability fragments
[2022-01-30 21:34:48.710] [jointLog] [info] Thread saw mini-batch with a maximum of 0.58% zero probability fragments
[2022-01-30 21:34:48.710] [jointLog] [info] Thread saw mini-batch with a maximum of 0.50% zero probability fragments
[2022-01-30 21:34:48.711] [jointLog] [info] Thread saw mini-batch with a maximum of 0.48% zero probability fragments
[2022-01-30 21:34:48.710] [jointLog] [info] Thread saw mini-batch with a maximum of 0.48% zero probability fragments
[2022-01-30 21:34:48.709] [jointLog] [info] Thread saw mini-batch with a maximum of 0.52% zero probability fragments
[2022-01-30 21:34:48.721] [jointLog] [info] Thread saw mini-batch with a maximum of 0.44% zero probability fragments
[2022-01-30 21:34:48.722] [jointLog] [info] Thread saw mini-batch with a maximum of 0.84% zero probability fragments
[2022-01-30 21:34:48.726] [jointLog] [info] Thread saw mini-batch with a maximum of 0.52% zero probability fragments
[2022-01-30 21:34:48.748] [jointLog] [info] Thread saw mini-batch with a maximum of 0.50% zero probability fragments
[2022-01-30 21:34:48.760] [jointLog] [info] Thread saw mini-batch with a maximum of 0.44% zero probability fragments
[2022-01-30 21:34:48.778] [jointLog] [info] Thread saw mini-batch with a maximum of 0.52% zero probability fragments
[2022-01-30 21:34:48.792] [jointLog] [info] Thread saw mini-batch with a maximum of 0.46% zero probability fragments
[2022-01-30 21:34:48.999] [jointLog] [info] Computed 54,110 rich equivalence classes for further processing
[2022-01-30 21:34:48.999] [jointLog] [info] Counted 44,997,058 total reads in the equivalence classes 
[2022-01-30 21:34:49.020] [jointLog] [warning] 0.000237889% of fragments were shorter than the k used to build the index.
If this fraction is too large, consider re-building the index with a smaller k.
The minimum read size found was 30.


[2022-01-30 21:34:49.020] [jointLog] [info] Number of mappings discarded because of alignment score : 6,900,784
[2022-01-30 21:34:49.020] [jointLog] [info] Number of fragments entirely discarded because of alignment score : 900,125
[2022-01-30 21:34:49.020] [jointLog] [info] Number of fragments discarded because they are best-mapped to decoys : 0
[2022-01-30 21:34:49.020] [jointLog] [info] Number of fragments discarded because they have only dovetail (discordant) mappings to valid targets : 8,738,532
[2022-01-30 21:34:49.020] [jointLog] [info] Mapping rate = 96.4351%

[2022-01-30 21:34:49.020] [jointLog] [info] finished quantifyLibrary()
[2022-01-30 21:34:49.023] [jointLog] [info] Starting optimizer
[2022-01-30 21:34:49.060] [jointLog] [info] Marked 0 weighted equivalence classes as degenerate
[2022-01-30 21:34:49.067] [jointLog] [info] iteration = 0 | max rel diff. = 10431.3
[2022-01-30 21:34:49.000] [fileLog] [info] 
At end of round 0
==================
Observed 46660475 total fragments (46660475 in most recent round)

[2022-01-30 21:34:49.379] [jointLog] [info] iteration = 100 | max rel diff. = 1.72655
[2022-01-30 21:34:49.632] [jointLog] [info] iteration = 200 | max rel diff. = 0.314851
[2022-01-30 21:34:49.886] [jointLog] [info] iteration = 300 | max rel diff. = 2.619
[2022-01-30 21:34:50.140] [jointLog] [info] iteration = 400 | max rel diff. = 0.164229
[2022-01-30 21:34:50.393] [jointLog] [info] iteration = 500 | max rel diff. = 1.60037
[2022-01-30 21:34:50.646] [jointLog] [info] iteration = 600 | max rel diff. = 0.350794
[2022-01-30 21:34:50.903] [jointLog] [info] iteration = 700 | max rel diff. = 6.80316
[2022-01-30 21:34:51.156] [jointLog] [info] iteration = 800 | max rel diff. = 0.0427976
[2022-01-30 21:34:51.311] [jointLog] [info] iteration = 862 | max rel diff. = 0.00793174
[2022-01-30 21:34:51.317] [jointLog] [info] Finished optimizer
[2022-01-30 21:34:51.317] [jointLog] [info] writing output 

