[2022-01-30 20:05:19.428] [jointLog] [info] setting maxHashResizeThreads to 40
[2022-01-30 20:05:19.428] [jointLog] [info] Fragment incompatibility prior below threshold.  Incompatible fragments will be ignored.
[2022-01-30 20:05:19.428] [jointLog] [info] Usage of --validateMappings implies use of minScoreFraction. Since not explicitly specified, it is being set to 0.65
[2022-01-30 20:05:19.428] [jointLog] [info] Setting consensusSlack to selective-alignment default of 0.35.
[2022-01-30 20:05:19.428] [jointLog] [info] parsing read library format
[2022-01-30 20:05:19.428] [jointLog] [info] There is 1 library.
[2022-01-30 20:05:19.429] [jointLog] [info] Loading pufferfish index
[2022-01-30 20:05:19.430] [jointLog] [info] Loading dense pufferfish index.
[2022-01-30 20:05:19.739] [jointLog] [info] done
[2022-01-30 20:05:19.790] [jointLog] [info] Index contained 40,812 targets
[2022-01-30 20:05:19.801] [jointLog] [info] Number of decoys : 0
[2022-01-30 20:05:20.340] [jointLog] [info] Automatically detected most likely library type as ISR

[2022-01-30 20:06:50.540] [jointLog] [info] Thread saw mini-batch with a maximum of 0.52% zero probability fragments
[2022-01-30 20:06:50.540] [jointLog] [info] Thread saw mini-batch with a maximum of 0.58% zero probability fragments
[2022-01-30 20:06:50.540] [jointLog] [info] Thread saw mini-batch with a maximum of 0.50% zero probability fragments
[2022-01-30 20:06:50.540] [jointLog] [info] Thread saw mini-batch with a maximum of 0.54% zero probability fragments
[2022-01-30 20:06:50.540] [jointLog] [info] Thread saw mini-batch with a maximum of 0.50% zero probability fragments
[2022-01-30 20:06:50.540] [jointLog] [info] Thread saw mini-batch with a maximum of 0.46% zero probability fragments
[2022-01-30 20:06:50.540] [jointLog] [info] Thread saw mini-batch with a maximum of 0.50% zero probability fragments
[2022-01-30 20:06:50.540] [jointLog] [info] Thread saw mini-batch with a maximum of 0.54% zero probability fragments
[2022-01-30 20:06:50.540] [jointLog] [info] Thread saw mini-batch with a maximum of 0.54% zero probability fragments
[2022-01-30 20:06:50.540] [jointLog] [info] Thread saw mini-batch with a maximum of 0.48% zero probability fragments
[2022-01-30 20:06:50.540] [jointLog] [info] Thread saw mini-batch with a maximum of 0.52% zero probability fragments
[2022-01-30 20:06:50.540] [jointLog] [info] Thread saw mini-batch with a maximum of 0.54% zero probability fragments
[2022-01-30 20:06:50.540] [jointLog] [info] Thread saw mini-batch with a maximum of 0.52% zero probability fragments
[2022-01-30 20:06:50.540] [jointLog] [info] Thread saw mini-batch with a maximum of 0.56% zero probability fragments
[2022-01-30 20:06:50.540] [jointLog] [info] Thread saw mini-batch with a maximum of 0.64% zero probability fragments
[2022-01-30 20:06:50.540] [jointLog] [info] Thread saw mini-batch with a maximum of 0.48% zero probability fragments
[2022-01-30 20:06:50.540] [jointLog] [info] Thread saw mini-batch with a maximum of 0.60% zero probability fragments
[2022-01-30 20:06:50.540] [jointLog] [info] Thread saw mini-batch with a maximum of 0.58% zero probability fragments
[2022-01-30 20:06:50.540] [jointLog] [info] Thread saw mini-batch with a maximum of 0.56% zero probability fragments
[2022-01-30 20:06:50.540] [jointLog] [info] Thread saw mini-batch with a maximum of 0.52% zero probability fragments
[2022-01-30 20:06:50.541] [jointLog] [info] Thread saw mini-batch with a maximum of 0.50% zero probability fragments
[2022-01-30 20:06:50.541] [jointLog] [info] Thread saw mini-batch with a maximum of 0.54% zero probability fragments
[2022-01-30 20:06:50.541] [jointLog] [info] Thread saw mini-batch with a maximum of 0.48% zero probability fragments
[2022-01-30 20:06:50.541] [jointLog] [info] Thread saw mini-batch with a maximum of 0.56% zero probability fragments
[2022-01-30 20:06:50.541] [jointLog] [info] Thread saw mini-batch with a maximum of 0.50% zero probability fragments
[2022-01-30 20:06:50.541] [jointLog] [info] Thread saw mini-batch with a maximum of 0.52% zero probability fragments
[2022-01-30 20:06:50.541] [jointLog] [info] Thread saw mini-batch with a maximum of 0.52% zero probability fragments
[2022-01-30 20:06:50.541] [jointLog] [info] Thread saw mini-batch with a maximum of 0.52% zero probability fragments
[2022-01-30 20:06:50.541] [jointLog] [info] Thread saw mini-batch with a maximum of 0.52% zero probability fragments
[2022-01-30 20:06:50.541] [jointLog] [info] Thread saw mini-batch with a maximum of 0.50% zero probability fragments
[2022-01-30 20:06:50.541] [jointLog] [info] Thread saw mini-batch with a maximum of 0.56% zero probability fragments
[2022-01-30 20:06:50.541] [jointLog] [info] Thread saw mini-batch with a maximum of 0.52% zero probability fragments
[2022-01-30 20:06:50.541] [jointLog] [info] Thread saw mini-batch with a maximum of 0.48% zero probability fragments
[2022-01-30 20:06:50.541] [jointLog] [info] Thread saw mini-batch with a maximum of 0.46% zero probability fragments
[2022-01-30 20:06:50.551] [jointLog] [info] Thread saw mini-batch with a maximum of 0.54% zero probability fragments
[2022-01-30 20:06:50.566] [jointLog] [info] Thread saw mini-batch with a maximum of 0.54% zero probability fragments
[2022-01-30 20:06:50.592] [jointLog] [info] Thread saw mini-batch with a maximum of 0.48% zero probability fragments
[2022-01-30 20:06:50.592] [jointLog] [info] Thread saw mini-batch with a maximum of 0.48% zero probability fragments
[2022-01-30 20:06:50.601] [jointLog] [info] Thread saw mini-batch with a maximum of 0.48% zero probability fragments
[2022-01-30 20:06:50.618] [jointLog] [info] Thread saw mini-batch with a maximum of 0.52% zero probability fragments
[2022-01-30 20:06:50.837] [fileLog] [info] 
At end of round 0
==================
Observed 25022755 total fragments (25022755 in most recent round)

[2022-01-30 20:06:50.836] [jointLog] [info] Computed 47,841 rich equivalence classes for further processing
[2022-01-30 20:06:50.836] [jointLog] [info] Counted 24,003,433 total reads in the equivalence classes 
[2022-01-30 20:06:50.860] [jointLog] [warning] 0.000171844% of fragments were shorter than the k used to build the index.
If this fraction is too large, consider re-building the index with a smaller k.
The minimum read size found was 30.


[2022-01-30 20:06:50.860] [jointLog] [info] Number of mappings discarded because of alignment score : 3,605,721
[2022-01-30 20:06:50.860] [jointLog] [info] Number of fragments entirely discarded because of alignment score : 493,362
[2022-01-30 20:06:50.860] [jointLog] [info] Number of fragments discarded because they are best-mapped to decoys : 0
[2022-01-30 20:06:50.860] [jointLog] [info] Number of fragments discarded because they have only dovetail (discordant) mappings to valid targets : 4,843,402
[2022-01-30 20:06:50.860] [jointLog] [info] Mapping rate = 95.9264%

[2022-01-30 20:06:50.860] [jointLog] [info] finished quantifyLibrary()
[2022-01-30 20:06:50.862] [jointLog] [info] Starting optimizer
[2022-01-30 20:06:50.898] [jointLog] [info] Marked 0 weighted equivalence classes as degenerate
[2022-01-30 20:06:50.902] [jointLog] [info] iteration = 0 | max rel diff. = 26150.8
[2022-01-30 20:06:51.174] [jointLog] [info] iteration = 100 | max rel diff. = 4.03175
[2022-01-30 20:06:51.423] [jointLog] [info] iteration = 200 | max rel diff. = 9.88911
[2022-01-30 20:06:51.673] [jointLog] [info] iteration = 300 | max rel diff. = 2.33247
[2022-01-30 20:06:51.922] [jointLog] [info] iteration = 400 | max rel diff. = 0.167646
[2022-01-30 20:06:52.170] [jointLog] [info] iteration = 500 | max rel diff. = 0.505335
[2022-01-30 20:06:52.419] [jointLog] [info] iteration = 600 | max rel diff. = 0.0409621
[2022-01-30 20:06:52.667] [jointLog] [info] iteration = 700 | max rel diff. = 0.0496651
[2022-01-30 20:06:52.917] [jointLog] [info] iteration = 800 | max rel diff. = 0.0634558
[2022-01-30 20:06:53.166] [jointLog] [info] iteration = 900 | max rel diff. = 0.131119
[2022-01-30 20:06:53.416] [jointLog] [info] iteration = 1,000 | max rel diff. = 0.0244284
[2022-01-30 20:06:53.516] [jointLog] [info] iteration = 1,041 | max rel diff. = 0.00337724
[2022-01-30 20:06:53.521] [jointLog] [info] Finished optimizer
[2022-01-30 20:06:53.521] [jointLog] [info] writing output 

