[2022-01-30 20:08:59.952] [jointLog] [info] setting maxHashResizeThreads to 40
[2022-01-30 20:08:59.952] [jointLog] [info] Fragment incompatibility prior below threshold.  Incompatible fragments will be ignored.
[2022-01-30 20:08:59.952] [jointLog] [info] Usage of --validateMappings implies use of minScoreFraction. Since not explicitly specified, it is being set to 0.65
[2022-01-30 20:08:59.952] [jointLog] [info] Setting consensusSlack to selective-alignment default of 0.35.
[2022-01-30 20:08:59.952] [jointLog] [info] parsing read library format
[2022-01-30 20:08:59.952] [jointLog] [info] There is 1 library.
[2022-01-30 20:08:59.953] [jointLog] [info] Loading pufferfish index
[2022-01-30 20:08:59.953] [jointLog] [info] Loading dense pufferfish index.
[2022-01-30 20:09:00.262] [jointLog] [info] done
[2022-01-30 20:09:00.311] [jointLog] [info] Index contained 40,812 targets
[2022-01-30 20:09:00.322] [jointLog] [info] Number of decoys : 0
[2022-01-30 20:09:00.941] [jointLog] [info] Automatically detected most likely library type as ISR

[2022-01-30 20:11:19.135] [jointLog] [info] Thread saw mini-batch with a maximum of 0.58% zero probability fragments
[2022-01-30 20:11:19.135] [jointLog] [info] Thread saw mini-batch with a maximum of 0.58% zero probability fragments
[2022-01-30 20:11:19.135] [jointLog] [info] Thread saw mini-batch with a maximum of 0.58% zero probability fragments
[2022-01-30 20:11:19.135] [jointLog] [info] Thread saw mini-batch with a maximum of 0.62% zero probability fragments
[2022-01-30 20:11:19.135] [jointLog] [info] Thread saw mini-batch with a maximum of 0.66% zero probability fragments
[2022-01-30 20:11:19.135] [jointLog] [info] Thread saw mini-batch with a maximum of 0.56% zero probability fragments
[2022-01-30 20:11:19.135] [jointLog] [info] Thread saw mini-batch with a maximum of 0.64% zero probability fragments
[2022-01-30 20:11:19.135] [jointLog] [info] Thread saw mini-batch with a maximum of 0.60% zero probability fragments
[2022-01-30 20:11:19.135] [jointLog] [info] Thread saw mini-batch with a maximum of 0.54% zero probability fragments
[2022-01-30 20:11:19.135] [jointLog] [info] Thread saw mini-batch with a maximum of 0.60% zero probability fragments
[2022-01-30 20:11:19.135] [jointLog] [info] Thread saw mini-batch with a maximum of 0.62% zero probability fragments
[2022-01-30 20:11:19.135] [jointLog] [info] Thread saw mini-batch with a maximum of 0.56% zero probability fragments
[2022-01-30 20:11:19.135] [jointLog] [info] Thread saw mini-batch with a maximum of 0.68% zero probability fragments
[2022-01-30 20:11:19.135] [jointLog] [info] Thread saw mini-batch with a maximum of 0.64% zero probability fragments
[2022-01-30 20:11:19.135] [jointLog] [info] Thread saw mini-batch with a maximum of 0.62% zero probability fragments
[2022-01-30 20:11:19.135] [jointLog] [info] Thread saw mini-batch with a maximum of 0.64% zero probability fragments
[2022-01-30 20:11:19.136] [jointLog] [info] Thread saw mini-batch with a maximum of 0.62% zero probability fragments
[2022-01-30 20:11:19.136] [jointLog] [info] Thread saw mini-batch with a maximum of 0.70% zero probability fragments
[2022-01-30 20:11:19.136] [jointLog] [info] Thread saw mini-batch with a maximum of 0.60% zero probability fragments
[2022-01-30 20:11:19.136] [jointLog] [info] Thread saw mini-batch with a maximum of 0.58% zero probability fragments
[2022-01-30 20:11:19.136] [jointLog] [info] Thread saw mini-batch with a maximum of 0.64% zero probability fragments
[2022-01-30 20:11:19.136] [jointLog] [info] Thread saw mini-batch with a maximum of 0.62% zero probability fragments
[2022-01-30 20:11:19.136] [jointLog] [info] Thread saw mini-batch with a maximum of 0.62% zero probability fragments
[2022-01-30 20:11:19.136] [jointLog] [info] Thread saw mini-batch with a maximum of 0.60% zero probability fragments
[2022-01-30 20:11:19.136] [jointLog] [info] Thread saw mini-batch with a maximum of 0.62% zero probability fragments
[2022-01-30 20:11:19.136] [jointLog] [info] Thread saw mini-batch with a maximum of 0.56% zero probability fragments
[2022-01-30 20:11:19.136] [jointLog] [info] Thread saw mini-batch with a maximum of 0.66% zero probability fragments
[2022-01-30 20:11:19.136] [jointLog] [info] Thread saw mini-batch with a maximum of 0.62% zero probability fragments
[2022-01-30 20:11:19.136] [jointLog] [info] Thread saw mini-batch with a maximum of 0.78% zero probability fragments
[2022-01-30 20:11:19.136] [jointLog] [info] Thread saw mini-batch with a maximum of 0.60% zero probability fragments
[2022-01-30 20:11:19.136] [jointLog] [info] Thread saw mini-batch with a maximum of 0.58% zero probability fragments
[2022-01-30 20:11:19.136] [jointLog] [info] Thread saw mini-batch with a maximum of 0.68% zero probability fragments
[2022-01-30 20:11:19.136] [jointLog] [info] Thread saw mini-batch with a maximum of 0.56% zero probability fragments
[2022-01-30 20:11:19.137] [jointLog] [info] Thread saw mini-batch with a maximum of 0.64% zero probability fragments
[2022-01-30 20:11:19.141] [jointLog] [info] Thread saw mini-batch with a maximum of 0.58% zero probability fragments
[2022-01-30 20:11:19.152] [jointLog] [info] Thread saw mini-batch with a maximum of 0.64% zero probability fragments
[2022-01-30 20:11:19.169] [jointLog] [info] Thread saw mini-batch with a maximum of 0.54% zero probability fragments
[2022-01-30 20:11:19.192] [jointLog] [info] Thread saw mini-batch with a maximum of 0.60% zero probability fragments
[2022-01-30 20:11:19.201] [jointLog] [info] Thread saw mini-batch with a maximum of 0.70% zero probability fragments
[2022-01-30 20:11:19.209] [jointLog] [info] Thread saw mini-batch with a maximum of 0.60% zero probability fragments
[2022-01-30 20:11:19.443] [jointLog] [info] Computed 51,884 rich equivalence classes for further processing
[2022-01-30 20:11:19.443] [jointLog] [info] Counted 37,298,177 total reads in the equivalence classes 
[2022-01-30 20:11:19.465] [jointLog] [warning] 0.00019864% of fragments were shorter than the k used to build the index.
If this fraction is too large, consider re-building the index with a smaller k.
The minimum read size found was 30.


[2022-01-30 20:11:19.465] [jointLog] [info] Number of mappings discarded because of alignment score : 6,434,757
[2022-01-30 20:11:19.465] [jointLog] [info] Number of fragments entirely discarded because of alignment score : 706,647
[2022-01-30 20:11:19.465] [jointLog] [info] Number of fragments discarded because they are best-mapped to decoys : 0
[2022-01-30 20:11:19.465] [jointLog] [info] Number of fragments discarded because they have only dovetail (discordant) mappings to valid targets : 10,718,276
[2022-01-30 20:11:19.465] [jointLog] [info] Mapping rate = 96.2195%

[2022-01-30 20:11:19.465] [jointLog] [info] finished quantifyLibrary()
[2022-01-30 20:11:19.467] [jointLog] [info] Starting optimizer
[2022-01-30 20:11:19.503] [jointLog] [info] Marked 0 weighted equivalence classes as degenerate
[2022-01-30 20:11:19.511] [jointLog] [info] iteration = 0 | max rel diff. = 23239.4
[2022-01-30 20:11:19.444] [fileLog] [info] 
At end of round 0
==================
Observed 38763654 total fragments (38763654 in most recent round)

[2022-01-30 20:11:19.783] [jointLog] [info] iteration = 100 | max rel diff. = 10.457
[2022-01-30 20:11:20.036] [jointLog] [info] iteration = 200 | max rel diff. = 0.524823
[2022-01-30 20:11:20.290] [jointLog] [info] iteration = 300 | max rel diff. = 15.5032
[2022-01-30 20:11:20.542] [jointLog] [info] iteration = 400 | max rel diff. = 2.54079
[2022-01-30 20:11:20.794] [jointLog] [info] iteration = 500 | max rel diff. = 0.0492202
[2022-01-30 20:11:21.046] [jointLog] [info] iteration = 600 | max rel diff. = 0.812535
[2022-01-30 20:11:21.300] [jointLog] [info] iteration = 700 | max rel diff. = 0.609594
[2022-01-30 20:11:21.308] [jointLog] [info] iteration = 704 | max rel diff. = 0.00786373
[2022-01-30 20:11:21.314] [jointLog] [info] Finished optimizer
[2022-01-30 20:11:21.314] [jointLog] [info] writing output 

