[2022-01-30 21:07:00.411] [jointLog] [info] setting maxHashResizeThreads to 40
[2022-01-30 21:07:00.411] [jointLog] [info] Fragment incompatibility prior below threshold.  Incompatible fragments will be ignored.
[2022-01-30 21:07:00.411] [jointLog] [info] Usage of --validateMappings implies use of minScoreFraction. Since not explicitly specified, it is being set to 0.65
[2022-01-30 21:07:00.411] [jointLog] [info] Setting consensusSlack to selective-alignment default of 0.35.
[2022-01-30 21:07:00.411] [jointLog] [info] parsing read library format
[2022-01-30 21:07:00.411] [jointLog] [info] There is 1 library.
[2022-01-30 21:07:00.412] [jointLog] [info] Loading pufferfish index
[2022-01-30 21:07:00.412] [jointLog] [info] Loading dense pufferfish index.
[2022-01-30 21:07:00.725] [jointLog] [info] done
[2022-01-30 21:07:00.773] [jointLog] [info] Index contained 40,812 targets
[2022-01-30 21:07:00.784] [jointLog] [info] Number of decoys : 0
[2022-01-30 21:07:01.391] [jointLog] [info] Automatically detected most likely library type as ISR

[2022-01-30 21:08:37.770] [jointLog] [info] Thread saw mini-batch with a maximum of 0.50% zero probability fragments
[2022-01-30 21:08:37.770] [jointLog] [info] Thread saw mini-batch with a maximum of 0.54% zero probability fragments
[2022-01-30 21:08:37.770] [jointLog] [info] Thread saw mini-batch with a maximum of 0.46% zero probability fragments
[2022-01-30 21:08:37.770] [jointLog] [info] Thread saw mini-batch with a maximum of 0.48% zero probability fragments
[2022-01-30 21:08:37.770] [jointLog] [info] Thread saw mini-batch with a maximum of 0.54% zero probability fragments
[2022-01-30 21:08:37.770] [jointLog] [info] Thread saw mini-batch with a maximum of 0.50% zero probability fragments
[2022-01-30 21:08:37.770] [jointLog] [info] Thread saw mini-batch with a maximum of 0.46% zero probability fragments
[2022-01-30 21:08:37.770] [jointLog] [info] Thread saw mini-batch with a maximum of 0.48% zero probability fragments
[2022-01-30 21:08:37.770] [jointLog] [info] Thread saw mini-batch with a maximum of 0.52% zero probability fragments
[2022-01-30 21:08:37.770] [jointLog] [info] Thread saw mini-batch with a maximum of 0.46% zero probability fragments
[2022-01-30 21:08:37.770] [jointLog] [info] Thread saw mini-batch with a maximum of 0.50% zero probability fragments
[2022-01-30 21:08:37.770] [jointLog] [info] Thread saw mini-batch with a maximum of 0.48% zero probability fragments
[2022-01-30 21:08:37.770] [jointLog] [info] Thread saw mini-batch with a maximum of 0.54% zero probability fragments
[2022-01-30 21:08:37.770] [jointLog] [info] Thread saw mini-batch with a maximum of 0.58% zero probability fragments
[2022-01-30 21:08:37.770] [jointLog] [info] Thread saw mini-batch with a maximum of 0.52% zero probability fragments
[2022-01-30 21:08:37.770] [jointLog] [info] Thread saw mini-batch with a maximum of 0.46% zero probability fragments
[2022-01-30 21:08:37.770] [jointLog] [info] Thread saw mini-batch with a maximum of 0.48% zero probability fragments
[2022-01-30 21:08:37.770] [jointLog] [info] Thread saw mini-batch with a maximum of 0.46% zero probability fragments
[2022-01-30 21:08:37.770] [jointLog] [info] Thread saw mini-batch with a maximum of 0.56% zero probability fragments
[2022-01-30 21:08:37.770] [jointLog] [info] Thread saw mini-batch with a maximum of 0.54% zero probability fragments
[2022-01-30 21:08:37.770] [jointLog] [info] Thread saw mini-batch with a maximum of 0.48% zero probability fragments
[2022-01-30 21:08:37.770] [jointLog] [info] Thread saw mini-batch with a maximum of 0.50% zero probability fragments
[2022-01-30 21:08:37.770] [jointLog] [info] Thread saw mini-batch with a maximum of 0.46% zero probability fragments
[2022-01-30 21:08:37.770] [jointLog] [info] Thread saw mini-batch with a maximum of 0.48% zero probability fragments
[2022-01-30 21:08:37.770] [jointLog] [info] Thread saw mini-batch with a maximum of 0.52% zero probability fragments
[2022-01-30 21:08:37.770] [jointLog] [info] Thread saw mini-batch with a maximum of 0.48% zero probability fragments
[2022-01-30 21:08:37.770] [jointLog] [info] Thread saw mini-batch with a maximum of 0.54% zero probability fragments
[2022-01-30 21:08:37.770] [jointLog] [info] Thread saw mini-batch with a maximum of 0.52% zero probability fragments
[2022-01-30 21:08:37.771] [jointLog] [info] Thread saw mini-batch with a maximum of 0.54% zero probability fragments
[2022-01-30 21:08:37.771] [jointLog] [info] Thread saw mini-batch with a maximum of 0.50% zero probability fragments
[2022-01-30 21:08:37.771] [jointLog] [info] Thread saw mini-batch with a maximum of 0.48% zero probability fragments
[2022-01-30 21:08:37.771] [jointLog] [info] Thread saw mini-batch with a maximum of 0.44% zero probability fragments
[2022-01-30 21:08:37.771] [jointLog] [info] Thread saw mini-batch with a maximum of 0.56% zero probability fragments
[2022-01-30 21:08:37.771] [jointLog] [info] Thread saw mini-batch with a maximum of 0.48% zero probability fragments
[2022-01-30 21:08:37.771] [jointLog] [info] Thread saw mini-batch with a maximum of 0.48% zero probability fragments
[2022-01-30 21:08:37.794] [jointLog] [info] Thread saw mini-batch with a maximum of 0.50% zero probability fragments
[2022-01-30 21:08:37.808] [jointLog] [info] Thread saw mini-batch with a maximum of 0.52% zero probability fragments
[2022-01-30 21:08:37.825] [jointLog] [info] Thread saw mini-batch with a maximum of 0.42% zero probability fragments
[2022-01-30 21:08:37.841] [jointLog] [info] Thread saw mini-batch with a maximum of 0.46% zero probability fragments
[2022-01-30 21:08:37.849] [jointLog] [info] Thread saw mini-batch with a maximum of 0.44% zero probability fragments
[2022-01-30 21:08:38.068] [jointLog] [info] Computed 49,192 rich equivalence classes for further processing
[2022-01-30 21:08:38.068] [jointLog] [info] Counted 25,738,587 total reads in the equivalence classes 
[2022-01-30 21:08:38.091] [jointLog] [warning] 0.000358014% of fragments were shorter than the k used to build the index.
If this fraction is too large, consider re-building the index with a smaller k.
The minimum read size found was 30.


[2022-01-30 21:08:38.091] [jointLog] [info] Number of mappings discarded because of alignment score : 4,615,340
[2022-01-30 21:08:38.091] [jointLog] [info] Number of fragments entirely discarded because of alignment score : 505,473
[2022-01-30 21:08:38.091] [jointLog] [info] Number of fragments discarded because they are best-mapped to decoys : 0
[2022-01-30 21:08:38.091] [jointLog] [info] Number of fragments discarded because they have only dovetail (discordant) mappings to valid targets : 5,701,253
[2022-01-30 21:08:38.091] [jointLog] [info] Mapping rate = 95.9871%

[2022-01-30 21:08:38.091] [jointLog] [info] finished quantifyLibrary()
[2022-01-30 21:08:38.094] [jointLog] [info] Starting optimizer
[2022-01-30 21:08:38.069] [fileLog] [info] 
At end of round 0
==================
Observed 26814623 total fragments (26814623 in most recent round)

[2022-01-30 21:08:38.133] [jointLog] [info] Marked 0 weighted equivalence classes as degenerate
[2022-01-30 21:08:38.139] [jointLog] [info] iteration = 0 | max rel diff. = 30268.3
[2022-01-30 21:08:38.438] [jointLog] [info] iteration = 100 | max rel diff. = 3.40877
[2022-01-30 21:08:38.688] [jointLog] [info] iteration = 200 | max rel diff. = 0.33616
[2022-01-30 21:08:38.938] [jointLog] [info] iteration = 300 | max rel diff. = 0.103315
[2022-01-30 21:08:39.188] [jointLog] [info] iteration = 400 | max rel diff. = 0.36752
[2022-01-30 21:08:39.438] [jointLog] [info] iteration = 500 | max rel diff. = 0.0623654
[2022-01-30 21:08:39.671] [jointLog] [info] iteration = 594 | max rel diff. = 0.0066042
[2022-01-30 21:08:39.675] [jointLog] [info] Finished optimizer
[2022-01-30 21:08:39.675] [jointLog] [info] writing output 

