[2022-01-30 22:17:20.029] [jointLog] [info] setting maxHashResizeThreads to 40
[2022-01-30 22:17:20.029] [jointLog] [info] Fragment incompatibility prior below threshold.  Incompatible fragments will be ignored.
[2022-01-30 22:17:20.029] [jointLog] [info] Usage of --validateMappings implies use of minScoreFraction. Since not explicitly specified, it is being set to 0.65
[2022-01-30 22:17:20.029] [jointLog] [info] Setting consensusSlack to selective-alignment default of 0.35.
[2022-01-30 22:17:20.029] [jointLog] [info] parsing read library format
[2022-01-30 22:17:20.029] [jointLog] [info] There is 1 library.
[2022-01-30 22:17:20.030] [jointLog] [info] Loading pufferfish index
[2022-01-30 22:17:20.031] [jointLog] [info] Loading dense pufferfish index.
[2022-01-30 22:17:20.351] [jointLog] [info] done
[2022-01-30 22:17:20.400] [jointLog] [info] Index contained 40,812 targets
[2022-01-30 22:17:20.410] [jointLog] [info] Number of decoys : 0
[2022-01-30 22:17:20.974] [jointLog] [info] Automatically detected most likely library type as ISR

[2022-01-30 22:19:28.827] [jointLog] [info] Thread saw mini-batch with a maximum of 0.48% zero probability fragments
[2022-01-30 22:19:28.827] [jointLog] [info] Thread saw mini-batch with a maximum of 0.48% zero probability fragments
[2022-01-30 22:19:28.827] [jointLog] [info] Thread saw mini-batch with a maximum of 0.46% zero probability fragments
[2022-01-30 22:19:28.827] [jointLog] [info] Thread saw mini-batch with a maximum of 0.52% zero probability fragments
[2022-01-30 22:19:28.827] [jointLog] [info] Thread saw mini-batch with a maximum of 0.50% zero probability fragments
[2022-01-30 22:19:28.827] [jointLog] [info] Thread saw mini-batch with a maximum of 0.50% zero probability fragments
[2022-01-30 22:19:28.827] [jointLog] [info] Thread saw mini-batch with a maximum of 0.50% zero probability fragments
[2022-01-30 22:19:28.827] [jointLog] [info] Thread saw mini-batch with a maximum of 0.44% zero probability fragments
[2022-01-30 22:19:28.827] [jointLog] [info] Thread saw mini-batch with a maximum of 0.50% zero probability fragments
[2022-01-30 22:19:28.827] [jointLog] [info] Thread saw mini-batch with a maximum of 0.46% zero probability fragments
[2022-01-30 22:19:28.827] [jointLog] [info] Thread saw mini-batch with a maximum of 0.48% zero probability fragments
[2022-01-30 22:19:28.827] [jointLog] [info] Thread saw mini-batch with a maximum of 0.48% zero probability fragments
[2022-01-30 22:19:28.827] [jointLog] [info] Thread saw mini-batch with a maximum of 0.48% zero probability fragments
[2022-01-30 22:19:28.827] [jointLog] [info] Thread saw mini-batch with a maximum of 0.52% zero probability fragments
[2022-01-30 22:19:28.827] [jointLog] [info] Thread saw mini-batch with a maximum of 0.46% zero probability fragments
[2022-01-30 22:19:28.827] [jointLog] [info] Thread saw mini-batch with a maximum of 0.46% zero probability fragments
[2022-01-30 22:19:28.827] [jointLog] [info] Thread saw mini-batch with a maximum of 0.50% zero probability fragments
[2022-01-30 22:19:28.827] [jointLog] [info] Thread saw mini-batch with a maximum of 0.46% zero probability fragments
[2022-01-30 22:19:28.827] [jointLog] [info] Thread saw mini-batch with a maximum of 0.54% zero probability fragments
[2022-01-30 22:19:28.827] [jointLog] [info] Thread saw mini-batch with a maximum of 0.56% zero probability fragments
[2022-01-30 22:19:28.827] [jointLog] [info] Thread saw mini-batch with a maximum of 0.50% zero probability fragments
[2022-01-30 22:19:28.828] [jointLog] [info] Thread saw mini-batch with a maximum of 0.46% zero probability fragments
[2022-01-30 22:19:28.828] [jointLog] [info] Thread saw mini-batch with a maximum of 0.46% zero probability fragments
[2022-01-30 22:19:28.828] [jointLog] [info] Thread saw mini-batch with a maximum of 0.54% zero probability fragments
[2022-01-30 22:19:28.828] [jointLog] [info] Thread saw mini-batch with a maximum of 0.48% zero probability fragments
[2022-01-30 22:19:28.828] [jointLog] [info] Thread saw mini-batch with a maximum of 0.46% zero probability fragments
[2022-01-30 22:19:28.828] [jointLog] [info] Thread saw mini-batch with a maximum of 0.58% zero probability fragments
[2022-01-30 22:19:28.828] [jointLog] [info] Thread saw mini-batch with a maximum of 0.50% zero probability fragments
[2022-01-30 22:19:28.828] [jointLog] [info] Thread saw mini-batch with a maximum of 0.50% zero probability fragments
[2022-01-30 22:19:28.828] [jointLog] [info] Thread saw mini-batch with a maximum of 0.50% zero probability fragments
[2022-01-30 22:19:28.828] [jointLog] [info] Thread saw mini-batch with a maximum of 0.54% zero probability fragments
[2022-01-30 22:19:28.828] [jointLog] [info] Thread saw mini-batch with a maximum of 0.50% zero probability fragments
[2022-01-30 22:19:28.841] [jointLog] [info] Thread saw mini-batch with a maximum of 0.48% zero probability fragments
[2022-01-30 22:19:28.842] [jointLog] [info] Thread saw mini-batch with a maximum of 0.54% zero probability fragments
[2022-01-30 22:19:28.851] [jointLog] [info] Thread saw mini-batch with a maximum of 0.46% zero probability fragments
[2022-01-30 22:19:28.862] [jointLog] [info] Thread saw mini-batch with a maximum of 0.54% zero probability fragments
[2022-01-30 22:19:28.870] [jointLog] [info] Thread saw mini-batch with a maximum of 0.46% zero probability fragments
[2022-01-30 22:19:28.889] [jointLog] [info] Thread saw mini-batch with a maximum of 0.54% zero probability fragments
[2022-01-30 22:19:28.907] [jointLog] [info] Thread saw mini-batch with a maximum of 0.50% zero probability fragments
[2022-01-30 22:19:28.967] [jointLog] [info] Thread saw mini-batch with a maximum of 0.54% zero probability fragments
[2022-01-30 22:19:29.210] [jointLog] [info] Computed 51,621 rich equivalence classes for further processing
[2022-01-30 22:19:29.210] [jointLog] [info] Counted 34,800,646 total reads in the equivalence classes 
[2022-01-30 22:19:29.211] [fileLog] [info] 
At end of round 0
==================
Observed 35951163 total fragments (35951163 in most recent round)

[2022-01-30 22:19:29.232] [jointLog] [warning] 0.000258684% of fragments were shorter than the k used to build the index.
If this fraction is too large, consider re-building the index with a smaller k.
The minimum read size found was 30.


[2022-01-30 22:19:29.232] [jointLog] [info] Number of mappings discarded because of alignment score : 6,433,571
[2022-01-30 22:19:29.232] [jointLog] [info] Number of fragments entirely discarded because of alignment score : 613,242
[2022-01-30 22:19:29.232] [jointLog] [info] Number of fragments discarded because they are best-mapped to decoys : 0
[2022-01-30 22:19:29.232] [jointLog] [info] Number of fragments discarded because they have only dovetail (discordant) mappings to valid targets : 10,084,211
[2022-01-30 22:19:29.232] [jointLog] [info] Mapping rate = 96.7998%

[2022-01-30 22:19:29.232] [jointLog] [info] finished quantifyLibrary()
[2022-01-30 22:19:29.235] [jointLog] [info] Starting optimizer
[2022-01-30 22:19:29.272] [jointLog] [info] Marked 0 weighted equivalence classes as degenerate
[2022-01-30 22:19:29.278] [jointLog] [info] iteration = 0 | max rel diff. = 25383.8
[2022-01-30 22:19:29.561] [jointLog] [info] iteration = 100 | max rel diff. = 3.79483
[2022-01-30 22:19:29.825] [jointLog] [info] iteration = 200 | max rel diff. = 0.87947
[2022-01-30 22:19:30.088] [jointLog] [info] iteration = 300 | max rel diff. = 0.12654
[2022-01-30 22:19:30.352] [jointLog] [info] iteration = 400 | max rel diff. = 0.0882689
[2022-01-30 22:19:30.615] [jointLog] [info] iteration = 500 | max rel diff. = 0.455422
[2022-01-30 22:19:30.879] [jointLog] [info] iteration = 600 | max rel diff. = 0.275226
[2022-01-30 22:19:31.133] [jointLog] [info] iteration = 700 | max rel diff. = 0.194425
[2022-01-30 22:19:31.293] [jointLog] [info] iteration = 764 | max rel diff. = 0.00461846
[2022-01-30 22:19:31.299] [jointLog] [info] Finished optimizer
[2022-01-30 22:19:31.299] [jointLog] [info] writing output 

