[2022-01-30 19:28:30.721] [jointLog] [info] setting maxHashResizeThreads to 40
[2022-01-30 19:28:30.721] [jointLog] [info] Fragment incompatibility prior below threshold.  Incompatible fragments will be ignored.
[2022-01-30 19:28:30.721] [jointLog] [info] Usage of --validateMappings implies use of minScoreFraction. Since not explicitly specified, it is being set to 0.65
[2022-01-30 19:28:30.721] [jointLog] [info] Setting consensusSlack to selective-alignment default of 0.35.
[2022-01-30 19:28:30.721] [jointLog] [info] parsing read library format
[2022-01-30 19:28:30.721] [jointLog] [info] There is 1 library.
[2022-01-30 19:28:30.722] [jointLog] [info] Loading pufferfish index
[2022-01-30 19:28:30.723] [jointLog] [info] Loading dense pufferfish index.
[2022-01-30 19:28:31.035] [jointLog] [info] done
[2022-01-30 19:28:31.085] [jointLog] [info] Index contained 40,812 targets
[2022-01-30 19:28:31.096] [jointLog] [info] Number of decoys : 0
[2022-01-30 19:28:31.635] [jointLog] [info] Automatically detected most likely library type as ISR

[2022-01-30 19:31:08.668] [jointLog] [info] Thread saw mini-batch with a maximum of 0.52% zero probability fragments
[2022-01-30 19:31:08.668] [jointLog] [info] Thread saw mini-batch with a maximum of 0.62% zero probability fragments
[2022-01-30 19:31:08.668] [jointLog] [info] Thread saw mini-batch with a maximum of 0.54% zero probability fragments
[2022-01-30 19:31:08.668] [jointLog] [info] Thread saw mini-batch with a maximum of 0.58% zero probability fragments
[2022-01-30 19:31:08.668] [jointLog] [info] Thread saw mini-batch with a maximum of 0.56% zero probability fragments
[2022-01-30 19:31:08.668] [jointLog] [info] Thread saw mini-batch with a maximum of 0.52% zero probability fragments
[2022-01-30 19:31:08.668] [jointLog] [info] Thread saw mini-batch with a maximum of 0.56% zero probability fragments
[2022-01-30 19:31:08.668] [jointLog] [info] Thread saw mini-batch with a maximum of 0.54% zero probability fragments
[2022-01-30 19:31:08.668] [jointLog] [info] Thread saw mini-batch with a maximum of 0.64% zero probability fragments
[2022-01-30 19:31:08.668] [jointLog] [info] Thread saw mini-batch with a maximum of 0.56% zero probability fragments
[2022-01-30 19:31:08.668] [jointLog] [info] Thread saw mini-batch with a maximum of 0.50% zero probability fragments
[2022-01-30 19:31:08.668] [jointLog] [info] Thread saw mini-batch with a maximum of 0.66% zero probability fragments
[2022-01-30 19:31:08.668] [jointLog] [info] Thread saw mini-batch with a maximum of 0.48% zero probability fragments
[2022-01-30 19:31:08.668] [jointLog] [info] Thread saw mini-batch with a maximum of 0.54% zero probability fragments
[2022-01-30 19:31:08.668] [jointLog] [info] Thread saw mini-batch with a maximum of 0.68% zero probability fragments
[2022-01-30 19:31:08.668] [jointLog] [info] Thread saw mini-batch with a maximum of 0.56% zero probability fragments
[2022-01-30 19:31:08.668] [jointLog] [info] Thread saw mini-batch with a maximum of 0.54% zero probability fragments
[2022-01-30 19:31:08.668] [jointLog] [info] Thread saw mini-batch with a maximum of 0.62% zero probability fragments
[2022-01-30 19:31:08.668] [jointLog] [info] Thread saw mini-batch with a maximum of 0.56% zero probability fragments
[2022-01-30 19:31:08.668] [jointLog] [info] Thread saw mini-batch with a maximum of 0.58% zero probability fragments
[2022-01-30 19:31:08.668] [jointLog] [info] Thread saw mini-batch with a maximum of 0.48% zero probability fragments
[2022-01-30 19:31:08.668] [jointLog] [info] Thread saw mini-batch with a maximum of 0.58% zero probability fragments
[2022-01-30 19:31:08.668] [jointLog] [info] Thread saw mini-batch with a maximum of 0.62% zero probability fragments
[2022-01-30 19:31:08.668] [jointLog] [info] Thread saw mini-batch with a maximum of 0.52% zero probability fragments
[2022-01-30 19:31:08.668] [jointLog] [info] Thread saw mini-batch with a maximum of 0.62% zero probability fragments
[2022-01-30 19:31:08.668] [jointLog] [info] Thread saw mini-batch with a maximum of 0.58% zero probability fragments
[2022-01-30 19:31:08.669] [jointLog] [info] Thread saw mini-batch with a maximum of 0.54% zero probability fragments
[2022-01-30 19:31:08.669] [jointLog] [info] Thread saw mini-batch with a maximum of 0.58% zero probability fragments
[2022-01-30 19:31:08.669] [jointLog] [info] Thread saw mini-batch with a maximum of 0.56% zero probability fragments
[2022-01-30 19:31:08.669] [jointLog] [info] Thread saw mini-batch with a maximum of 0.50% zero probability fragments
[2022-01-30 19:31:08.669] [jointLog] [info] Thread saw mini-batch with a maximum of 0.52% zero probability fragments
[2022-01-30 19:31:08.669] [jointLog] [info] Thread saw mini-batch with a maximum of 0.56% zero probability fragments
[2022-01-30 19:31:08.669] [jointLog] [info] Thread saw mini-batch with a maximum of 0.58% zero probability fragments
[2022-01-30 19:31:08.668] [jointLog] [info] Thread saw mini-batch with a maximum of 0.56% zero probability fragments
[2022-01-30 19:31:08.689] [jointLog] [info] Thread saw mini-batch with a maximum of 0.52% zero probability fragments
[2022-01-30 19:31:08.699] [jointLog] [info] Thread saw mini-batch with a maximum of 0.58% zero probability fragments
[2022-01-30 19:31:08.707] [jointLog] [info] Thread saw mini-batch with a maximum of 0.56% zero probability fragments
[2022-01-30 19:31:08.719] [jointLog] [info] Thread saw mini-batch with a maximum of 0.56% zero probability fragments
[2022-01-30 19:31:08.733] [jointLog] [info] Thread saw mini-batch with a maximum of 0.56% zero probability fragments
[2022-01-30 19:31:08.749] [jointLog] [info] Thread saw mini-batch with a maximum of 0.62% zero probability fragments
[2022-01-30 19:31:08.969] [jointLog] [info] Computed 52,370 rich equivalence classes for further processing
[2022-01-30 19:31:08.969] [jointLog] [info] Counted 42,063,963 total reads in the equivalence classes 
[2022-01-30 19:31:08.992] [jointLog] [warning] 0.000243892% of fragments were shorter than the k used to build the index.
If this fraction is too large, consider re-building the index with a smaller k.
The minimum read size found was 30.


[2022-01-30 19:31:08.992] [jointLog] [info] Number of mappings discarded because of alignment score : 6,240,041
[2022-01-30 19:31:08.992] [jointLog] [info] Number of fragments entirely discarded because of alignment score : 847,375
[2022-01-30 19:31:08.992] [jointLog] [info] Number of fragments discarded because they are best-mapped to decoys : 0
[2022-01-30 19:31:08.992] [jointLog] [info] Number of fragments discarded because they have only dovetail (discordant) mappings to valid targets : 7,737,777
[2022-01-30 19:31:08.992] [jointLog] [info] Mapping rate = 94.9913%

[2022-01-30 19:31:08.992] [jointLog] [info] finished quantifyLibrary()
[2022-01-30 19:31:08.995] [jointLog] [info] Starting optimizer
[2022-01-30 19:31:09.029] [jointLog] [info] Marked 0 weighted equivalence classes as degenerate
[2022-01-30 19:31:09.035] [jointLog] [info] iteration = 0 | max rel diff. = 16133.9
[2022-01-30 19:31:08.970] [fileLog] [info] 
At end of round 0
==================
Observed 44281911 total fragments (44281911 in most recent round)

[2022-01-30 19:31:09.306] [jointLog] [info] iteration = 100 | max rel diff. = 19.3312
[2022-01-30 19:31:09.560] [jointLog] [info] iteration = 200 | max rel diff. = 0.177376
[2022-01-30 19:31:09.815] [jointLog] [info] iteration = 300 | max rel diff. = 0.0909812
[2022-01-30 19:31:10.068] [jointLog] [info] iteration = 400 | max rel diff. = 0.0642063
[2022-01-30 19:31:10.321] [jointLog] [info] iteration = 500 | max rel diff. = 0.0289872
[2022-01-30 19:31:10.576] [jointLog] [info] iteration = 600 | max rel diff. = 0.358742
[2022-01-30 19:31:10.591] [jointLog] [info] iteration = 607 | max rel diff. = 0.00733355
[2022-01-30 19:31:10.596] [jointLog] [info] Finished optimizer
[2022-01-30 19:31:10.596] [jointLog] [info] writing output 

