[2022-01-30 19:56:18.767] [jointLog] [info] setting maxHashResizeThreads to 40
[2022-01-30 19:56:18.767] [jointLog] [info] Fragment incompatibility prior below threshold.  Incompatible fragments will be ignored.
[2022-01-30 19:56:18.767] [jointLog] [info] Usage of --validateMappings implies use of minScoreFraction. Since not explicitly specified, it is being set to 0.65
[2022-01-30 19:56:18.767] [jointLog] [info] Setting consensusSlack to selective-alignment default of 0.35.
[2022-01-30 19:56:18.767] [jointLog] [info] parsing read library format
[2022-01-30 19:56:18.767] [jointLog] [info] There is 1 library.
[2022-01-30 19:56:18.768] [jointLog] [info] Loading pufferfish index
[2022-01-30 19:56:18.769] [jointLog] [info] Loading dense pufferfish index.
[2022-01-30 19:56:19.080] [jointLog] [info] done
[2022-01-30 19:56:19.132] [jointLog] [info] Index contained 40,812 targets
[2022-01-30 19:56:19.142] [jointLog] [info] Number of decoys : 0
[2022-01-30 19:56:19.651] [jointLog] [info] Automatically detected most likely library type as ISR

[2022-01-30 19:58:53.083] [jointLog] [info] Thread saw mini-batch with a maximum of 0.52% zero probability fragments
[2022-01-30 19:58:53.083] [jointLog] [info] Thread saw mini-batch with a maximum of 0.56% zero probability fragments
[2022-01-30 19:58:53.083] [jointLog] [info] Thread saw mini-batch with a maximum of 0.46% zero probability fragments
[2022-01-30 19:58:53.083] [jointLog] [info] Thread saw mini-batch with a maximum of 0.50% zero probability fragments
[2022-01-30 19:58:53.083] [jointLog] [info] Thread saw mini-batch with a maximum of 0.52% zero probability fragments
[2022-01-30 19:58:53.083] [jointLog] [info] Thread saw mini-batch with a maximum of 0.58% zero probability fragments
[2022-01-30 19:58:53.083] [jointLog] [info] Thread saw mini-batch with a maximum of 0.56% zero probability fragments
[2022-01-30 19:58:53.083] [jointLog] [info] Thread saw mini-batch with a maximum of 0.52% zero probability fragments
[2022-01-30 19:58:53.083] [jointLog] [info] Thread saw mini-batch with a maximum of 0.52% zero probability fragments
[2022-01-30 19:58:53.083] [jointLog] [info] Thread saw mini-batch with a maximum of 0.48% zero probability fragments
[2022-01-30 19:58:53.083] [jointLog] [info] Thread saw mini-batch with a maximum of 0.48% zero probability fragments
[2022-01-30 19:58:53.083] [jointLog] [info] Thread saw mini-batch with a maximum of 0.52% zero probability fragments
[2022-01-30 19:58:53.083] [jointLog] [info] Thread saw mini-batch with a maximum of 0.56% zero probability fragments
[2022-01-30 19:58:53.083] [jointLog] [info] Thread saw mini-batch with a maximum of 0.48% zero probability fragments
[2022-01-30 19:58:53.083] [jointLog] [info] Thread saw mini-batch with a maximum of 0.56% zero probability fragments
[2022-01-30 19:58:53.083] [jointLog] [info] Thread saw mini-batch with a maximum of 0.52% zero probability fragments
[2022-01-30 19:58:53.083] [jointLog] [info] Thread saw mini-batch with a maximum of 0.52% zero probability fragments
[2022-01-30 19:58:53.083] [jointLog] [info] Thread saw mini-batch with a maximum of 0.50% zero probability fragments
[2022-01-30 19:58:53.083] [jointLog] [info] Thread saw mini-batch with a maximum of 0.50% zero probability fragments
[2022-01-30 19:58:53.083] [jointLog] [info] Thread saw mini-batch with a maximum of 0.58% zero probability fragments
[2022-01-30 19:58:53.083] [jointLog] [info] Thread saw mini-batch with a maximum of 0.46% zero probability fragments
[2022-01-30 19:58:53.083] [jointLog] [info] Thread saw mini-batch with a maximum of 0.56% zero probability fragments
[2022-01-30 19:58:53.083] [jointLog] [info] Thread saw mini-batch with a maximum of 0.70% zero probability fragments
[2022-01-30 19:58:53.083] [jointLog] [info] Thread saw mini-batch with a maximum of 0.54% zero probability fragments
[2022-01-30 19:58:53.083] [jointLog] [info] Thread saw mini-batch with a maximum of 0.52% zero probability fragments
[2022-01-30 19:58:53.083] [jointLog] [info] Thread saw mini-batch with a maximum of 0.44% zero probability fragments
[2022-01-30 19:58:53.083] [jointLog] [info] Thread saw mini-batch with a maximum of 0.50% zero probability fragments
[2022-01-30 19:58:53.083] [jointLog] [info] Thread saw mini-batch with a maximum of 0.56% zero probability fragments
[2022-01-30 19:58:53.083] [jointLog] [info] Thread saw mini-batch with a maximum of 0.56% zero probability fragments
[2022-01-30 19:58:53.083] [jointLog] [info] Thread saw mini-batch with a maximum of 0.58% zero probability fragments
[2022-01-30 19:58:53.083] [jointLog] [info] Thread saw mini-batch with a maximum of 0.54% zero probability fragments
[2022-01-30 19:58:53.083] [jointLog] [info] Thread saw mini-batch with a maximum of 0.46% zero probability fragments
[2022-01-30 19:58:53.083] [jointLog] [info] Thread saw mini-batch with a maximum of 0.56% zero probability fragments
[2022-01-30 19:58:53.084] [jointLog] [info] Thread saw mini-batch with a maximum of 0.56% zero probability fragments
[2022-01-30 19:58:53.083] [jointLog] [info] Thread saw mini-batch with a maximum of 0.52% zero probability fragments
[2022-01-30 19:58:53.104] [jointLog] [info] Thread saw mini-batch with a maximum of 0.46% zero probability fragments
[2022-01-30 19:58:53.117] [jointLog] [info] Thread saw mini-batch with a maximum of 0.62% zero probability fragments
[2022-01-30 19:58:53.141] [jointLog] [info] Thread saw mini-batch with a maximum of 0.56% zero probability fragments
[2022-01-30 19:58:53.153] [jointLog] [info] Thread saw mini-batch with a maximum of 0.54% zero probability fragments
[2022-01-30 19:58:53.156] [jointLog] [info] Thread saw mini-batch with a maximum of 0.52% zero probability fragments
[2022-01-30 19:58:53.378] [jointLog] [info] Computed 52,767 rich equivalence classes for further processing
[2022-01-30 19:58:53.378] [jointLog] [info] Counted 41,079,992 total reads in the equivalence classes 
[2022-01-30 19:58:53.402] [jointLog] [warning] 0.000384357% of fragments were shorter than the k used to build the index.
If this fraction is too large, consider re-building the index with a smaller k.
The minimum read size found was 30.


[2022-01-30 19:58:53.402] [jointLog] [info] Number of mappings discarded because of alignment score : 7,650,351
[2022-01-30 19:58:53.402] [jointLog] [info] Number of fragments entirely discarded because of alignment score : 855,810
[2022-01-30 19:58:53.402] [jointLog] [info] Number of fragments discarded because they are best-mapped to decoys : 0
[2022-01-30 19:58:53.402] [jointLog] [info] Number of fragments discarded because they have only dovetail (discordant) mappings to valid targets : 9,888,093
[2022-01-30 19:58:53.402] [jointLog] [info] Mapping rate = 95.6933%

[2022-01-30 19:58:53.402] [jointLog] [info] finished quantifyLibrary()
[2022-01-30 19:58:53.405] [jointLog] [info] Starting optimizer
[2022-01-30 19:58:53.443] [jointLog] [info] Marked 0 weighted equivalence classes as degenerate
[2022-01-30 19:58:53.449] [jointLog] [info] iteration = 0 | max rel diff. = 15452.4
[2022-01-30 19:58:53.378] [fileLog] [info] 
At end of round 0
==================
Observed 42928805 total fragments (42928805 in most recent round)

[2022-01-30 19:58:53.726] [jointLog] [info] iteration = 100 | max rel diff. = 11.2295
[2022-01-30 19:58:53.979] [jointLog] [info] iteration = 200 | max rel diff. = 0.146765
[2022-01-30 19:58:54.232] [jointLog] [info] iteration = 300 | max rel diff. = 6.17775
[2022-01-30 19:58:54.485] [jointLog] [info] iteration = 400 | max rel diff. = 0.0897847
[2022-01-30 19:58:54.740] [jointLog] [info] iteration = 500 | max rel diff. = 1.70726
[2022-01-30 19:58:54.993] [jointLog] [info] iteration = 600 | max rel diff. = 0.163854
[2022-01-30 19:58:55.247] [jointLog] [info] iteration = 700 | max rel diff. = 0.0327552
[2022-01-30 19:58:55.330] [jointLog] [info] iteration = 734 | max rel diff. = 0.00802879
[2022-01-30 19:58:55.335] [jointLog] [info] Finished optimizer
[2022-01-30 19:58:55.335] [jointLog] [info] writing output 

