[2022-01-30 20:17:28.110] [jointLog] [info] setting maxHashResizeThreads to 40
[2022-01-30 20:17:28.110] [jointLog] [info] Fragment incompatibility prior below threshold.  Incompatible fragments will be ignored.
[2022-01-30 20:17:28.110] [jointLog] [info] Usage of --validateMappings implies use of minScoreFraction. Since not explicitly specified, it is being set to 0.65
[2022-01-30 20:17:28.110] [jointLog] [info] Setting consensusSlack to selective-alignment default of 0.35.
[2022-01-30 20:17:28.110] [jointLog] [info] parsing read library format
[2022-01-30 20:17:28.110] [jointLog] [info] There is 1 library.
[2022-01-30 20:17:28.111] [jointLog] [info] Loading pufferfish index
[2022-01-30 20:17:28.111] [jointLog] [info] Loading dense pufferfish index.
[2022-01-30 20:17:28.512] [jointLog] [info] done
[2022-01-30 20:17:28.565] [jointLog] [info] Index contained 40,812 targets
[2022-01-30 20:17:28.577] [jointLog] [info] Number of decoys : 0
[2022-01-30 20:17:29.181] [jointLog] [info] Automatically detected most likely library type as ISR

[2022-01-30 20:20:02.568] [jointLog] [info] Thread saw mini-batch with a maximum of 0.56% zero probability fragments
[2022-01-30 20:20:02.569] [jointLog] [info] Thread saw mini-batch with a maximum of 0.50% zero probability fragments
[2022-01-30 20:20:02.569] [jointLog] [info] Thread saw mini-batch with a maximum of 0.54% zero probability fragments
[2022-01-30 20:20:02.569] [jointLog] [info] Thread saw mini-batch with a maximum of 0.56% zero probability fragments
[2022-01-30 20:20:02.569] [jointLog] [info] Thread saw mini-batch with a maximum of 0.56% zero probability fragments
[2022-01-30 20:20:02.569] [jointLog] [info] Thread saw mini-batch with a maximum of 0.50% zero probability fragments
[2022-01-30 20:20:02.569] [jointLog] [info] Thread saw mini-batch with a maximum of 0.60% zero probability fragments
[2022-01-30 20:20:02.569] [jointLog] [info] Thread saw mini-batch with a maximum of 0.58% zero probability fragments
[2022-01-30 20:20:02.569] [jointLog] [info] Thread saw mini-batch with a maximum of 0.58% zero probability fragments
[2022-01-30 20:20:02.569] [jointLog] [info] Thread saw mini-batch with a maximum of 0.58% zero probability fragments
[2022-01-30 20:20:02.569] [jointLog] [info] Thread saw mini-batch with a maximum of 0.54% zero probability fragments
[2022-01-30 20:20:02.569] [jointLog] [info] Thread saw mini-batch with a maximum of 0.48% zero probability fragments
[2022-01-30 20:20:02.569] [jointLog] [info] Thread saw mini-batch with a maximum of 0.54% zero probability fragments
[2022-01-30 20:20:02.569] [jointLog] [info] Thread saw mini-batch with a maximum of 0.58% zero probability fragments
[2022-01-30 20:20:02.569] [jointLog] [info] Thread saw mini-batch with a maximum of 0.50% zero probability fragments
[2022-01-30 20:20:02.569] [jointLog] [info] Thread saw mini-batch with a maximum of 0.58% zero probability fragments
[2022-01-30 20:20:02.569] [jointLog] [info] Thread saw mini-batch with a maximum of 0.56% zero probability fragments
[2022-01-30 20:20:02.569] [jointLog] [info] Thread saw mini-batch with a maximum of 0.48% zero probability fragments
[2022-01-30 20:20:02.569] [jointLog] [info] Thread saw mini-batch with a maximum of 0.58% zero probability fragments
[2022-01-30 20:20:02.569] [jointLog] [info] Thread saw mini-batch with a maximum of 0.68% zero probability fragments
[2022-01-30 20:20:02.569] [jointLog] [info] Thread saw mini-batch with a maximum of 0.54% zero probability fragments
[2022-01-30 20:20:02.569] [jointLog] [info] Thread saw mini-batch with a maximum of 0.54% zero probability fragments
[2022-01-30 20:20:02.569] [jointLog] [info] Thread saw mini-batch with a maximum of 0.52% zero probability fragments
[2022-01-30 20:20:02.569] [jointLog] [info] Thread saw mini-batch with a maximum of 0.60% zero probability fragments
[2022-01-30 20:20:02.569] [jointLog] [info] Thread saw mini-batch with a maximum of 0.50% zero probability fragments
[2022-01-30 20:20:02.569] [jointLog] [info] Thread saw mini-batch with a maximum of 0.68% zero probability fragments
[2022-01-30 20:20:02.569] [jointLog] [info] Thread saw mini-batch with a maximum of 0.50% zero probability fragments
[2022-01-30 20:20:02.569] [jointLog] [info] Thread saw mini-batch with a maximum of 0.60% zero probability fragments
[2022-01-30 20:20:02.569] [jointLog] [info] Thread saw mini-batch with a maximum of 0.50% zero probability fragments
[2022-01-30 20:20:02.569] [jointLog] [info] Thread saw mini-batch with a maximum of 0.58% zero probability fragments
[2022-01-30 20:20:02.569] [jointLog] [info] Thread saw mini-batch with a maximum of 0.52% zero probability fragments
[2022-01-30 20:20:02.569] [jointLog] [info] Thread saw mini-batch with a maximum of 0.62% zero probability fragments
[2022-01-30 20:20:02.569] [jointLog] [info] Thread saw mini-batch with a maximum of 0.56% zero probability fragments
[2022-01-30 20:20:02.569] [jointLog] [info] Thread saw mini-batch with a maximum of 0.58% zero probability fragments
[2022-01-30 20:20:02.569] [jointLog] [info] Thread saw mini-batch with a maximum of 0.56% zero probability fragments
[2022-01-30 20:20:02.586] [jointLog] [info] Thread saw mini-batch with a maximum of 0.56% zero probability fragments
[2022-01-30 20:20:02.612] [jointLog] [info] Thread saw mini-batch with a maximum of 0.56% zero probability fragments
[2022-01-30 20:20:02.613] [jointLog] [info] Thread saw mini-batch with a maximum of 0.54% zero probability fragments
[2022-01-30 20:20:02.626] [jointLog] [info] Thread saw mini-batch with a maximum of 0.52% zero probability fragments
[2022-01-30 20:20:02.643] [jointLog] [info] Thread saw mini-batch with a maximum of 0.56% zero probability fragments
[2022-01-30 20:20:02.873] [jointLog] [info] Computed 53,686 rich equivalence classes for further processing
[2022-01-30 20:20:02.873] [jointLog] [info] Counted 42,140,294 total reads in the equivalence classes 
[2022-01-30 20:20:02.896] [jointLog] [warning] 0.000604711% of fragments were shorter than the k used to build the index.
If this fraction is too large, consider re-building the index with a smaller k.
The minimum read size found was 30.


[2022-01-30 20:20:02.896] [jointLog] [info] Number of mappings discarded because of alignment score : 7,941,811
[2022-01-30 20:20:02.896] [jointLog] [info] Number of fragments entirely discarded because of alignment score : 684,756
[2022-01-30 20:20:02.896] [jointLog] [info] Number of fragments discarded because they are best-mapped to decoys : 0
[2022-01-30 20:20:02.896] [jointLog] [info] Number of fragments discarded because they have only dovetail (discordant) mappings to valid targets : 14,734,501
[2022-01-30 20:20:02.896] [jointLog] [info] Mapping rate = 96.5254%

[2022-01-30 20:20:02.896] [jointLog] [info] finished quantifyLibrary()
[2022-01-30 20:20:02.899] [jointLog] [info] Starting optimizer
[2022-01-30 20:20:02.938] [jointLog] [info] Marked 0 weighted equivalence classes as degenerate
[2022-01-30 20:20:02.943] [jointLog] [info] iteration = 0 | max rel diff. = 15657.2
[2022-01-30 20:20:02.874] [fileLog] [info] 
At end of round 0
==================
Observed 43657222 total fragments (43657222 in most recent round)

[2022-01-30 20:20:03.219] [jointLog] [info] iteration = 100 | max rel diff. = 20.417
[2022-01-30 20:20:03.472] [jointLog] [info] iteration = 200 | max rel diff. = 0.459113
[2022-01-30 20:20:03.724] [jointLog] [info] iteration = 300 | max rel diff. = 1.43314
[2022-01-30 20:20:03.983] [jointLog] [info] iteration = 400 | max rel diff. = 0.611199
[2022-01-30 20:20:04.248] [jointLog] [info] iteration = 500 | max rel diff. = 0.0437854
[2022-01-30 20:20:04.513] [jointLog] [info] iteration = 600 | max rel diff. = 0.0204697
[2022-01-30 20:20:04.778] [jointLog] [info] iteration = 700 | max rel diff. = 0.391622
[2022-01-30 20:20:05.031] [jointLog] [info] iteration = 800 | max rel diff. = 0.0711369
[2022-01-30 20:20:05.069] [jointLog] [info] iteration = 816 | max rel diff. = 0.00570022
[2022-01-30 20:20:05.078] [jointLog] [info] Finished optimizer
[2022-01-30 20:20:05.078] [jointLog] [info] writing output 

