[2022-01-30 20:32:30.826] [jointLog] [info] setting maxHashResizeThreads to 40
[2022-01-30 20:32:30.826] [jointLog] [info] Fragment incompatibility prior below threshold.  Incompatible fragments will be ignored.
[2022-01-30 20:32:30.826] [jointLog] [info] Usage of --validateMappings implies use of minScoreFraction. Since not explicitly specified, it is being set to 0.65
[2022-01-30 20:32:30.826] [jointLog] [info] Setting consensusSlack to selective-alignment default of 0.35.
[2022-01-30 20:32:30.826] [jointLog] [info] parsing read library format
[2022-01-30 20:32:30.826] [jointLog] [info] There is 1 library.
[2022-01-30 20:32:30.828] [jointLog] [info] Loading pufferfish index
[2022-01-30 20:32:30.828] [jointLog] [info] Loading dense pufferfish index.
[2022-01-30 20:32:31.143] [jointLog] [info] done
[2022-01-30 20:32:31.193] [jointLog] [info] Index contained 40,812 targets
[2022-01-30 20:32:31.204] [jointLog] [info] Number of decoys : 0
[2022-01-30 20:32:31.715] [jointLog] [info] Automatically detected most likely library type as ISR

[2022-01-30 20:37:47.176] [jointLog] [info] Thread saw mini-batch with a maximum of 0.60% zero probability fragments
[2022-01-30 20:37:47.176] [jointLog] [info] Thread saw mini-batch with a maximum of 0.70% zero probability fragments
[2022-01-30 20:37:47.176] [jointLog] [info] Thread saw mini-batch with a maximum of 0.62% zero probability fragments
[2022-01-30 20:37:47.176] [jointLog] [info] Thread saw mini-batch with a maximum of 0.58% zero probability fragments
[2022-01-30 20:37:47.176] [jointLog] [info] Thread saw mini-batch with a maximum of 0.60% zero probability fragments
[2022-01-30 20:37:47.176] [jointLog] [info] Thread saw mini-batch with a maximum of 0.70% zero probability fragments
[2022-01-30 20:37:47.176] [jointLog] [info] Thread saw mini-batch with a maximum of 0.58% zero probability fragments
[2022-01-30 20:37:47.176] [jointLog] [info] Thread saw mini-batch with a maximum of 0.64% zero probability fragments
[2022-01-30 20:37:47.176] [jointLog] [info] Thread saw mini-batch with a maximum of 0.62% zero probability fragments
[2022-01-30 20:37:47.176] [jointLog] [info] Thread saw mini-batch with a maximum of 0.60% zero probability fragments
[2022-01-30 20:37:47.176] [jointLog] [info] Thread saw mini-batch with a maximum of 0.58% zero probability fragments
[2022-01-30 20:37:47.176] [jointLog] [info] Thread saw mini-batch with a maximum of 0.56% zero probability fragments
[2022-01-30 20:37:47.176] [jointLog] [info] Thread saw mini-batch with a maximum of 0.54% zero probability fragments
[2022-01-30 20:37:47.176] [jointLog] [info] Thread saw mini-batch with a maximum of 0.60% zero probability fragments
[2022-01-30 20:37:47.176] [jointLog] [info] Thread saw mini-batch with a maximum of 0.64% zero probability fragments
[2022-01-30 20:37:47.176] [jointLog] [info] Thread saw mini-batch with a maximum of 0.62% zero probability fragments
[2022-01-30 20:37:47.176] [jointLog] [info] Thread saw mini-batch with a maximum of 0.66% zero probability fragments
[2022-01-30 20:37:47.176] [jointLog] [info] Thread saw mini-batch with a maximum of 0.56% zero probability fragments
[2022-01-30 20:37:47.176] [jointLog] [info] Thread saw mini-batch with a maximum of 0.58% zero probability fragments
[2022-01-30 20:37:47.176] [jointLog] [info] Thread saw mini-batch with a maximum of 0.60% zero probability fragments
[2022-01-30 20:37:47.176] [jointLog] [info] Thread saw mini-batch with a maximum of 0.64% zero probability fragments
[2022-01-30 20:37:47.176] [jointLog] [info] Thread saw mini-batch with a maximum of 0.58% zero probability fragments
[2022-01-30 20:37:47.176] [jointLog] [info] Thread saw mini-batch with a maximum of 0.64% zero probability fragments
[2022-01-30 20:37:47.176] [jointLog] [info] Thread saw mini-batch with a maximum of 0.66% zero probability fragments
[2022-01-30 20:37:47.176] [jointLog] [info] Thread saw mini-batch with a maximum of 0.56% zero probability fragments
[2022-01-30 20:37:47.176] [jointLog] [info] Thread saw mini-batch with a maximum of 0.56% zero probability fragments
[2022-01-30 20:37:47.177] [jointLog] [info] Thread saw mini-batch with a maximum of 0.66% zero probability fragments
[2022-01-30 20:37:47.177] [jointLog] [info] Thread saw mini-batch with a maximum of 0.62% zero probability fragments
[2022-01-30 20:37:47.177] [jointLog] [info] Thread saw mini-batch with a maximum of 0.58% zero probability fragments
[2022-01-30 20:37:47.177] [jointLog] [info] Thread saw mini-batch with a maximum of 0.68% zero probability fragments
[2022-01-30 20:37:47.177] [jointLog] [info] Thread saw mini-batch with a maximum of 0.56% zero probability fragments
[2022-01-30 20:37:47.177] [jointLog] [info] Thread saw mini-batch with a maximum of 0.58% zero probability fragments
[2022-01-30 20:37:47.177] [jointLog] [info] Thread saw mini-batch with a maximum of 0.60% zero probability fragments
[2022-01-30 20:37:47.177] [jointLog] [info] Thread saw mini-batch with a maximum of 0.56% zero probability fragments
[2022-01-30 20:37:47.176] [jointLog] [info] Thread saw mini-batch with a maximum of 0.60% zero probability fragments
[2022-01-30 20:37:47.195] [jointLog] [info] Thread saw mini-batch with a maximum of 0.58% zero probability fragments
[2022-01-30 20:37:47.212] [jointLog] [info] Thread saw mini-batch with a maximum of 0.58% zero probability fragments
[2022-01-30 20:37:47.224] [jointLog] [info] Thread saw mini-batch with a maximum of 0.64% zero probability fragments
[2022-01-30 20:37:47.237] [jointLog] [info] Thread saw mini-batch with a maximum of 0.56% zero probability fragments
[2022-01-30 20:37:47.250] [jointLog] [info] Thread saw mini-batch with a maximum of 0.54% zero probability fragments
[2022-01-30 20:37:47.473] [jointLog] [info] Computed 59,911 rich equivalence classes for further processing
[2022-01-30 20:37:47.473] [jointLog] [info] Counted 85,740,993 total reads in the equivalence classes 
[2022-01-30 20:37:47.495] [jointLog] [warning] 0.000217887% of fragments were shorter than the k used to build the index.
If this fraction is too large, consider re-building the index with a smaller k.
The minimum read size found was 30.


[2022-01-30 20:37:47.495] [jointLog] [info] Number of mappings discarded because of alignment score : 14,944,633
[2022-01-30 20:37:47.495] [jointLog] [info] Number of fragments entirely discarded because of alignment score : 1,642,582
[2022-01-30 20:37:47.495] [jointLog] [info] Number of fragments discarded because they are best-mapped to decoys : 0
[2022-01-30 20:37:47.495] [jointLog] [info] Number of fragments discarded because they have only dovetail (discordant) mappings to valid targets : 21,997,358
[2022-01-30 20:37:47.495] [jointLog] [info] Mapping rate = 96.2981%

[2022-01-30 20:37:47.495] [jointLog] [info] finished quantifyLibrary()
[2022-01-30 20:37:47.498] [jointLog] [info] Starting optimizer
[2022-01-30 20:37:47.538] [jointLog] [info] Marked 0 weighted equivalence classes as degenerate
[2022-01-30 20:37:47.542] [jointLog] [info] iteration = 0 | max rel diff. = 330.268
[2022-01-30 20:37:47.473] [fileLog] [info] 
At end of round 0
==================
Observed 89037078 total fragments (89037078 in most recent round)

[2022-01-30 20:37:47.820] [jointLog] [info] iteration = 100 | max rel diff. = 1.49143
[2022-01-30 20:37:48.077] [jointLog] [info] iteration = 200 | max rel diff. = 0.933823
[2022-01-30 20:37:48.334] [jointLog] [info] iteration = 300 | max rel diff. = 0.153347
[2022-01-30 20:37:48.591] [jointLog] [info] iteration = 400 | max rel diff. = 0.0315997
[2022-01-30 20:37:48.848] [jointLog] [info] iteration = 500 | max rel diff. = 0.661902
[2022-01-30 20:37:49.106] [jointLog] [info] iteration = 600 | max rel diff. = 0.142717
[2022-01-30 20:37:49.363] [jointLog] [info] iteration = 700 | max rel diff. = 0.0266562
[2022-01-30 20:37:49.621] [jointLog] [info] iteration = 800 | max rel diff. = 0.0205849
[2022-01-30 20:37:49.767] [jointLog] [info] iteration = 858 | max rel diff. = 0.00682769
[2022-01-30 20:37:49.773] [jointLog] [info] Finished optimizer
[2022-01-30 20:37:49.773] [jointLog] [info] writing output 

