[2022-01-30 19:25:53.707] [jointLog] [info] setting maxHashResizeThreads to 40
[2022-01-30 19:25:53.707] [jointLog] [info] Fragment incompatibility prior below threshold.  Incompatible fragments will be ignored.
[2022-01-30 19:25:53.707] [jointLog] [info] Usage of --validateMappings implies use of minScoreFraction. Since not explicitly specified, it is being set to 0.65
[2022-01-30 19:25:53.707] [jointLog] [info] Setting consensusSlack to selective-alignment default of 0.35.
[2022-01-30 19:25:53.707] [jointLog] [info] parsing read library format
[2022-01-30 19:25:53.707] [jointLog] [info] There is 1 library.
[2022-01-30 19:25:53.708] [jointLog] [info] Loading pufferfish index
[2022-01-30 19:25:53.708] [jointLog] [info] Loading dense pufferfish index.
[2022-01-30 19:25:54.028] [jointLog] [info] done
[2022-01-30 19:25:54.081] [jointLog] [info] Index contained 40,812 targets
[2022-01-30 19:25:54.091] [jointLog] [info] Number of decoys : 0
[2022-01-30 19:25:54.586] [jointLog] [info] Automatically detected most likely library type as ISR

[2022-01-30 19:28:27.487] [jointLog] [info] Thread saw mini-batch with a maximum of 0.64% zero probability fragments
[2022-01-30 19:28:27.487] [jointLog] [info] Thread saw mini-batch with a maximum of 0.74% zero probability fragments
[2022-01-30 19:28:27.487] [jointLog] [info] Thread saw mini-batch with a maximum of 0.70% zero probability fragments
[2022-01-30 19:28:27.487] [jointLog] [info] Thread saw mini-batch with a maximum of 0.66% zero probability fragments
[2022-01-30 19:28:27.487] [jointLog] [info] Thread saw mini-batch with a maximum of 0.66% zero probability fragments
[2022-01-30 19:28:27.487] [jointLog] [info] Thread saw mini-batch with a maximum of 0.70% zero probability fragments
[2022-01-30 19:28:27.487] [jointLog] [info] Thread saw mini-batch with a maximum of 0.68% zero probability fragments
[2022-01-30 19:28:27.487] [jointLog] [info] Thread saw mini-batch with a maximum of 0.70% zero probability fragments
[2022-01-30 19:28:27.487] [jointLog] [info] Thread saw mini-batch with a maximum of 0.70% zero probability fragments
[2022-01-30 19:28:27.487] [jointLog] [info] Thread saw mini-batch with a maximum of 0.74% zero probability fragments
[2022-01-30 19:28:27.487] [jointLog] [info] Thread saw mini-batch with a maximum of 0.74% zero probability fragments
[2022-01-30 19:28:27.487] [jointLog] [info] Thread saw mini-batch with a maximum of 0.70% zero probability fragments
[2022-01-30 19:28:27.487] [jointLog] [info] Thread saw mini-batch with a maximum of 0.68% zero probability fragments
[2022-01-30 19:28:27.487] [jointLog] [info] Thread saw mini-batch with a maximum of 0.66% zero probability fragments
[2022-01-30 19:28:27.487] [jointLog] [info] Thread saw mini-batch with a maximum of 0.62% zero probability fragments
[2022-01-30 19:28:27.487] [jointLog] [info] Thread saw mini-batch with a maximum of 0.68% zero probability fragments
[2022-01-30 19:28:27.487] [jointLog] [info] Thread saw mini-batch with a maximum of 0.74% zero probability fragments
[2022-01-30 19:28:27.487] [jointLog] [info] Thread saw mini-batch with a maximum of 0.70% zero probability fragments
[2022-01-30 19:28:27.487] [jointLog] [info] Thread saw mini-batch with a maximum of 0.68% zero probability fragments
[2022-01-30 19:28:27.487] [jointLog] [info] Thread saw mini-batch with a maximum of 0.74% zero probability fragments
[2022-01-30 19:28:27.487] [jointLog] [info] Thread saw mini-batch with a maximum of 0.64% zero probability fragments
[2022-01-30 19:28:27.487] [jointLog] [info] Thread saw mini-batch with a maximum of 0.68% zero probability fragments
[2022-01-30 19:28:27.488] [jointLog] [info] Thread saw mini-batch with a maximum of 0.60% zero probability fragments
[2022-01-30 19:28:27.488] [jointLog] [info] Thread saw mini-batch with a maximum of 0.68% zero probability fragments
[2022-01-30 19:28:27.488] [jointLog] [info] Thread saw mini-batch with a maximum of 0.74% zero probability fragments
[2022-01-30 19:28:27.488] [jointLog] [info] Thread saw mini-batch with a maximum of 0.66% zero probability fragments
[2022-01-30 19:28:27.488] [jointLog] [info] Thread saw mini-batch with a maximum of 0.66% zero probability fragments
[2022-01-30 19:28:27.488] [jointLog] [info] Thread saw mini-batch with a maximum of 0.76% zero probability fragments
[2022-01-30 19:28:27.488] [jointLog] [info] Thread saw mini-batch with a maximum of 0.68% zero probability fragments
[2022-01-30 19:28:27.488] [jointLog] [info] Thread saw mini-batch with a maximum of 0.64% zero probability fragments
[2022-01-30 19:28:27.488] [jointLog] [info] Thread saw mini-batch with a maximum of 0.68% zero probability fragments
[2022-01-30 19:28:27.488] [jointLog] [info] Thread saw mini-batch with a maximum of 0.66% zero probability fragments
[2022-01-30 19:28:27.488] [jointLog] [info] Thread saw mini-batch with a maximum of 0.68% zero probability fragments
[2022-01-30 19:28:27.488] [jointLog] [info] Thread saw mini-batch with a maximum of 0.70% zero probability fragments
[2022-01-30 19:28:27.489] [jointLog] [info] Thread saw mini-batch with a maximum of 0.80% zero probability fragments
[2022-01-30 19:28:27.510] [jointLog] [info] Thread saw mini-batch with a maximum of 0.64% zero probability fragments
[2022-01-30 19:28:27.516] [jointLog] [info] Thread saw mini-batch with a maximum of 0.73% zero probability fragments
[2022-01-30 19:28:27.528] [jointLog] [info] Thread saw mini-batch with a maximum of 0.72% zero probability fragments
[2022-01-30 19:28:27.551] [jointLog] [info] Thread saw mini-batch with a maximum of 0.78% zero probability fragments
[2022-01-30 19:28:27.567] [jointLog] [info] Thread saw mini-batch with a maximum of 0.68% zero probability fragments
[2022-01-30 19:28:27.797] [jointLog] [info] Computed 52,991 rich equivalence classes for further processing
[2022-01-30 19:28:27.797] [jointLog] [info] Counted 41,655,226 total reads in the equivalence classes 
[2022-01-30 19:28:27.820] [jointLog] [warning] 0.000173384% of fragments were shorter than the k used to build the index.
If this fraction is too large, consider re-building the index with a smaller k.
The minimum read size found was 30.


[2022-01-30 19:28:27.820] [jointLog] [info] Number of mappings discarded because of alignment score : 6,433,473
[2022-01-30 19:28:27.820] [jointLog] [info] Number of fragments entirely discarded because of alignment score : 805,352
[2022-01-30 19:28:27.820] [jointLog] [info] Number of fragments discarded because they are best-mapped to decoys : 0
[2022-01-30 19:28:27.820] [jointLog] [info] Number of fragments discarded because they have only dovetail (discordant) mappings to valid targets : 10,601,947
[2022-01-30 19:28:27.820] [jointLog] [info] Mapping rate = 96.2982%

[2022-01-30 19:28:27.821] [jointLog] [info] finished quantifyLibrary()
[2022-01-30 19:28:27.823] [jointLog] [info] Starting optimizer
[2022-01-30 19:28:27.860] [jointLog] [info] Marked 0 weighted equivalence classes as degenerate
[2022-01-30 19:28:27.864] [jointLog] [info] iteration = 0 | max rel diff. = 16805.8
[2022-01-30 19:28:27.798] [fileLog] [info] 
At end of round 0
==================
Observed 43256509 total fragments (43256509 in most recent round)

[2022-01-30 19:28:28.140] [jointLog] [info] iteration = 100 | max rel diff. = 2.34412
[2022-01-30 19:28:28.396] [jointLog] [info] iteration = 200 | max rel diff. = 1.39859
[2022-01-30 19:28:28.649] [jointLog] [info] iteration = 300 | max rel diff. = 0.762077
[2022-01-30 19:28:28.903] [jointLog] [info] iteration = 400 | max rel diff. = 0.0916789
[2022-01-30 19:28:29.160] [jointLog] [info] iteration = 500 | max rel diff. = 0.0735989
[2022-01-30 19:28:29.429] [jointLog] [info] iteration = 600 | max rel diff. = 0.0229962
[2022-01-30 19:28:29.693] [jointLog] [info] iteration = 700 | max rel diff. = 0.0397245
[2022-01-30 19:28:29.960] [jointLog] [info] iteration = 800 | max rel diff. = 0.0220404
[2022-01-30 19:28:30.226] [jointLog] [info] iteration = 900 | max rel diff. = 0.163695
[2022-01-30 19:28:30.247] [jointLog] [info] iteration = 909 | max rel diff. = 0.00574295
[2022-01-30 19:28:30.253] [jointLog] [info] Finished optimizer
[2022-01-30 19:28:30.253] [jointLog] [info] writing output 

