[2022-01-30 20:55:22.176] [jointLog] [info] setting maxHashResizeThreads to 40
[2022-01-30 20:55:22.176] [jointLog] [info] Fragment incompatibility prior below threshold.  Incompatible fragments will be ignored.
[2022-01-30 20:55:22.176] [jointLog] [info] Usage of --validateMappings implies use of minScoreFraction. Since not explicitly specified, it is being set to 0.65
[2022-01-30 20:55:22.176] [jointLog] [info] Setting consensusSlack to selective-alignment default of 0.35.
[2022-01-30 20:55:22.176] [jointLog] [info] parsing read library format
[2022-01-30 20:55:22.176] [jointLog] [info] There is 1 library.
[2022-01-30 20:55:22.178] [jointLog] [info] Loading pufferfish index
[2022-01-30 20:55:22.178] [jointLog] [info] Loading dense pufferfish index.
[2022-01-30 20:55:22.485] [jointLog] [info] done
[2022-01-30 20:55:22.539] [jointLog] [info] Index contained 40,812 targets
[2022-01-30 20:55:22.550] [jointLog] [info] Number of decoys : 0
[2022-01-30 20:55:23.097] [jointLog] [info] Automatically detected most likely library type as ISR

[2022-01-30 20:57:48.494] [jointLog] [info] Thread saw mini-batch with a maximum of 0.60% zero probability fragments
[2022-01-30 20:57:48.494] [jointLog] [info] Thread saw mini-batch with a maximum of 0.66% zero probability fragments
[2022-01-30 20:57:48.494] [jointLog] [info] Thread saw mini-batch with a maximum of 0.56% zero probability fragments
[2022-01-30 20:57:48.494] [jointLog] [info] Thread saw mini-batch with a maximum of 0.58% zero probability fragments
[2022-01-30 20:57:48.494] [jointLog] [info] Thread saw mini-batch with a maximum of 0.56% zero probability fragments
[2022-01-30 20:57:48.494] [jointLog] [info] Thread saw mini-batch with a maximum of 0.56% zero probability fragments
[2022-01-30 20:57:48.494] [jointLog] [info] Thread saw mini-batch with a maximum of 0.60% zero probability fragments
[2022-01-30 20:57:48.494] [jointLog] [info] Thread saw mini-batch with a maximum of 0.62% zero probability fragments
[2022-01-30 20:57:48.494] [jointLog] [info] Thread saw mini-batch with a maximum of 0.58% zero probability fragments
[2022-01-30 20:57:48.494] [jointLog] [info] Thread saw mini-batch with a maximum of 0.58% zero probability fragments
[2022-01-30 20:57:48.494] [jointLog] [info] Thread saw mini-batch with a maximum of 0.64% zero probability fragments
[2022-01-30 20:57:48.494] [jointLog] [info] Thread saw mini-batch with a maximum of 0.56% zero probability fragments
[2022-01-30 20:57:48.494] [jointLog] [info] Thread saw mini-batch with a maximum of 0.64% zero probability fragments
[2022-01-30 20:57:48.494] [jointLog] [info] Thread saw mini-batch with a maximum of 0.52% zero probability fragments
[2022-01-30 20:57:48.494] [jointLog] [info] Thread saw mini-batch with a maximum of 0.62% zero probability fragments
[2022-01-30 20:57:48.494] [jointLog] [info] Thread saw mini-batch with a maximum of 0.54% zero probability fragments
[2022-01-30 20:57:48.494] [jointLog] [info] Thread saw mini-batch with a maximum of 0.58% zero probability fragments
[2022-01-30 20:57:48.494] [jointLog] [info] Thread saw mini-batch with a maximum of 0.58% zero probability fragments
[2022-01-30 20:57:48.494] [jointLog] [info] Thread saw mini-batch with a maximum of 0.56% zero probability fragments
[2022-01-30 20:57:48.494] [jointLog] [info] Thread saw mini-batch with a maximum of 0.56% zero probability fragments
[2022-01-30 20:57:48.494] [jointLog] [info] Thread saw mini-batch with a maximum of 0.52% zero probability fragments
[2022-01-30 20:57:48.494] [jointLog] [info] Thread saw mini-batch with a maximum of 0.62% zero probability fragments
[2022-01-30 20:57:48.494] [jointLog] [info] Thread saw mini-batch with a maximum of 0.54% zero probability fragments
[2022-01-30 20:57:48.494] [jointLog] [info] Thread saw mini-batch with a maximum of 0.64% zero probability fragments
[2022-01-30 20:57:48.494] [jointLog] [info] Thread saw mini-batch with a maximum of 0.58% zero probability fragments
[2022-01-30 20:57:48.495] [jointLog] [info] Thread saw mini-batch with a maximum of 0.52% zero probability fragments
[2022-01-30 20:57:48.495] [jointLog] [info] Thread saw mini-batch with a maximum of 0.60% zero probability fragments
[2022-01-30 20:57:48.495] [jointLog] [info] Thread saw mini-batch with a maximum of 0.52% zero probability fragments
[2022-01-30 20:57:48.495] [jointLog] [info] Thread saw mini-batch with a maximum of 0.56% zero probability fragments
[2022-01-30 20:57:48.495] [jointLog] [info] Thread saw mini-batch with a maximum of 0.58% zero probability fragments
[2022-01-30 20:57:48.495] [jointLog] [info] Thread saw mini-batch with a maximum of 0.62% zero probability fragments
[2022-01-30 20:57:48.495] [jointLog] [info] Thread saw mini-batch with a maximum of 0.62% zero probability fragments
[2022-01-30 20:57:48.495] [jointLog] [info] Thread saw mini-batch with a maximum of 0.60% zero probability fragments
[2022-01-30 20:57:48.495] [jointLog] [info] Thread saw mini-batch with a maximum of 0.54% zero probability fragments
[2022-01-30 20:57:48.495] [jointLog] [info] Thread saw mini-batch with a maximum of 0.58% zero probability fragments
[2022-01-30 20:57:48.503] [jointLog] [info] Thread saw mini-batch with a maximum of 0.50% zero probability fragments
[2022-01-30 20:57:48.551] [jointLog] [info] Thread saw mini-batch with a maximum of 0.56% zero probability fragments
[2022-01-30 20:57:48.577] [jointLog] [info] Thread saw mini-batch with a maximum of 0.60% zero probability fragments
[2022-01-30 20:57:48.577] [jointLog] [info] Thread saw mini-batch with a maximum of 0.58% zero probability fragments
[2022-01-30 20:57:48.577] [jointLog] [info] Thread saw mini-batch with a maximum of 0.52% zero probability fragments
[2022-01-30 20:57:48.806] [jointLog] [info] Computed 52,166 rich equivalence classes for further processing
[2022-01-30 20:57:48.806] [jointLog] [info] Counted 38,403,616 total reads in the equivalence classes 
[2022-01-30 20:57:48.835] [jointLog] [warning] 0.000461809% of fragments were shorter than the k used to build the index.
If this fraction is too large, consider re-building the index with a smaller k.
The minimum read size found was 30.


[2022-01-30 20:57:48.835] [jointLog] [info] Number of mappings discarded because of alignment score : 6,947,737
[2022-01-30 20:57:48.835] [jointLog] [info] Number of fragments entirely discarded because of alignment score : 742,577
[2022-01-30 20:57:48.835] [jointLog] [info] Number of fragments discarded because they are best-mapped to decoys : 0
[2022-01-30 20:57:48.835] [jointLog] [info] Number of fragments discarded because they have only dovetail (discordant) mappings to valid targets : 11,031,094
[2022-01-30 20:57:48.835] [jointLog] [info] Mapping rate = 94.3359%

[2022-01-30 20:57:48.836] [jointLog] [info] finished quantifyLibrary()
[2022-01-30 20:57:48.838] [jointLog] [info] Starting optimizer
[2022-01-30 20:57:48.873] [jointLog] [info] Marked 0 weighted equivalence classes as degenerate
[2022-01-30 20:57:48.878] [jointLog] [info] iteration = 0 | max rel diff. = 19491.1
[2022-01-30 20:57:48.807] [fileLog] [info] 
At end of round 0
==================
Observed 40709451 total fragments (40709451 in most recent round)

[2022-01-30 20:57:49.150] [jointLog] [info] iteration = 100 | max rel diff. = 12.0323
[2022-01-30 20:57:49.403] [jointLog] [info] iteration = 200 | max rel diff. = 0.479338
[2022-01-30 20:57:49.655] [jointLog] [info] iteration = 300 | max rel diff. = 0.0786083
[2022-01-30 20:57:49.907] [jointLog] [info] iteration = 400 | max rel diff. = 0.765386
[2022-01-30 20:57:50.159] [jointLog] [info] iteration = 500 | max rel diff. = 0.163829
[2022-01-30 20:57:50.411] [jointLog] [info] iteration = 600 | max rel diff. = 0.670261
[2022-01-30 20:57:50.665] [jointLog] [info] iteration = 700 | max rel diff. = 0.205971
[2022-01-30 20:57:50.681] [jointLog] [info] iteration = 707 | max rel diff. = 0.00846194
[2022-01-30 20:57:50.687] [jointLog] [info] Finished optimizer
[2022-01-30 20:57:50.687] [jointLog] [info] writing output 

