[2022-01-30 22:12:36.420] [jointLog] [info] setting maxHashResizeThreads to 40
[2022-01-30 22:12:36.420] [jointLog] [info] Fragment incompatibility prior below threshold.  Incompatible fragments will be ignored.
[2022-01-30 22:12:36.420] [jointLog] [info] Usage of --validateMappings implies use of minScoreFraction. Since not explicitly specified, it is being set to 0.65
[2022-01-30 22:12:36.421] [jointLog] [info] Setting consensusSlack to selective-alignment default of 0.35.
[2022-01-30 22:12:36.421] [jointLog] [info] parsing read library format
[2022-01-30 22:12:36.421] [jointLog] [info] There is 1 library.
[2022-01-30 22:12:36.422] [jointLog] [info] Loading pufferfish index
[2022-01-30 22:12:36.422] [jointLog] [info] Loading dense pufferfish index.
[2022-01-30 22:12:36.733] [jointLog] [info] done
[2022-01-30 22:12:36.783] [jointLog] [info] Index contained 40,812 targets
[2022-01-30 22:12:36.794] [jointLog] [info] Number of decoys : 0
[2022-01-30 22:12:37.376] [jointLog] [info] Automatically detected most likely library type as ISR

[2022-01-30 22:15:15.072] [jointLog] [info] Thread saw mini-batch with a maximum of 0.48% zero probability fragments
[2022-01-30 22:15:15.072] [jointLog] [info] Thread saw mini-batch with a maximum of 0.46% zero probability fragments
[2022-01-30 22:15:15.072] [jointLog] [info] Thread saw mini-batch with a maximum of 0.44% zero probability fragments
[2022-01-30 22:15:15.072] [jointLog] [info] Thread saw mini-batch with a maximum of 0.52% zero probability fragments
[2022-01-30 22:15:15.072] [jointLog] [info] Thread saw mini-batch with a maximum of 0.50% zero probability fragments
[2022-01-30 22:15:15.072] [jointLog] [info] Thread saw mini-batch with a maximum of 0.42% zero probability fragments
[2022-01-30 22:15:15.072] [jointLog] [info] Thread saw mini-batch with a maximum of 0.48% zero probability fragments
[2022-01-30 22:15:15.072] [jointLog] [info] Thread saw mini-batch with a maximum of 0.46% zero probability fragments
[2022-01-30 22:15:15.072] [jointLog] [info] Thread saw mini-batch with a maximum of 0.50% zero probability fragments
[2022-01-30 22:15:15.072] [jointLog] [info] Thread saw mini-batch with a maximum of 0.48% zero probability fragments
[2022-01-30 22:15:15.072] [jointLog] [info] Thread saw mini-batch with a maximum of 0.50% zero probability fragments
[2022-01-30 22:15:15.072] [jointLog] [info] Thread saw mini-batch with a maximum of 0.58% zero probability fragments
[2022-01-30 22:15:15.072] [jointLog] [info] Thread saw mini-batch with a maximum of 0.48% zero probability fragments
[2022-01-30 22:15:15.072] [jointLog] [info] Thread saw mini-batch with a maximum of 0.50% zero probability fragments
[2022-01-30 22:15:15.072] [jointLog] [info] Thread saw mini-batch with a maximum of 0.50% zero probability fragments
[2022-01-30 22:15:15.072] [jointLog] [info] Thread saw mini-batch with a maximum of 0.54% zero probability fragments
[2022-01-30 22:15:15.072] [jointLog] [info] Thread saw mini-batch with a maximum of 0.50% zero probability fragments
[2022-01-30 22:15:15.072] [jointLog] [info] Thread saw mini-batch with a maximum of 0.50% zero probability fragments
[2022-01-30 22:15:15.072] [jointLog] [info] Thread saw mini-batch with a maximum of 0.50% zero probability fragments
[2022-01-30 22:15:15.072] [jointLog] [info] Thread saw mini-batch with a maximum of 0.58% zero probability fragments
[2022-01-30 22:15:15.072] [jointLog] [info] Thread saw mini-batch with a maximum of 0.56% zero probability fragments
[2022-01-30 22:15:15.072] [jointLog] [info] Thread saw mini-batch with a maximum of 0.54% zero probability fragments
[2022-01-30 22:15:15.072] [jointLog] [info] Thread saw mini-batch with a maximum of 0.58% zero probability fragments
[2022-01-30 22:15:15.072] [jointLog] [info] Thread saw mini-batch with a maximum of 0.54% zero probability fragments
[2022-01-30 22:15:15.072] [jointLog] [info] Thread saw mini-batch with a maximum of 0.56% zero probability fragments
[2022-01-30 22:15:15.072] [jointLog] [info] Thread saw mini-batch with a maximum of 0.48% zero probability fragments
[2022-01-30 22:15:15.072] [jointLog] [info] Thread saw mini-batch with a maximum of 0.44% zero probability fragments
[2022-01-30 22:15:15.072] [jointLog] [info] Thread saw mini-batch with a maximum of 0.44% zero probability fragments
[2022-01-30 22:15:15.072] [jointLog] [info] Thread saw mini-batch with a maximum of 0.46% zero probability fragments
[2022-01-30 22:15:15.073] [jointLog] [info] Thread saw mini-batch with a maximum of 0.54% zero probability fragments
[2022-01-30 22:15:15.073] [jointLog] [info] Thread saw mini-batch with a maximum of 0.50% zero probability fragments
[2022-01-30 22:15:15.077] [jointLog] [info] Thread saw mini-batch with a maximum of 0.52% zero probability fragments
[2022-01-30 22:15:15.078] [jointLog] [info] Thread saw mini-batch with a maximum of 0.54% zero probability fragments
[2022-01-30 22:15:15.079] [jointLog] [info] Thread saw mini-batch with a maximum of 0.44% zero probability fragments
[2022-01-30 22:15:15.086] [jointLog] [info] Thread saw mini-batch with a maximum of 0.48% zero probability fragments
[2022-01-30 22:15:15.093] [jointLog] [info] Thread saw mini-batch with a maximum of 0.44% zero probability fragments
[2022-01-30 22:15:15.103] [jointLog] [info] Thread saw mini-batch with a maximum of 0.58% zero probability fragments
[2022-01-30 22:15:15.126] [jointLog] [info] Thread saw mini-batch with a maximum of 0.48% zero probability fragments
[2022-01-30 22:15:15.138] [jointLog] [info] Thread saw mini-batch with a maximum of 0.54% zero probability fragments
[2022-01-30 22:15:15.159] [jointLog] [info] Thread saw mini-batch with a maximum of 0.60% zero probability fragments
[2022-01-30 22:15:15.388] [jointLog] [info] Computed 53,082 rich equivalence classes for further processing
[2022-01-30 22:15:15.388] [jointLog] [info] Counted 42,495,061 total reads in the equivalence classes 
[2022-01-30 22:15:15.410] [jointLog] [warning] 0.000152375% of fragments were shorter than the k used to build the index.
If this fraction is too large, consider re-building the index with a smaller k.
The minimum read size found was 30.


[2022-01-30 22:15:15.410] [jointLog] [info] Number of mappings discarded because of alignment score : 6,640,434
[2022-01-30 22:15:15.410] [jointLog] [info] Number of fragments entirely discarded because of alignment score : 719,987
[2022-01-30 22:15:15.410] [jointLog] [info] Number of fragments discarded because they are best-mapped to decoys : 0
[2022-01-30 22:15:15.410] [jointLog] [info] Number of fragments discarded because they have only dovetail (discordant) mappings to valid targets : 11,489,850
[2022-01-30 22:15:15.410] [jointLog] [info] Mapping rate = 96.6445%

[2022-01-30 22:15:15.410] [jointLog] [info] finished quantifyLibrary()
[2022-01-30 22:15:15.412] [jointLog] [info] Starting optimizer
[2022-01-30 22:15:15.448] [jointLog] [info] Marked 0 weighted equivalence classes as degenerate
[2022-01-30 22:15:15.454] [jointLog] [info] iteration = 0 | max rel diff. = 13789.9
[2022-01-30 22:15:15.389] [fileLog] [info] 
At end of round 0
==================
Observed 43970499 total fragments (43970499 in most recent round)

[2022-01-30 22:15:15.730] [jointLog] [info] iteration = 100 | max rel diff. = 2.02308
[2022-01-30 22:15:15.983] [jointLog] [info] iteration = 200 | max rel diff. = 0.625488
[2022-01-30 22:15:16.236] [jointLog] [info] iteration = 300 | max rel diff. = 0.0976955
[2022-01-30 22:15:16.490] [jointLog] [info] iteration = 400 | max rel diff. = 0.0647534
[2022-01-30 22:15:16.743] [jointLog] [info] iteration = 500 | max rel diff. = 0.0481667
[2022-01-30 22:15:16.939] [jointLog] [info] iteration = 578 | max rel diff. = 0.00843716
[2022-01-30 22:15:16.944] [jointLog] [info] Finished optimizer
[2022-01-30 22:15:16.944] [jointLog] [info] writing output 

