[2022-01-30 21:24:28.707] [jointLog] [info] setting maxHashResizeThreads to 40
[2022-01-30 21:24:28.708] [jointLog] [info] Fragment incompatibility prior below threshold.  Incompatible fragments will be ignored.
[2022-01-30 21:24:28.708] [jointLog] [info] Usage of --validateMappings implies use of minScoreFraction. Since not explicitly specified, it is being set to 0.65
[2022-01-30 21:24:28.708] [jointLog] [info] Setting consensusSlack to selective-alignment default of 0.35.
[2022-01-30 21:24:28.708] [jointLog] [info] parsing read library format
[2022-01-30 21:24:28.708] [jointLog] [info] There is 1 library.
[2022-01-30 21:24:28.709] [jointLog] [info] Loading pufferfish index
[2022-01-30 21:24:28.709] [jointLog] [info] Loading dense pufferfish index.
[2022-01-30 21:24:29.081] [jointLog] [info] done
[2022-01-30 21:24:29.136] [jointLog] [info] Index contained 40,812 targets
[2022-01-30 21:24:29.149] [jointLog] [info] Number of decoys : 0
[2022-01-30 21:24:29.725] [jointLog] [info] Automatically detected most likely library type as ISR

[2022-01-30 21:27:01.871] [jointLog] [info] Thread saw mini-batch with a maximum of 0.44% zero probability fragments
[2022-01-30 21:27:01.871] [jointLog] [info] Thread saw mini-batch with a maximum of 0.62% zero probability fragments
[2022-01-30 21:27:01.871] [jointLog] [info] Thread saw mini-batch with a maximum of 0.54% zero probability fragments
[2022-01-30 21:27:01.871] [jointLog] [info] Thread saw mini-batch with a maximum of 0.58% zero probability fragments
[2022-01-30 21:27:01.871] [jointLog] [info] Thread saw mini-batch with a maximum of 0.48% zero probability fragments
[2022-01-30 21:27:01.871] [jointLog] [info] Thread saw mini-batch with a maximum of 0.52% zero probability fragments
[2022-01-30 21:27:01.871] [jointLog] [info] Thread saw mini-batch with a maximum of 0.48% zero probability fragments
[2022-01-30 21:27:01.871] [jointLog] [info] Thread saw mini-batch with a maximum of 0.50% zero probability fragments
[2022-01-30 21:27:01.871] [jointLog] [info] Thread saw mini-batch with a maximum of 0.50% zero probability fragments
[2022-01-30 21:27:01.871] [jointLog] [info] Thread saw mini-batch with a maximum of 0.52% zero probability fragments
[2022-01-30 21:27:01.872] [jointLog] [info] Thread saw mini-batch with a maximum of 0.64% zero probability fragments
[2022-01-30 21:27:01.872] [jointLog] [info] Thread saw mini-batch with a maximum of 0.46% zero probability fragments
[2022-01-30 21:27:01.872] [jointLog] [info] Thread saw mini-batch with a maximum of 0.50% zero probability fragments
[2022-01-30 21:27:01.872] [jointLog] [info] Thread saw mini-batch with a maximum of 0.50% zero probability fragments
[2022-01-30 21:27:01.872] [jointLog] [info] Thread saw mini-batch with a maximum of 0.58% zero probability fragments
[2022-01-30 21:27:01.872] [jointLog] [info] Thread saw mini-batch with a maximum of 0.54% zero probability fragments
[2022-01-30 21:27:01.872] [jointLog] [info] Thread saw mini-batch with a maximum of 0.50% zero probability fragments
[2022-01-30 21:27:01.872] [jointLog] [info] Thread saw mini-batch with a maximum of 0.46% zero probability fragments
[2022-01-30 21:27:01.872] [jointLog] [info] Thread saw mini-batch with a maximum of 0.58% zero probability fragments
[2022-01-30 21:27:01.872] [jointLog] [info] Thread saw mini-batch with a maximum of 0.46% zero probability fragments
[2022-01-30 21:27:01.872] [jointLog] [info] Thread saw mini-batch with a maximum of 0.52% zero probability fragments
[2022-01-30 21:27:01.872] [jointLog] [info] Thread saw mini-batch with a maximum of 0.50% zero probability fragments
[2022-01-30 21:27:01.872] [jointLog] [info] Thread saw mini-batch with a maximum of 0.58% zero probability fragments
[2022-01-30 21:27:01.872] [jointLog] [info] Thread saw mini-batch with a maximum of 0.54% zero probability fragments
[2022-01-30 21:27:01.872] [jointLog] [info] Thread saw mini-batch with a maximum of 0.50% zero probability fragments
[2022-01-30 21:27:01.872] [jointLog] [info] Thread saw mini-batch with a maximum of 0.56% zero probability fragments
[2022-01-30 21:27:01.872] [jointLog] [info] Thread saw mini-batch with a maximum of 0.50% zero probability fragments
[2022-01-30 21:27:01.873] [jointLog] [info] Thread saw mini-batch with a maximum of 0.50% zero probability fragments
[2022-01-30 21:27:01.873] [jointLog] [info] Thread saw mini-batch with a maximum of 0.50% zero probability fragments
[2022-01-30 21:27:01.873] [jointLog] [info] Thread saw mini-batch with a maximum of 0.48% zero probability fragments
[2022-01-30 21:27:01.873] [jointLog] [info] Thread saw mini-batch with a maximum of 0.50% zero probability fragments
[2022-01-30 21:27:01.873] [jointLog] [info] Thread saw mini-batch with a maximum of 0.52% zero probability fragments
[2022-01-30 21:27:01.874] [jointLog] [info] Thread saw mini-batch with a maximum of 0.52% zero probability fragments
[2022-01-30 21:27:01.874] [jointLog] [info] Thread saw mini-batch with a maximum of 0.50% zero probability fragments
[2022-01-30 21:27:01.883] [jointLog] [info] Thread saw mini-batch with a maximum of 0.54% zero probability fragments
[2022-01-30 21:27:01.888] [jointLog] [info] Thread saw mini-batch with a maximum of 0.52% zero probability fragments
[2022-01-30 21:27:01.904] [jointLog] [info] Thread saw mini-batch with a maximum of 0.44% zero probability fragments
[2022-01-30 21:27:01.918] [jointLog] [info] Thread saw mini-batch with a maximum of 0.48% zero probability fragments
[2022-01-30 21:27:01.939] [jointLog] [info] Thread saw mini-batch with a maximum of 0.52% zero probability fragments
[2022-01-30 21:27:01.961] [jointLog] [info] Thread saw mini-batch with a maximum of 0.48% zero probability fragments
[2022-01-30 21:27:02.176] [jointLog] [info] Computed 53,814 rich equivalence classes for further processing
[2022-01-30 21:27:02.176] [jointLog] [info] Counted 40,694,755 total reads in the equivalence classes 
[2022-01-30 21:27:02.198] [jointLog] [warning] 0.000200658% of fragments were shorter than the k used to build the index.
If this fraction is too large, consider re-building the index with a smaller k.
The minimum read size found was 30.


[2022-01-30 21:27:02.198] [jointLog] [info] Number of mappings discarded because of alignment score : 6,471,402
[2022-01-30 21:27:02.198] [jointLog] [info] Number of fragments entirely discarded because of alignment score : 862,153
[2022-01-30 21:27:02.198] [jointLog] [info] Number of fragments discarded because they are best-mapped to decoys : 0
[2022-01-30 21:27:02.198] [jointLog] [info] Number of fragments discarded because they have only dovetail (discordant) mappings to valid targets : 7,730,511
[2022-01-30 21:27:02.198] [jointLog] [info] Mapping rate = 96.0673%

[2022-01-30 21:27:02.198] [jointLog] [info] finished quantifyLibrary()
[2022-01-30 21:27:02.200] [jointLog] [info] Starting optimizer
[2022-01-30 21:27:02.240] [jointLog] [info] Marked 0 weighted equivalence classes as degenerate
[2022-01-30 21:27:02.244] [jointLog] [info] iteration = 0 | max rel diff. = 17171.5
[2022-01-30 21:27:02.177] [fileLog] [info] 
At end of round 0
==================
Observed 42360658 total fragments (42360658 in most recent round)

[2022-01-30 21:27:02.520] [jointLog] [info] iteration = 100 | max rel diff. = 7.80329
[2022-01-30 21:27:02.775] [jointLog] [info] iteration = 200 | max rel diff. = 0.130191
[2022-01-30 21:27:03.029] [jointLog] [info] iteration = 300 | max rel diff. = 0.21989
[2022-01-30 21:27:03.286] [jointLog] [info] iteration = 400 | max rel diff. = 0.0913369
[2022-01-30 21:27:03.541] [jointLog] [info] iteration = 500 | max rel diff. = 0.355289
[2022-01-30 21:27:03.796] [jointLog] [info] iteration = 600 | max rel diff. = 0.0386246
[2022-01-30 21:27:04.051] [jointLog] [info] iteration = 700 | max rel diff. = 0.100075
[2022-01-30 21:27:04.307] [jointLog] [info] iteration = 800 | max rel diff. = 0.0255749
[2022-01-30 21:27:04.562] [jointLog] [info] iteration = 900 | max rel diff. = 0.0299928
[2022-01-30 21:27:04.651] [jointLog] [info] iteration = 936 | max rel diff. = 0.00190317
[2022-01-30 21:27:04.657] [jointLog] [info] Finished optimizer
[2022-01-30 21:27:04.657] [jointLog] [info] writing output 

