[2022-01-30 20:06:54.437] [jointLog] [info] setting maxHashResizeThreads to 40
[2022-01-30 20:06:54.438] [jointLog] [info] Fragment incompatibility prior below threshold.  Incompatible fragments will be ignored.
[2022-01-30 20:06:54.438] [jointLog] [info] Usage of --validateMappings implies use of minScoreFraction. Since not explicitly specified, it is being set to 0.65
[2022-01-30 20:06:54.438] [jointLog] [info] Setting consensusSlack to selective-alignment default of 0.35.
[2022-01-30 20:06:54.438] [jointLog] [info] parsing read library format
[2022-01-30 20:06:54.438] [jointLog] [info] There is 1 library.
[2022-01-30 20:06:54.439] [jointLog] [info] Loading pufferfish index
[2022-01-30 20:06:54.439] [jointLog] [info] Loading dense pufferfish index.
[2022-01-30 20:06:54.751] [jointLog] [info] done
[2022-01-30 20:06:54.802] [jointLog] [info] Index contained 40,812 targets
[2022-01-30 20:06:54.812] [jointLog] [info] Number of decoys : 0
[2022-01-30 20:06:55.593] [jointLog] [info] Automatically detected most likely library type as ISR

[2022-01-30 20:08:57.380] [jointLog] [info] Thread saw mini-batch with a maximum of 0.56% zero probability fragments
[2022-01-30 20:08:57.380] [jointLog] [info] Thread saw mini-batch with a maximum of 0.62% zero probability fragments
[2022-01-30 20:08:57.380] [jointLog] [info] Thread saw mini-batch with a maximum of 0.48% zero probability fragments
[2022-01-30 20:08:57.380] [jointLog] [info] Thread saw mini-batch with a maximum of 0.56% zero probability fragments
[2022-01-30 20:08:57.380] [jointLog] [info] Thread saw mini-batch with a maximum of 0.48% zero probability fragments
[2022-01-30 20:08:57.380] [jointLog] [info] Thread saw mini-batch with a maximum of 0.52% zero probability fragments
[2022-01-30 20:08:57.380] [jointLog] [info] Thread saw mini-batch with a maximum of 0.52% zero probability fragments
[2022-01-30 20:08:57.380] [jointLog] [info] Thread saw mini-batch with a maximum of 0.48% zero probability fragments
[2022-01-30 20:08:57.380] [jointLog] [info] Thread saw mini-batch with a maximum of 0.76% zero probability fragments
[2022-01-30 20:08:57.380] [jointLog] [info] Thread saw mini-batch with a maximum of 0.50% zero probability fragments
[2022-01-30 20:08:57.380] [jointLog] [info] Thread saw mini-batch with a maximum of 0.44% zero probability fragments
[2022-01-30 20:08:57.380] [jointLog] [info] Thread saw mini-batch with a maximum of 0.50% zero probability fragments
[2022-01-30 20:08:57.380] [jointLog] [info] Thread saw mini-batch with a maximum of 0.50% zero probability fragments
[2022-01-30 20:08:57.380] [jointLog] [info] Thread saw mini-batch with a maximum of 0.54% zero probability fragments
[2022-01-30 20:08:57.380] [jointLog] [info] Thread saw mini-batch with a maximum of 0.54% zero probability fragments
[2022-01-30 20:08:57.380] [jointLog] [info] Thread saw mini-batch with a maximum of 0.48% zero probability fragments
[2022-01-30 20:08:57.381] [jointLog] [info] Thread saw mini-batch with a maximum of 0.54% zero probability fragments
[2022-01-30 20:08:57.381] [jointLog] [info] Thread saw mini-batch with a maximum of 0.56% zero probability fragments
[2022-01-30 20:08:57.381] [jointLog] [info] Thread saw mini-batch with a maximum of 0.54% zero probability fragments
[2022-01-30 20:08:57.381] [jointLog] [info] Thread saw mini-batch with a maximum of 0.58% zero probability fragments
[2022-01-30 20:08:57.381] [jointLog] [info] Thread saw mini-batch with a maximum of 0.48% zero probability fragments
[2022-01-30 20:08:57.381] [jointLog] [info] Thread saw mini-batch with a maximum of 0.52% zero probability fragments
[2022-01-30 20:08:57.381] [jointLog] [info] Thread saw mini-batch with a maximum of 0.54% zero probability fragments
[2022-01-30 20:08:57.381] [jointLog] [info] Thread saw mini-batch with a maximum of 0.52% zero probability fragments
[2022-01-30 20:08:57.381] [jointLog] [info] Thread saw mini-batch with a maximum of 0.50% zero probability fragments
[2022-01-30 20:08:57.381] [jointLog] [info] Thread saw mini-batch with a maximum of 0.50% zero probability fragments
[2022-01-30 20:08:57.381] [jointLog] [info] Thread saw mini-batch with a maximum of 0.48% zero probability fragments
[2022-01-30 20:08:57.381] [jointLog] [info] Thread saw mini-batch with a maximum of 0.48% zero probability fragments
[2022-01-30 20:08:57.381] [jointLog] [info] Thread saw mini-batch with a maximum of 0.52% zero probability fragments
[2022-01-30 20:08:57.381] [jointLog] [info] Thread saw mini-batch with a maximum of 0.48% zero probability fragments
[2022-01-30 20:08:57.382] [jointLog] [info] Thread saw mini-batch with a maximum of 0.50% zero probability fragments
[2022-01-30 20:08:57.382] [jointLog] [info] Thread saw mini-batch with a maximum of 0.60% zero probability fragments
[2022-01-30 20:08:57.382] [jointLog] [info] Thread saw mini-batch with a maximum of 0.54% zero probability fragments
[2022-01-30 20:08:57.382] [jointLog] [info] Thread saw mini-batch with a maximum of 0.54% zero probability fragments
[2022-01-30 20:08:57.382] [jointLog] [info] Thread saw mini-batch with a maximum of 0.50% zero probability fragments
[2022-01-30 20:08:57.396] [jointLog] [info] Thread saw mini-batch with a maximum of 0.52% zero probability fragments
[2022-01-30 20:08:57.414] [jointLog] [info] Thread saw mini-batch with a maximum of 0.58% zero probability fragments
[2022-01-30 20:08:57.432] [jointLog] [info] Thread saw mini-batch with a maximum of 0.56% zero probability fragments
[2022-01-30 20:08:57.451] [jointLog] [info] Thread saw mini-batch with a maximum of 0.58% zero probability fragments
[2022-01-30 20:08:57.458] [jointLog] [info] Thread saw mini-batch with a maximum of 0.56% zero probability fragments
[2022-01-30 20:08:57.663] [jointLog] [info] Computed 50,333 rich equivalence classes for further processing
[2022-01-30 20:08:57.663] [jointLog] [info] Counted 32,664,250 total reads in the equivalence classes 
[2022-01-30 20:08:57.685] [jointLog] [warning] 0.000158991% of fragments were shorter than the k used to build the index.
If this fraction is too large, consider re-building the index with a smaller k.
The minimum read size found was 30.


[2022-01-30 20:08:57.685] [jointLog] [info] Number of mappings discarded because of alignment score : 4,813,389
[2022-01-30 20:08:57.685] [jointLog] [info] Number of fragments entirely discarded because of alignment score : 658,399
[2022-01-30 20:08:57.685] [jointLog] [info] Number of fragments discarded because they are best-mapped to decoys : 0
[2022-01-30 20:08:57.685] [jointLog] [info] Number of fragments discarded because they have only dovetail (discordant) mappings to valid targets : 4,373,606
[2022-01-30 20:08:57.685] [jointLog] [info] Mapping rate = 96.1723%

[2022-01-30 20:08:57.685] [jointLog] [info] finished quantifyLibrary()
[2022-01-30 20:08:57.687] [jointLog] [info] Starting optimizer
[2022-01-30 20:08:57.724] [jointLog] [info] Marked 0 weighted equivalence classes as degenerate
[2022-01-30 20:08:57.730] [jointLog] [info] iteration = 0 | max rel diff. = 23301.3
[2022-01-30 20:08:57.664] [fileLog] [info] 
At end of round 0
==================
Observed 33964287 total fragments (33964287 in most recent round)

[2022-01-30 20:08:58.000] [jointLog] [info] iteration = 100 | max rel diff. = 3.53111
[2022-01-30 20:08:58.248] [jointLog] [info] iteration = 200 | max rel diff. = 1.32147
[2022-01-30 20:08:58.497] [jointLog] [info] iteration = 300 | max rel diff. = 0.260888
[2022-01-30 20:08:58.745] [jointLog] [info] iteration = 400 | max rel diff. = 0.175153
[2022-01-30 20:08:58.993] [jointLog] [info] iteration = 500 | max rel diff. = 0.0372918
[2022-01-30 20:08:59.245] [jointLog] [info] iteration = 600 | max rel diff. = 5.82618
[2022-01-30 20:08:59.314] [jointLog] [info] iteration = 627 | max rel diff. = 0.0068097
[2022-01-30 20:08:59.320] [jointLog] [info] Finished optimizer
[2022-01-30 20:08:59.320] [jointLog] [info] writing output 

