[2022-01-30 21:49:02.592] [jointLog] [info] setting maxHashResizeThreads to 40
[2022-01-30 21:49:02.592] [jointLog] [info] Fragment incompatibility prior below threshold.  Incompatible fragments will be ignored.
[2022-01-30 21:49:02.592] [jointLog] [info] Usage of --validateMappings implies use of minScoreFraction. Since not explicitly specified, it is being set to 0.65
[2022-01-30 21:49:02.592] [jointLog] [info] Setting consensusSlack to selective-alignment default of 0.35.
[2022-01-30 21:49:02.592] [jointLog] [info] parsing read library format
[2022-01-30 21:49:02.592] [jointLog] [info] There is 1 library.
[2022-01-30 21:49:02.593] [jointLog] [info] Loading pufferfish index
[2022-01-30 21:49:02.594] [jointLog] [info] Loading dense pufferfish index.
[2022-01-30 21:49:02.901] [jointLog] [info] done
[2022-01-30 21:49:02.949] [jointLog] [info] Index contained 40,812 targets
[2022-01-30 21:49:02.960] [jointLog] [info] Number of decoys : 0
[2022-01-30 21:49:03.496] [jointLog] [info] Automatically detected most likely library type as ISR

[2022-01-30 21:51:22.995] [jointLog] [info] Thread saw mini-batch with a maximum of 0.48% zero probability fragments
[2022-01-30 21:51:22.995] [jointLog] [info] Thread saw mini-batch with a maximum of 0.46% zero probability fragments
[2022-01-30 21:51:22.995] [jointLog] [info] Thread saw mini-batch with a maximum of 0.48% zero probability fragments
[2022-01-30 21:51:22.995] [jointLog] [info] Thread saw mini-batch with a maximum of 0.48% zero probability fragments
[2022-01-30 21:51:22.995] [jointLog] [info] Thread saw mini-batch with a maximum of 0.42% zero probability fragments
[2022-01-30 21:51:22.995] [jointLog] [info] Thread saw mini-batch with a maximum of 0.56% zero probability fragments
[2022-01-30 21:51:22.995] [jointLog] [info] Thread saw mini-batch with a maximum of 0.52% zero probability fragments
[2022-01-30 21:51:22.995] [jointLog] [info] Thread saw mini-batch with a maximum of 0.48% zero probability fragments
[2022-01-30 21:51:22.995] [jointLog] [info] Thread saw mini-batch with a maximum of 0.54% zero probability fragments
[2022-01-30 21:51:22.995] [jointLog] [info] Thread saw mini-batch with a maximum of 0.46% zero probability fragments
[2022-01-30 21:51:22.995] [jointLog] [info] Thread saw mini-batch with a maximum of 0.50% zero probability fragments
[2022-01-30 21:51:22.995] [jointLog] [info] Thread saw mini-batch with a maximum of 0.52% zero probability fragments
[2022-01-30 21:51:22.995] [jointLog] [info] Thread saw mini-batch with a maximum of 0.46% zero probability fragments
[2022-01-30 21:51:22.995] [jointLog] [info] Thread saw mini-batch with a maximum of 0.48% zero probability fragments
[2022-01-30 21:51:22.995] [jointLog] [info] Thread saw mini-batch with a maximum of 0.48% zero probability fragments
[2022-01-30 21:51:22.995] [jointLog] [info] Thread saw mini-batch with a maximum of 0.50% zero probability fragments
[2022-01-30 21:51:22.995] [jointLog] [info] Thread saw mini-batch with a maximum of 0.50% zero probability fragments
[2022-01-30 21:51:22.995] [jointLog] [info] Thread saw mini-batch with a maximum of 0.46% zero probability fragments
[2022-01-30 21:51:22.995] [jointLog] [info] Thread saw mini-batch with a maximum of 0.50% zero probability fragments
[2022-01-30 21:51:22.995] [jointLog] [info] Thread saw mini-batch with a maximum of 0.48% zero probability fragments
[2022-01-30 21:51:22.995] [jointLog] [info] Thread saw mini-batch with a maximum of 0.44% zero probability fragments
[2022-01-30 21:51:22.995] [jointLog] [info] Thread saw mini-batch with a maximum of 0.46% zero probability fragments
[2022-01-30 21:51:22.996] [jointLog] [info] Thread saw mini-batch with a maximum of 0.46% zero probability fragments
[2022-01-30 21:51:22.996] [jointLog] [info] Thread saw mini-batch with a maximum of 0.46% zero probability fragments
[2022-01-30 21:51:22.996] [jointLog] [info] Thread saw mini-batch with a maximum of 0.48% zero probability fragments
[2022-01-30 21:51:22.996] [jointLog] [info] Thread saw mini-batch with a maximum of 0.50% zero probability fragments
[2022-01-30 21:51:22.996] [jointLog] [info] Thread saw mini-batch with a maximum of 0.54% zero probability fragments
[2022-01-30 21:51:22.996] [jointLog] [info] Thread saw mini-batch with a maximum of 0.52% zero probability fragments
[2022-01-30 21:51:22.996] [jointLog] [info] Thread saw mini-batch with a maximum of 0.50% zero probability fragments
[2022-01-30 21:51:22.996] [jointLog] [info] Thread saw mini-batch with a maximum of 0.50% zero probability fragments
[2022-01-30 21:51:22.996] [jointLog] [info] Thread saw mini-batch with a maximum of 0.54% zero probability fragments
[2022-01-30 21:51:22.996] [jointLog] [info] Thread saw mini-batch with a maximum of 0.50% zero probability fragments
[2022-01-30 21:51:22.996] [jointLog] [info] Thread saw mini-batch with a maximum of 0.48% zero probability fragments
[2022-01-30 21:51:22.996] [jointLog] [info] Thread saw mini-batch with a maximum of 0.46% zero probability fragments
[2022-01-30 21:51:22.999] [jointLog] [info] Thread saw mini-batch with a maximum of 0.50% zero probability fragments
[2022-01-30 21:51:23.023] [jointLog] [info] Thread saw mini-batch with a maximum of 0.44% zero probability fragments
[2022-01-30 21:51:23.037] [jointLog] [info] Thread saw mini-batch with a maximum of 0.44% zero probability fragments
[2022-01-30 21:51:23.040] [jointLog] [info] Thread saw mini-batch with a maximum of 0.48% zero probability fragments
[2022-01-30 21:51:23.056] [jointLog] [info] Thread saw mini-batch with a maximum of 0.46% zero probability fragments
[2022-01-30 21:51:23.072] [jointLog] [info] Thread saw mini-batch with a maximum of 0.44% zero probability fragments
[2022-01-30 21:51:23.281] [jointLog] [info] Computed 53,512 rich equivalence classes for further processing
[2022-01-30 21:51:23.281] [jointLog] [info] Counted 37,292,401 total reads in the equivalence classes 
[2022-01-30 21:51:23.282] [fileLog] [info] 
At end of round 0
==================
Observed 38732394 total fragments (38732394 in most recent round)

[2022-01-30 21:51:23.303] [jointLog] [warning] 0.000129091% of fragments were shorter than the k used to build the index.
If this fraction is too large, consider re-building the index with a smaller k.
The minimum read size found was 30.


[2022-01-30 21:51:23.303] [jointLog] [info] Number of mappings discarded because of alignment score : 5,767,955
[2022-01-30 21:51:23.303] [jointLog] [info] Number of fragments entirely discarded because of alignment score : 775,181
[2022-01-30 21:51:23.303] [jointLog] [info] Number of fragments discarded because they are best-mapped to decoys : 0
[2022-01-30 21:51:23.303] [jointLog] [info] Number of fragments discarded because they have only dovetail (discordant) mappings to valid targets : 6,475,825
[2022-01-30 21:51:23.303] [jointLog] [info] Mapping rate = 96.2822%

[2022-01-30 21:51:23.304] [jointLog] [info] finished quantifyLibrary()
[2022-01-30 21:51:23.306] [jointLog] [info] Starting optimizer
[2022-01-30 21:51:23.344] [jointLog] [info] Marked 0 weighted equivalence classes as degenerate
[2022-01-30 21:51:23.348] [jointLog] [info] iteration = 0 | max rel diff. = 20520.7
[2022-01-30 21:51:23.623] [jointLog] [info] iteration = 100 | max rel diff. = 6.08185
[2022-01-30 21:51:23.877] [jointLog] [info] iteration = 200 | max rel diff. = 0.673304
[2022-01-30 21:51:24.130] [jointLog] [info] iteration = 300 | max rel diff. = 0.296611
[2022-01-30 21:51:24.383] [jointLog] [info] iteration = 400 | max rel diff. = 0.231776
[2022-01-30 21:51:24.635] [jointLog] [info] iteration = 500 | max rel diff. = 0.690463
[2022-01-30 21:51:24.887] [jointLog] [info] iteration = 600 | max rel diff. = 0.145521
[2022-01-30 21:51:25.126] [jointLog] [info] iteration = 694 | max rel diff. = 0.00953383
[2022-01-30 21:51:25.131] [jointLog] [info] Finished optimizer
[2022-01-30 21:51:25.131] [jointLog] [info] writing output 

