[2022-01-30 21:29:42.736] [jointLog] [info] setting maxHashResizeThreads to 40
[2022-01-30 21:29:42.736] [jointLog] [info] Fragment incompatibility prior below threshold.  Incompatible fragments will be ignored.
[2022-01-30 21:29:42.736] [jointLog] [info] Usage of --validateMappings implies use of minScoreFraction. Since not explicitly specified, it is being set to 0.65
[2022-01-30 21:29:42.736] [jointLog] [info] Setting consensusSlack to selective-alignment default of 0.35.
[2022-01-30 21:29:42.736] [jointLog] [info] parsing read library format
[2022-01-30 21:29:42.736] [jointLog] [info] There is 1 library.
[2022-01-30 21:29:42.737] [jointLog] [info] Loading pufferfish index
[2022-01-30 21:29:42.738] [jointLog] [info] Loading dense pufferfish index.
[2022-01-30 21:29:43.095] [jointLog] [info] done
[2022-01-30 21:29:43.143] [jointLog] [info] Index contained 40,812 targets
[2022-01-30 21:29:43.154] [jointLog] [info] Number of decoys : 0
[2022-01-30 21:29:43.700] [jointLog] [info] Automatically detected most likely library type as ISR

[2022-01-30 21:31:56.990] [jointLog] [info] Thread saw mini-batch with a maximum of 0.48% zero probability fragments
[2022-01-30 21:31:56.990] [jointLog] [info] Thread saw mini-batch with a maximum of 0.50% zero probability fragments
[2022-01-30 21:31:56.990] [jointLog] [info] Thread saw mini-batch with a maximum of 0.52% zero probability fragments
[2022-01-30 21:31:56.990] [jointLog] [info] Thread saw mini-batch with a maximum of 0.50% zero probability fragments
[2022-01-30 21:31:56.990] [jointLog] [info] Thread saw mini-batch with a maximum of 0.54% zero probability fragments
[2022-01-30 21:31:56.990] [jointLog] [info] Thread saw mini-batch with a maximum of 0.56% zero probability fragments
[2022-01-30 21:31:56.990] [jointLog] [info] Thread saw mini-batch with a maximum of 0.54% zero probability fragments
[2022-01-30 21:31:56.990] [jointLog] [info] Thread saw mini-batch with a maximum of 0.46% zero probability fragments
[2022-01-30 21:31:56.990] [jointLog] [info] Thread saw mini-batch with a maximum of 0.54% zero probability fragments
[2022-01-30 21:31:56.990] [jointLog] [info] Thread saw mini-batch with a maximum of 0.46% zero probability fragments
[2022-01-30 21:31:56.990] [jointLog] [info] Thread saw mini-batch with a maximum of 0.46% zero probability fragments
[2022-01-30 21:31:56.990] [jointLog] [info] Thread saw mini-batch with a maximum of 0.46% zero probability fragments
[2022-01-30 21:31:56.990] [jointLog] [info] Thread saw mini-batch with a maximum of 0.60% zero probability fragments
[2022-01-30 21:31:56.990] [jointLog] [info] Thread saw mini-batch with a maximum of 0.54% zero probability fragments
[2022-01-30 21:31:56.990] [jointLog] [info] Thread saw mini-batch with a maximum of 0.48% zero probability fragments
[2022-01-30 21:31:56.990] [jointLog] [info] Thread saw mini-batch with a maximum of 0.48% zero probability fragments
[2022-01-30 21:31:56.990] [jointLog] [info] Thread saw mini-batch with a maximum of 0.44% zero probability fragments
[2022-01-30 21:31:56.990] [jointLog] [info] Thread saw mini-batch with a maximum of 0.50% zero probability fragments
[2022-01-30 21:31:56.990] [jointLog] [info] Thread saw mini-batch with a maximum of 0.52% zero probability fragments
[2022-01-30 21:31:56.990] [jointLog] [info] Thread saw mini-batch with a maximum of 0.50% zero probability fragments
[2022-01-30 21:31:56.990] [jointLog] [info] Thread saw mini-batch with a maximum of 0.46% zero probability fragments
[2022-01-30 21:31:56.990] [jointLog] [info] Thread saw mini-batch with a maximum of 0.56% zero probability fragments
[2022-01-30 21:31:56.990] [jointLog] [info] Thread saw mini-batch with a maximum of 0.56% zero probability fragments
[2022-01-30 21:31:56.990] [jointLog] [info] Thread saw mini-batch with a maximum of 0.56% zero probability fragments
[2022-01-30 21:31:56.990] [jointLog] [info] Thread saw mini-batch with a maximum of 0.58% zero probability fragments
[2022-01-30 21:31:56.990] [jointLog] [info] Thread saw mini-batch with a maximum of 0.46% zero probability fragments
[2022-01-30 21:31:56.990] [jointLog] [info] Thread saw mini-batch with a maximum of 0.54% zero probability fragments
[2022-01-30 21:31:56.990] [jointLog] [info] Thread saw mini-batch with a maximum of 0.46% zero probability fragments
[2022-01-30 21:31:56.991] [jointLog] [info] Thread saw mini-batch with a maximum of 0.52% zero probability fragments
[2022-01-30 21:31:56.991] [jointLog] [info] Thread saw mini-batch with a maximum of 0.48% zero probability fragments
[2022-01-30 21:31:56.991] [jointLog] [info] Thread saw mini-batch with a maximum of 0.48% zero probability fragments
[2022-01-30 21:31:56.991] [jointLog] [info] Thread saw mini-batch with a maximum of 0.50% zero probability fragments
[2022-01-30 21:31:56.991] [jointLog] [info] Thread saw mini-batch with a maximum of 0.48% zero probability fragments
[2022-01-30 21:31:56.991] [jointLog] [info] Thread saw mini-batch with a maximum of 0.46% zero probability fragments
[2022-01-30 21:31:57.004] [jointLog] [info] Thread saw mini-batch with a maximum of 0.44% zero probability fragments
[2022-01-30 21:31:57.009] [jointLog] [info] Thread saw mini-batch with a maximum of 0.52% zero probability fragments
[2022-01-30 21:31:57.016] [jointLog] [info] Thread saw mini-batch with a maximum of 0.54% zero probability fragments
[2022-01-30 21:31:57.036] [jointLog] [info] Thread saw mini-batch with a maximum of 0.54% zero probability fragments
[2022-01-30 21:31:57.061] [jointLog] [info] Thread saw mini-batch with a maximum of 0.46% zero probability fragments
[2022-01-30 21:31:57.070] [jointLog] [info] Thread saw mini-batch with a maximum of 0.52% zero probability fragments
[2022-01-30 21:31:57.282] [jointLog] [info] Computed 53,339 rich equivalence classes for further processing
[2022-01-30 21:31:57.282] [jointLog] [info] Counted 36,241,604 total reads in the equivalence classes 
[2022-01-30 21:31:57.305] [jointLog] [warning] 0.000223548% of fragments were shorter than the k used to build the index.
If this fraction is too large, consider re-building the index with a smaller k.
The minimum read size found was 30.


[2022-01-30 21:31:57.305] [jointLog] [info] Number of mappings discarded because of alignment score : 6,238,340
[2022-01-30 21:31:57.305] [jointLog] [info] Number of fragments entirely discarded because of alignment score : 718,188
[2022-01-30 21:31:57.305] [jointLog] [info] Number of fragments discarded because they are best-mapped to decoys : 0
[2022-01-30 21:31:57.305] [jointLog] [info] Number of fragments discarded because they have only dovetail (discordant) mappings to valid targets : 7,339,835
[2022-01-30 21:31:57.305] [jointLog] [info] Mapping rate = 96.4491%

[2022-01-30 21:31:57.305] [jointLog] [info] finished quantifyLibrary()
[2022-01-30 21:31:57.307] [jointLog] [info] Starting optimizer
[2022-01-30 21:31:57.342] [jointLog] [info] Marked 0 weighted equivalence classes as degenerate
[2022-01-30 21:31:57.347] [jointLog] [info] iteration = 0 | max rel diff. = 23882.5
[2022-01-30 21:31:57.283] [fileLog] [info] 
At end of round 0
==================
Observed 37575904 total fragments (37575904 in most recent round)

[2022-01-30 21:31:57.624] [jointLog] [info] iteration = 100 | max rel diff. = 0.833668
[2022-01-30 21:31:57.876] [jointLog] [info] iteration = 200 | max rel diff. = 0.334928
[2022-01-30 21:31:58.128] [jointLog] [info] iteration = 300 | max rel diff. = 0.436612
[2022-01-30 21:31:58.380] [jointLog] [info] iteration = 400 | max rel diff. = 0.788307
[2022-01-30 21:31:58.632] [jointLog] [info] iteration = 500 | max rel diff. = 0.262268
[2022-01-30 21:31:58.884] [jointLog] [info] iteration = 600 | max rel diff. = 0.846755
[2022-01-30 21:31:59.042] [jointLog] [info] iteration = 663 | max rel diff. = 0.00762183
[2022-01-30 21:31:59.047] [jointLog] [info] Finished optimizer
[2022-01-30 21:31:59.047] [jointLog] [info] writing output 

