[2022-01-30 19:41:17.015] [jointLog] [info] setting maxHashResizeThreads to 40
[2022-01-30 19:41:17.015] [jointLog] [info] Fragment incompatibility prior below threshold.  Incompatible fragments will be ignored.
[2022-01-30 19:41:17.015] [jointLog] [info] Usage of --validateMappings implies use of minScoreFraction. Since not explicitly specified, it is being set to 0.65
[2022-01-30 19:41:17.015] [jointLog] [info] Setting consensusSlack to selective-alignment default of 0.35.
[2022-01-30 19:41:17.015] [jointLog] [info] parsing read library format
[2022-01-30 19:41:17.015] [jointLog] [info] There is 1 library.
[2022-01-30 19:41:17.016] [jointLog] [info] Loading pufferfish index
[2022-01-30 19:41:17.016] [jointLog] [info] Loading dense pufferfish index.
[2022-01-30 19:41:17.327] [jointLog] [info] done
[2022-01-30 19:41:17.378] [jointLog] [info] Index contained 40,812 targets
[2022-01-30 19:41:17.388] [jointLog] [info] Number of decoys : 0
[2022-01-30 19:41:17.921] [jointLog] [info] Automatically detected most likely library type as ISR

[2022-01-30 19:43:51.374] [jointLog] [info] Thread saw mini-batch with a maximum of 0.48% zero probability fragments
[2022-01-30 19:43:51.374] [jointLog] [info] Thread saw mini-batch with a maximum of 0.48% zero probability fragments
[2022-01-30 19:43:51.374] [jointLog] [info] Thread saw mini-batch with a maximum of 0.46% zero probability fragments
[2022-01-30 19:43:51.374] [jointLog] [info] Thread saw mini-batch with a maximum of 0.46% zero probability fragments
[2022-01-30 19:43:51.374] [jointLog] [info] Thread saw mini-batch with a maximum of 0.46% zero probability fragments
[2022-01-30 19:43:51.374] [jointLog] [info] Thread saw mini-batch with a maximum of 0.48% zero probability fragments
[2022-01-30 19:43:51.374] [jointLog] [info] Thread saw mini-batch with a maximum of 0.54% zero probability fragments
[2022-01-30 19:43:51.374] [jointLog] [info] Thread saw mini-batch with a maximum of 0.42% zero probability fragments
[2022-01-30 19:43:51.374] [jointLog] [info] Thread saw mini-batch with a maximum of 0.46% zero probability fragments
[2022-01-30 19:43:51.374] [jointLog] [info] Thread saw mini-batch with a maximum of 0.44% zero probability fragments
[2022-01-30 19:43:51.374] [jointLog] [info] Thread saw mini-batch with a maximum of 0.48% zero probability fragments
[2022-01-30 19:43:51.374] [jointLog] [info] Thread saw mini-batch with a maximum of 0.46% zero probability fragments
[2022-01-30 19:43:51.374] [jointLog] [info] Thread saw mini-batch with a maximum of 0.40% zero probability fragments
[2022-01-30 19:43:51.374] [jointLog] [info] Thread saw mini-batch with a maximum of 0.46% zero probability fragments
[2022-01-30 19:43:51.374] [jointLog] [info] Thread saw mini-batch with a maximum of 0.54% zero probability fragments
[2022-01-30 19:43:51.374] [jointLog] [info] Thread saw mini-batch with a maximum of 0.46% zero probability fragments
[2022-01-30 19:43:51.374] [jointLog] [info] Thread saw mini-batch with a maximum of 0.46% zero probability fragments
[2022-01-30 19:43:51.374] [jointLog] [info] Thread saw mini-batch with a maximum of 0.42% zero probability fragments
[2022-01-30 19:43:51.374] [jointLog] [info] Thread saw mini-batch with a maximum of 0.52% zero probability fragments
[2022-01-30 19:43:51.374] [jointLog] [info] Thread saw mini-batch with a maximum of 0.50% zero probability fragments
[2022-01-30 19:43:51.374] [jointLog] [info] Thread saw mini-batch with a maximum of 0.56% zero probability fragments
[2022-01-30 19:43:51.374] [jointLog] [info] Thread saw mini-batch with a maximum of 0.50% zero probability fragments
[2022-01-30 19:43:51.374] [jointLog] [info] Thread saw mini-batch with a maximum of 0.50% zero probability fragments
[2022-01-30 19:43:51.374] [jointLog] [info] Thread saw mini-batch with a maximum of 0.54% zero probability fragments
[2022-01-30 19:43:51.374] [jointLog] [info] Thread saw mini-batch with a maximum of 0.52% zero probability fragments
[2022-01-30 19:43:51.374] [jointLog] [info] Thread saw mini-batch with a maximum of 0.48% zero probability fragments
[2022-01-30 19:43:51.374] [jointLog] [info] Thread saw mini-batch with a maximum of 0.46% zero probability fragments
[2022-01-30 19:43:51.374] [jointLog] [info] Thread saw mini-batch with a maximum of 0.48% zero probability fragments
[2022-01-30 19:43:51.374] [jointLog] [info] Thread saw mini-batch with a maximum of 0.46% zero probability fragments
[2022-01-30 19:43:51.374] [jointLog] [info] Thread saw mini-batch with a maximum of 0.50% zero probability fragments
[2022-01-30 19:43:51.375] [jointLog] [info] Thread saw mini-batch with a maximum of 0.50% zero probability fragments
[2022-01-30 19:43:51.374] [jointLog] [info] Thread saw mini-batch with a maximum of 0.42% zero probability fragments
[2022-01-30 19:43:51.378] [jointLog] [info] Thread saw mini-batch with a maximum of 0.44% zero probability fragments
[2022-01-30 19:43:51.378] [jointLog] [info] Thread saw mini-batch with a maximum of 0.48% zero probability fragments
[2022-01-30 19:43:51.381] [jointLog] [info] Thread saw mini-batch with a maximum of 0.42% zero probability fragments
[2022-01-30 19:43:51.394] [jointLog] [info] Thread saw mini-batch with a maximum of 0.52% zero probability fragments
[2022-01-30 19:43:51.412] [jointLog] [info] Thread saw mini-batch with a maximum of 0.48% zero probability fragments
[2022-01-30 19:43:51.431] [jointLog] [info] Thread saw mini-batch with a maximum of 0.50% zero probability fragments
[2022-01-30 19:43:51.434] [jointLog] [info] Thread saw mini-batch with a maximum of 0.48% zero probability fragments
[2022-01-30 19:43:51.444] [jointLog] [info] Thread saw mini-batch with a maximum of 0.48% zero probability fragments
[2022-01-30 19:43:51.673] [jointLog] [info] Computed 52,010 rich equivalence classes for further processing
[2022-01-30 19:43:51.673] [jointLog] [info] Counted 41,828,379 total reads in the equivalence classes 
[2022-01-30 19:43:51.694] [jointLog] [warning] 0.000236301% of fragments were shorter than the k used to build the index.
If this fraction is too large, consider re-building the index with a smaller k.
The minimum read size found was 30.


[2022-01-30 19:43:51.694] [jointLog] [info] Number of mappings discarded because of alignment score : 8,041,412
[2022-01-30 19:43:51.694] [jointLog] [info] Number of fragments entirely discarded because of alignment score : 712,997
[2022-01-30 19:43:51.694] [jointLog] [info] Number of fragments discarded because they are best-mapped to decoys : 0
[2022-01-30 19:43:51.694] [jointLog] [info] Number of fragments discarded because they have only dovetail (discordant) mappings to valid targets : 15,932,805
[2022-01-30 19:43:51.694] [jointLog] [info] Mapping rate = 95.962%

[2022-01-30 19:43:51.694] [jointLog] [info] finished quantifyLibrary()
[2022-01-30 19:43:51.698] [jointLog] [info] Starting optimizer
[2022-01-30 19:43:51.674] [fileLog] [info] 
At end of round 0
==================
Observed 43588481 total fragments (43588481 in most recent round)

[2022-01-30 19:43:51.747] [jointLog] [info] Marked 0 weighted equivalence classes as degenerate
[2022-01-30 19:43:51.753] [jointLog] [info] iteration = 0 | max rel diff. = 16725.9
[2022-01-30 19:43:52.044] [jointLog] [info] iteration = 100 | max rel diff. = 4.65386
[2022-01-30 19:43:52.297] [jointLog] [info] iteration = 200 | max rel diff. = 1.08436
[2022-01-30 19:43:52.551] [jointLog] [info] iteration = 300 | max rel diff. = 0.333568
[2022-01-30 19:43:52.805] [jointLog] [info] iteration = 400 | max rel diff. = 1.05896
[2022-01-30 19:43:53.058] [jointLog] [info] iteration = 500 | max rel diff. = 10.7623
[2022-01-30 19:43:53.312] [jointLog] [info] iteration = 600 | max rel diff. = 0.0556362
[2022-01-30 19:43:53.510] [jointLog] [info] iteration = 679 | max rel diff. = 0.00467122
[2022-01-30 19:43:53.514] [jointLog] [info] Finished optimizer
[2022-01-30 19:43:53.514] [jointLog] [info] writing output 

