[2022-01-30 21:11:21.427] [jointLog] [info] setting maxHashResizeThreads to 40
[2022-01-30 21:11:21.427] [jointLog] [info] Fragment incompatibility prior below threshold.  Incompatible fragments will be ignored.
[2022-01-30 21:11:21.427] [jointLog] [info] Usage of --validateMappings implies use of minScoreFraction. Since not explicitly specified, it is being set to 0.65
[2022-01-30 21:11:21.427] [jointLog] [info] Setting consensusSlack to selective-alignment default of 0.35.
[2022-01-30 21:11:21.427] [jointLog] [info] parsing read library format
[2022-01-30 21:11:21.427] [jointLog] [info] There is 1 library.
[2022-01-30 21:11:21.428] [jointLog] [info] Loading pufferfish index
[2022-01-30 21:11:21.428] [jointLog] [info] Loading dense pufferfish index.
[2022-01-30 21:11:21.738] [jointLog] [info] done
[2022-01-30 21:11:21.789] [jointLog] [info] Index contained 40,812 targets
[2022-01-30 21:11:21.799] [jointLog] [info] Number of decoys : 0
[2022-01-30 21:11:22.327] [jointLog] [info] Automatically detected most likely library type as ISR

[2022-01-30 21:13:55.560] [jointLog] [info] Thread saw mini-batch with a maximum of 0.56% zero probability fragments
[2022-01-30 21:13:55.560] [jointLog] [info] Thread saw mini-batch with a maximum of 0.56% zero probability fragments
[2022-01-30 21:13:55.560] [jointLog] [info] Thread saw mini-batch with a maximum of 0.56% zero probability fragments
[2022-01-30 21:13:55.560] [jointLog] [info] Thread saw mini-batch with a maximum of 0.54% zero probability fragments
[2022-01-30 21:13:55.560] [jointLog] [info] Thread saw mini-batch with a maximum of 0.62% zero probability fragments
[2022-01-30 21:13:55.560] [jointLog] [info] Thread saw mini-batch with a maximum of 0.58% zero probability fragments
[2022-01-30 21:13:55.560] [jointLog] [info] Thread saw mini-batch with a maximum of 0.54% zero probability fragments
[2022-01-30 21:13:55.560] [jointLog] [info] Thread saw mini-batch with a maximum of 0.54% zero probability fragments
[2022-01-30 21:13:55.560] [jointLog] [info] Thread saw mini-batch with a maximum of 0.52% zero probability fragments
[2022-01-30 21:13:55.560] [jointLog] [info] Thread saw mini-batch with a maximum of 0.52% zero probability fragments
[2022-01-30 21:13:55.560] [jointLog] [info] Thread saw mini-batch with a maximum of 0.54% zero probability fragments
[2022-01-30 21:13:55.560] [jointLog] [info] Thread saw mini-batch with a maximum of 0.56% zero probability fragments
[2022-01-30 21:13:55.560] [jointLog] [info] Thread saw mini-batch with a maximum of 0.50% zero probability fragments
[2022-01-30 21:13:55.560] [jointLog] [info] Thread saw mini-batch with a maximum of 0.54% zero probability fragments
[2022-01-30 21:13:55.560] [jointLog] [info] Thread saw mini-batch with a maximum of 0.50% zero probability fragments
[2022-01-30 21:13:55.561] [jointLog] [info] Thread saw mini-batch with a maximum of 0.54% zero probability fragments
[2022-01-30 21:13:55.561] [jointLog] [info] Thread saw mini-batch with a maximum of 0.54% zero probability fragments
[2022-01-30 21:13:55.561] [jointLog] [info] Thread saw mini-batch with a maximum of 0.64% zero probability fragments
[2022-01-30 21:13:55.561] [jointLog] [info] Thread saw mini-batch with a maximum of 0.64% zero probability fragments
[2022-01-30 21:13:55.561] [jointLog] [info] Thread saw mini-batch with a maximum of 0.52% zero probability fragments
[2022-01-30 21:13:55.561] [jointLog] [info] Thread saw mini-batch with a maximum of 0.54% zero probability fragments
[2022-01-30 21:13:55.561] [jointLog] [info] Thread saw mini-batch with a maximum of 0.52% zero probability fragments
[2022-01-30 21:13:55.561] [jointLog] [info] Thread saw mini-batch with a maximum of 0.50% zero probability fragments
[2022-01-30 21:13:55.561] [jointLog] [info] Thread saw mini-batch with a maximum of 0.54% zero probability fragments
[2022-01-30 21:13:55.561] [jointLog] [info] Thread saw mini-batch with a maximum of 0.52% zero probability fragments
[2022-01-30 21:13:55.561] [jointLog] [info] Thread saw mini-batch with a maximum of 0.58% zero probability fragments
[2022-01-30 21:13:55.561] [jointLog] [info] Thread saw mini-batch with a maximum of 0.60% zero probability fragments
[2022-01-30 21:13:55.561] [jointLog] [info] Thread saw mini-batch with a maximum of 0.52% zero probability fragments
[2022-01-30 21:13:55.561] [jointLog] [info] Thread saw mini-batch with a maximum of 0.58% zero probability fragments
[2022-01-30 21:13:55.561] [jointLog] [info] Thread saw mini-batch with a maximum of 0.52% zero probability fragments
[2022-01-30 21:13:55.561] [jointLog] [info] Thread saw mini-batch with a maximum of 0.50% zero probability fragments
[2022-01-30 21:13:55.561] [jointLog] [info] Thread saw mini-batch with a maximum of 0.46% zero probability fragments
[2022-01-30 21:13:55.562] [jointLog] [info] Thread saw mini-batch with a maximum of 0.52% zero probability fragments
[2022-01-30 21:13:55.565] [jointLog] [info] Thread saw mini-batch with a maximum of 0.52% zero probability fragments
[2022-01-30 21:13:55.567] [jointLog] [info] Thread saw mini-batch with a maximum of 0.54% zero probability fragments
[2022-01-30 21:13:55.583] [jointLog] [info] Thread saw mini-batch with a maximum of 0.52% zero probability fragments
[2022-01-30 21:13:55.600] [jointLog] [info] Thread saw mini-batch with a maximum of 0.52% zero probability fragments
[2022-01-30 21:13:55.603] [jointLog] [info] Thread saw mini-batch with a maximum of 0.56% zero probability fragments
[2022-01-30 21:13:55.624] [jointLog] [info] Thread saw mini-batch with a maximum of 0.54% zero probability fragments
[2022-01-30 21:13:55.642] [jointLog] [info] Thread saw mini-batch with a maximum of 0.48% zero probability fragments
[2022-01-30 21:13:55.877] [jointLog] [info] Computed 53,070 rich equivalence classes for further processing
[2022-01-30 21:13:55.877] [jointLog] [info] Counted 41,102,826 total reads in the equivalence classes 
[2022-01-30 21:13:55.899] [jointLog] [warning] 0.000135984% of fragments were shorter than the k used to build the index.
If this fraction is too large, consider re-building the index with a smaller k.
The minimum read size found was 30.


[2022-01-30 21:13:55.899] [jointLog] [info] Number of mappings discarded because of alignment score : 5,489,313
[2022-01-30 21:13:55.899] [jointLog] [info] Number of fragments entirely discarded because of alignment score : 853,345
[2022-01-30 21:13:55.899] [jointLog] [info] Number of fragments discarded because they are best-mapped to decoys : 0
[2022-01-30 21:13:55.899] [jointLog] [info] Number of fragments discarded because they have only dovetail (discordant) mappings to valid targets : 6,010,435
[2022-01-30 21:13:55.899] [jointLog] [info] Mapping rate = 96.3677%

[2022-01-30 21:13:55.899] [jointLog] [info] finished quantifyLibrary()
[2022-01-30 21:13:55.901] [jointLog] [info] Starting optimizer
[2022-01-30 21:13:55.941] [jointLog] [info] Marked 0 weighted equivalence classes as degenerate
[2022-01-30 21:13:55.947] [jointLog] [info] iteration = 0 | max rel diff. = 15957.1
[2022-01-30 21:13:55.878] [fileLog] [info] 
At end of round 0
==================
Observed 42652098 total fragments (42652098 in most recent round)

[2022-01-30 21:13:56.254] [jointLog] [info] iteration = 100 | max rel diff. = 11.405
[2022-01-30 21:13:56.506] [jointLog] [info] iteration = 200 | max rel diff. = 2.34314
[2022-01-30 21:13:56.759] [jointLog] [info] iteration = 300 | max rel diff. = 0.153001
[2022-01-30 21:13:57.011] [jointLog] [info] iteration = 400 | max rel diff. = 0.0339195
[2022-01-30 21:13:57.263] [jointLog] [info] iteration = 500 | max rel diff. = 0.514755
[2022-01-30 21:13:57.516] [jointLog] [info] iteration = 600 | max rel diff. = 0.888093
[2022-01-30 21:13:57.757] [jointLog] [info] iteration = 696 | max rel diff. = 0.00819162
[2022-01-30 21:13:57.761] [jointLog] [info] Finished optimizer
[2022-01-30 21:13:57.761] [jointLog] [info] writing output 

