[2022-01-30 21:56:23.630] [jointLog] [info] setting maxHashResizeThreads to 40
[2022-01-30 21:56:23.630] [jointLog] [info] Fragment incompatibility prior below threshold.  Incompatible fragments will be ignored.
[2022-01-30 21:56:23.630] [jointLog] [info] Usage of --validateMappings implies use of minScoreFraction. Since not explicitly specified, it is being set to 0.65
[2022-01-30 21:56:23.630] [jointLog] [info] Setting consensusSlack to selective-alignment default of 0.35.
[2022-01-30 21:56:23.630] [jointLog] [info] parsing read library format
[2022-01-30 21:56:23.630] [jointLog] [info] There is 1 library.
[2022-01-30 21:56:23.631] [jointLog] [info] Loading pufferfish index
[2022-01-30 21:56:23.632] [jointLog] [info] Loading dense pufferfish index.
[2022-01-30 21:56:23.943] [jointLog] [info] done
[2022-01-30 21:56:23.994] [jointLog] [info] Index contained 40,812 targets
[2022-01-30 21:56:24.005] [jointLog] [info] Number of decoys : 0
[2022-01-30 21:56:24.594] [jointLog] [info] Automatically detected most likely library type as ISR

[2022-01-30 21:59:34.016] [jointLog] [info] Thread saw mini-batch with a maximum of 0.56% zero probability fragments
[2022-01-30 21:59:34.016] [jointLog] [info] Thread saw mini-batch with a maximum of 0.46% zero probability fragments
[2022-01-30 21:59:34.016] [jointLog] [info] Thread saw mini-batch with a maximum of 0.52% zero probability fragments
[2022-01-30 21:59:34.016] [jointLog] [info] Thread saw mini-batch with a maximum of 0.54% zero probability fragments
[2022-01-30 21:59:34.016] [jointLog] [info] Thread saw mini-batch with a maximum of 0.58% zero probability fragments
[2022-01-30 21:59:34.016] [jointLog] [info] Thread saw mini-batch with a maximum of 0.62% zero probability fragments
[2022-01-30 21:59:34.016] [jointLog] [info] Thread saw mini-batch with a maximum of 0.58% zero probability fragments
[2022-01-30 21:59:34.016] [jointLog] [info] Thread saw mini-batch with a maximum of 0.52% zero probability fragments
[2022-01-30 21:59:34.016] [jointLog] [info] Thread saw mini-batch with a maximum of 0.52% zero probability fragments
[2022-01-30 21:59:34.016] [jointLog] [info] Thread saw mini-batch with a maximum of 0.52% zero probability fragments
[2022-01-30 21:59:34.016] [jointLog] [info] Thread saw mini-batch with a maximum of 0.54% zero probability fragments
[2022-01-30 21:59:34.016] [jointLog] [info] Thread saw mini-batch with a maximum of 0.50% zero probability fragments
[2022-01-30 21:59:34.016] [jointLog] [info] Thread saw mini-batch with a maximum of 0.52% zero probability fragments
[2022-01-30 21:59:34.016] [jointLog] [info] Thread saw mini-batch with a maximum of 0.56% zero probability fragments
[2022-01-30 21:59:34.016] [jointLog] [info] Thread saw mini-batch with a maximum of 0.54% zero probability fragments
[2022-01-30 21:59:34.016] [jointLog] [info] Thread saw mini-batch with a maximum of 0.56% zero probability fragments
[2022-01-30 21:59:34.016] [jointLog] [info] Thread saw mini-batch with a maximum of 0.58% zero probability fragments
[2022-01-30 21:59:34.016] [jointLog] [info] Thread saw mini-batch with a maximum of 0.58% zero probability fragments
[2022-01-30 21:59:34.016] [jointLog] [info] Thread saw mini-batch with a maximum of 0.56% zero probability fragments
[2022-01-30 21:59:34.016] [jointLog] [info] Thread saw mini-batch with a maximum of 0.58% zero probability fragments
[2022-01-30 21:59:34.016] [jointLog] [info] Thread saw mini-batch with a maximum of 0.56% zero probability fragments
[2022-01-30 21:59:34.016] [jointLog] [info] Thread saw mini-batch with a maximum of 0.58% zero probability fragments
[2022-01-30 21:59:34.016] [jointLog] [info] Thread saw mini-batch with a maximum of 0.54% zero probability fragments
[2022-01-30 21:59:34.016] [jointLog] [info] Thread saw mini-batch with a maximum of 0.58% zero probability fragments
[2022-01-30 21:59:34.016] [jointLog] [info] Thread saw mini-batch with a maximum of 0.56% zero probability fragments
[2022-01-30 21:59:34.016] [jointLog] [info] Thread saw mini-batch with a maximum of 0.50% zero probability fragments
[2022-01-30 21:59:34.016] [jointLog] [info] Thread saw mini-batch with a maximum of 0.52% zero probability fragments
[2022-01-30 21:59:34.016] [jointLog] [info] Thread saw mini-batch with a maximum of 0.54% zero probability fragments
[2022-01-30 21:59:34.016] [jointLog] [info] Thread saw mini-batch with a maximum of 0.54% zero probability fragments
[2022-01-30 21:59:34.016] [jointLog] [info] Thread saw mini-batch with a maximum of 0.54% zero probability fragments
[2022-01-30 21:59:34.016] [jointLog] [info] Thread saw mini-batch with a maximum of 0.54% zero probability fragments
[2022-01-30 21:59:34.016] [jointLog] [info] Thread saw mini-batch with a maximum of 0.58% zero probability fragments
[2022-01-30 21:59:34.017] [jointLog] [info] Thread saw mini-batch with a maximum of 0.56% zero probability fragments
[2022-01-30 21:59:34.017] [jointLog] [info] Thread saw mini-batch with a maximum of 0.54% zero probability fragments
[2022-01-30 21:59:34.018] [jointLog] [info] Thread saw mini-batch with a maximum of 0.64% zero probability fragments
[2022-01-30 21:59:34.053] [jointLog] [info] Thread saw mini-batch with a maximum of 0.52% zero probability fragments
[2022-01-30 21:59:34.060] [jointLog] [info] Thread saw mini-batch with a maximum of 0.66% zero probability fragments
[2022-01-30 21:59:34.062] [jointLog] [info] Thread saw mini-batch with a maximum of 0.64% zero probability fragments
[2022-01-30 21:59:34.084] [jointLog] [info] Thread saw mini-batch with a maximum of 0.50% zero probability fragments
[2022-01-30 21:59:34.089] [jointLog] [info] Thread saw mini-batch with a maximum of 0.58% zero probability fragments
[2022-01-30 21:59:34.323] [jointLog] [info] Computed 55,077 rich equivalence classes for further processing
[2022-01-30 21:59:34.323] [jointLog] [info] Counted 51,784,113 total reads in the equivalence classes 
[2022-01-30 21:59:34.324] [fileLog] [info] 
At end of round 0
==================
Observed 53502444 total fragments (53502444 in most recent round)

[2022-01-30 21:59:34.345] [jointLog] [warning] 0.000123359% of fragments were shorter than the k used to build the index.
If this fraction is too large, consider re-building the index with a smaller k.
The minimum read size found was 30.


[2022-01-30 21:59:34.345] [jointLog] [info] Number of mappings discarded because of alignment score : 11,016,462
[2022-01-30 21:59:34.345] [jointLog] [info] Number of fragments entirely discarded because of alignment score : 851,041
[2022-01-30 21:59:34.345] [jointLog] [info] Number of fragments discarded because they are best-mapped to decoys : 0
[2022-01-30 21:59:34.345] [jointLog] [info] Number of fragments discarded because they have only dovetail (discordant) mappings to valid targets : 15,699,175
[2022-01-30 21:59:34.345] [jointLog] [info] Mapping rate = 96.7883%

[2022-01-30 21:59:34.345] [jointLog] [info] finished quantifyLibrary()
[2022-01-30 21:59:34.347] [jointLog] [info] Starting optimizer
[2022-01-30 21:59:34.384] [jointLog] [info] Marked 0 weighted equivalence classes as degenerate
[2022-01-30 21:59:34.388] [jointLog] [info] iteration = 0 | max rel diff. = 363.991
[2022-01-30 21:59:34.662] [jointLog] [info] iteration = 100 | max rel diff. = 2.26453
[2022-01-30 21:59:34.919] [jointLog] [info] iteration = 200 | max rel diff. = 0.877979
[2022-01-30 21:59:35.185] [jointLog] [info] iteration = 300 | max rel diff. = 0.119857
[2022-01-30 21:59:35.451] [jointLog] [info] iteration = 400 | max rel diff. = 7.49088
[2022-01-30 21:59:35.709] [jointLog] [info] iteration = 500 | max rel diff. = 0.755459
[2022-01-30 21:59:35.755] [jointLog] [info] iteration = 519 | max rel diff. = 0.00867948
[2022-01-30 21:59:35.760] [jointLog] [info] Finished optimizer
[2022-01-30 21:59:35.760] [jointLog] [info] writing output 

