[2022-01-30 20:45:25.509] [jointLog] [info] setting maxHashResizeThreads to 40
[2022-01-30 20:45:25.509] [jointLog] [info] Fragment incompatibility prior below threshold.  Incompatible fragments will be ignored.
[2022-01-30 20:45:25.509] [jointLog] [info] Usage of --validateMappings implies use of minScoreFraction. Since not explicitly specified, it is being set to 0.65
[2022-01-30 20:45:25.509] [jointLog] [info] Setting consensusSlack to selective-alignment default of 0.35.
[2022-01-30 20:45:25.509] [jointLog] [info] parsing read library format
[2022-01-30 20:45:25.509] [jointLog] [info] There is 1 library.
[2022-01-30 20:45:25.510] [jointLog] [info] Loading pufferfish index
[2022-01-30 20:45:25.511] [jointLog] [info] Loading dense pufferfish index.
[2022-01-30 20:45:25.819] [jointLog] [info] done
[2022-01-30 20:45:25.868] [jointLog] [info] Index contained 40,812 targets
[2022-01-30 20:45:25.878] [jointLog] [info] Number of decoys : 0
[2022-01-30 20:45:26.455] [jointLog] [info] Automatically detected most likely library type as ISR

[2022-01-30 20:48:09.951] [jointLog] [info] Thread saw mini-batch with a maximum of 0.54% zero probability fragments
[2022-01-30 20:48:09.951] [jointLog] [info] Thread saw mini-batch with a maximum of 0.52% zero probability fragments
[2022-01-30 20:48:09.951] [jointLog] [info] Thread saw mini-batch with a maximum of 0.48% zero probability fragments
[2022-01-30 20:48:09.951] [jointLog] [info] Thread saw mini-batch with a maximum of 0.46% zero probability fragments
[2022-01-30 20:48:09.951] [jointLog] [info] Thread saw mini-batch with a maximum of 0.50% zero probability fragments
[2022-01-30 20:48:09.951] [jointLog] [info] Thread saw mini-batch with a maximum of 0.60% zero probability fragments
[2022-01-30 20:48:09.951] [jointLog] [info] Thread saw mini-batch with a maximum of 0.54% zero probability fragments
[2022-01-30 20:48:09.951] [jointLog] [info] Thread saw mini-batch with a maximum of 0.50% zero probability fragments
[2022-01-30 20:48:09.951] [jointLog] [info] Thread saw mini-batch with a maximum of 0.48% zero probability fragments
[2022-01-30 20:48:09.951] [jointLog] [info] Thread saw mini-batch with a maximum of 0.54% zero probability fragments
[2022-01-30 20:48:09.951] [jointLog] [info] Thread saw mini-batch with a maximum of 0.54% zero probability fragments
[2022-01-30 20:48:09.951] [jointLog] [info] Thread saw mini-batch with a maximum of 0.48% zero probability fragments
[2022-01-30 20:48:09.951] [jointLog] [info] Thread saw mini-batch with a maximum of 0.58% zero probability fragments
[2022-01-30 20:48:09.951] [jointLog] [info] Thread saw mini-batch with a maximum of 0.60% zero probability fragments
[2022-01-30 20:48:09.951] [jointLog] [info] Thread saw mini-batch with a maximum of 0.56% zero probability fragments
[2022-01-30 20:48:09.951] [jointLog] [info] Thread saw mini-batch with a maximum of 0.52% zero probability fragments
[2022-01-30 20:48:09.952] [jointLog] [info] Thread saw mini-batch with a maximum of 0.48% zero probability fragments
[2022-01-30 20:48:09.952] [jointLog] [info] Thread saw mini-batch with a maximum of 0.60% zero probability fragments
[2022-01-30 20:48:09.952] [jointLog] [info] Thread saw mini-batch with a maximum of 0.58% zero probability fragments
[2022-01-30 20:48:09.952] [jointLog] [info] Thread saw mini-batch with a maximum of 0.54% zero probability fragments
[2022-01-30 20:48:09.952] [jointLog] [info] Thread saw mini-batch with a maximum of 0.52% zero probability fragments
[2022-01-30 20:48:09.952] [jointLog] [info] Thread saw mini-batch with a maximum of 0.52% zero probability fragments
[2022-01-30 20:48:09.952] [jointLog] [info] Thread saw mini-batch with a maximum of 0.56% zero probability fragments
[2022-01-30 20:48:09.952] [jointLog] [info] Thread saw mini-batch with a maximum of 0.52% zero probability fragments
[2022-01-30 20:48:09.952] [jointLog] [info] Thread saw mini-batch with a maximum of 0.50% zero probability fragments
[2022-01-30 20:48:09.952] [jointLog] [info] Thread saw mini-batch with a maximum of 0.54% zero probability fragments
[2022-01-30 20:48:09.952] [jointLog] [info] Thread saw mini-batch with a maximum of 0.58% zero probability fragments
[2022-01-30 20:48:09.952] [jointLog] [info] Thread saw mini-batch with a maximum of 0.46% zero probability fragments
[2022-01-30 20:48:09.952] [jointLog] [info] Thread saw mini-batch with a maximum of 0.56% zero probability fragments
[2022-01-30 20:48:09.953] [jointLog] [info] Thread saw mini-batch with a maximum of 0.48% zero probability fragments
[2022-01-30 20:48:09.953] [jointLog] [info] Thread saw mini-batch with a maximum of 0.56% zero probability fragments
[2022-01-30 20:48:09.953] [jointLog] [info] Thread saw mini-batch with a maximum of 0.46% zero probability fragments
[2022-01-30 20:48:09.953] [jointLog] [info] Thread saw mini-batch with a maximum of 0.52% zero probability fragments
[2022-01-30 20:48:09.953] [jointLog] [info] Thread saw mini-batch with a maximum of 0.46% zero probability fragments
[2022-01-30 20:48:09.957] [jointLog] [info] Thread saw mini-batch with a maximum of 0.54% zero probability fragments
[2022-01-30 20:48:09.966] [jointLog] [info] Thread saw mini-batch with a maximum of 0.60% zero probability fragments
[2022-01-30 20:48:09.984] [jointLog] [info] Thread saw mini-batch with a maximum of 0.50% zero probability fragments
[2022-01-30 20:48:10.002] [jointLog] [info] Thread saw mini-batch with a maximum of 0.56% zero probability fragments
[2022-01-30 20:48:10.056] [jointLog] [info] Thread saw mini-batch with a maximum of 0.48% zero probability fragments
[2022-01-30 20:48:10.069] [jointLog] [info] Thread saw mini-batch with a maximum of 0.48% zero probability fragments
[2022-01-30 20:48:10.292] [jointLog] [info] Computed 52,855 rich equivalence classes for further processing
[2022-01-30 20:48:10.292] [jointLog] [info] Counted 44,183,869 total reads in the equivalence classes 
[2022-01-30 20:48:10.315] [jointLog] [warning] 0.000222394% of fragments were shorter than the k used to build the index.
If this fraction is too large, consider re-building the index with a smaller k.
The minimum read size found was 30.


[2022-01-30 20:48:10.315] [jointLog] [info] Number of mappings discarded because of alignment score : 8,405,882
[2022-01-30 20:48:10.315] [jointLog] [info] Number of fragments entirely discarded because of alignment score : 809,534
[2022-01-30 20:48:10.315] [jointLog] [info] Number of fragments discarded because they are best-mapped to decoys : 0
[2022-01-30 20:48:10.315] [jointLog] [info] Number of fragments discarded because they have only dovetail (discordant) mappings to valid targets : 14,136,595
[2022-01-30 20:48:10.315] [jointLog] [info] Mapping rate = 96.3354%

[2022-01-30 20:48:10.315] [jointLog] [info] finished quantifyLibrary()
[2022-01-30 20:48:10.321] [jointLog] [info] Starting optimizer
[2022-01-30 20:48:10.361] [jointLog] [info] Marked 0 weighted equivalence classes as degenerate
[2022-01-30 20:48:10.365] [jointLog] [info] iteration = 0 | max rel diff. = 12156.2
[2022-01-30 20:48:10.293] [fileLog] [info] 
At end of round 0
==================
Observed 45864635 total fragments (45864635 in most recent round)

[2022-01-30 20:48:10.635] [jointLog] [info] iteration = 100 | max rel diff. = 2.1856
[2022-01-30 20:48:10.885] [jointLog] [info] iteration = 200 | max rel diff. = 9.07134
[2022-01-30 20:48:11.136] [jointLog] [info] iteration = 300 | max rel diff. = 2.36538
[2022-01-30 20:48:11.387] [jointLog] [info] iteration = 400 | max rel diff. = 0.7516
[2022-01-30 20:48:11.637] [jointLog] [info] iteration = 500 | max rel diff. = 0.257494
[2022-01-30 20:48:11.888] [jointLog] [info] iteration = 600 | max rel diff. = 2.90847
[2022-01-30 20:48:12.140] [jointLog] [info] iteration = 700 | max rel diff. = 0.0295459
[2022-01-30 20:48:12.391] [jointLog] [info] iteration = 800 | max rel diff. = 0.0274514
[2022-01-30 20:48:12.468] [jointLog] [info] iteration = 832 | max rel diff. = 0.0062476
[2022-01-30 20:48:12.475] [jointLog] [info] Finished optimizer
[2022-01-30 20:48:12.475] [jointLog] [info] writing output 

