[2022-01-30 21:34:52.424] [jointLog] [info] setting maxHashResizeThreads to 40
[2022-01-30 21:34:52.424] [jointLog] [info] Fragment incompatibility prior below threshold.  Incompatible fragments will be ignored.
[2022-01-30 21:34:52.424] [jointLog] [info] Usage of --validateMappings implies use of minScoreFraction. Since not explicitly specified, it is being set to 0.65
[2022-01-30 21:34:52.424] [jointLog] [info] Setting consensusSlack to selective-alignment default of 0.35.
[2022-01-30 21:34:52.424] [jointLog] [info] parsing read library format
[2022-01-30 21:34:52.425] [jointLog] [info] There is 1 library.
[2022-01-30 21:34:52.426] [jointLog] [info] Loading pufferfish index
[2022-01-30 21:34:52.426] [jointLog] [info] Loading dense pufferfish index.
[2022-01-30 21:34:52.835] [jointLog] [info] done
[2022-01-30 21:34:52.888] [jointLog] [info] Index contained 40,812 targets
[2022-01-30 21:34:52.898] [jointLog] [info] Number of decoys : 0
[2022-01-30 21:34:53.420] [jointLog] [info] Automatically detected most likely library type as ISR

[2022-01-30 21:38:48.200] [jointLog] [info] Thread saw mini-batch with a maximum of 0.56% zero probability fragments
[2022-01-30 21:38:48.200] [jointLog] [info] Thread saw mini-batch with a maximum of 0.52% zero probability fragments
[2022-01-30 21:38:48.200] [jointLog] [info] Thread saw mini-batch with a maximum of 0.50% zero probability fragments
[2022-01-30 21:38:48.200] [jointLog] [info] Thread saw mini-batch with a maximum of 0.60% zero probability fragments
[2022-01-30 21:38:48.200] [jointLog] [info] Thread saw mini-batch with a maximum of 0.50% zero probability fragments
[2022-01-30 21:38:48.200] [jointLog] [info] Thread saw mini-batch with a maximum of 0.54% zero probability fragments
[2022-01-30 21:38:48.200] [jointLog] [info] Thread saw mini-batch with a maximum of 0.46% zero probability fragments
[2022-01-30 21:38:48.200] [jointLog] [info] Thread saw mini-batch with a maximum of 0.50% zero probability fragments
[2022-01-30 21:38:48.200] [jointLog] [info] Thread saw mini-batch with a maximum of 0.48% zero probability fragments
[2022-01-30 21:38:48.200] [jointLog] [info] Thread saw mini-batch with a maximum of 0.56% zero probability fragments
[2022-01-30 21:38:48.201] [jointLog] [info] Thread saw mini-batch with a maximum of 0.54% zero probability fragments
[2022-01-30 21:38:48.201] [jointLog] [info] Thread saw mini-batch with a maximum of 0.64% zero probability fragments
[2022-01-30 21:38:48.201] [jointLog] [info] Thread saw mini-batch with a maximum of 0.52% zero probability fragments
[2022-01-30 21:38:48.201] [jointLog] [info] Thread saw mini-batch with a maximum of 0.46% zero probability fragments
[2022-01-30 21:38:48.201] [jointLog] [info] Thread saw mini-batch with a maximum of 0.50% zero probability fragments
[2022-01-30 21:38:48.201] [jointLog] [info] Thread saw mini-batch with a maximum of 0.62% zero probability fragments
[2022-01-30 21:38:48.201] [jointLog] [info] Thread saw mini-batch with a maximum of 0.54% zero probability fragments
[2022-01-30 21:38:48.201] [jointLog] [info] Thread saw mini-batch with a maximum of 0.54% zero probability fragments
[2022-01-30 21:38:48.201] [jointLog] [info] Thread saw mini-batch with a maximum of 0.56% zero probability fragments
[2022-01-30 21:38:48.201] [jointLog] [info] Thread saw mini-batch with a maximum of 0.48% zero probability fragments
[2022-01-30 21:38:48.201] [jointLog] [info] Thread saw mini-batch with a maximum of 0.54% zero probability fragments
[2022-01-30 21:38:48.201] [jointLog] [info] Thread saw mini-batch with a maximum of 0.54% zero probability fragments
[2022-01-30 21:38:48.201] [jointLog] [info] Thread saw mini-batch with a maximum of 0.48% zero probability fragments
[2022-01-30 21:38:48.201] [jointLog] [info] Thread saw mini-batch with a maximum of 0.54% zero probability fragments
[2022-01-30 21:38:48.201] [jointLog] [info] Thread saw mini-batch with a maximum of 0.50% zero probability fragments
[2022-01-30 21:38:48.201] [jointLog] [info] Thread saw mini-batch with a maximum of 0.58% zero probability fragments
[2022-01-30 21:38:48.200] [jointLog] [info] Thread saw mini-batch with a maximum of 0.54% zero probability fragments
[2022-01-30 21:38:48.203] [jointLog] [info] Thread saw mini-batch with a maximum of 0.44% zero probability fragments
[2022-01-30 21:38:48.205] [jointLog] [info] Thread saw mini-batch with a maximum of 0.48% zero probability fragments
[2022-01-30 21:38:48.205] [jointLog] [info] Thread saw mini-batch with a maximum of 0.54% zero probability fragments
[2022-01-30 21:38:48.205] [jointLog] [info] Thread saw mini-batch with a maximum of 0.52% zero probability fragments
[2022-01-30 21:38:48.206] [jointLog] [info] Thread saw mini-batch with a maximum of 0.46% zero probability fragments
[2022-01-30 21:38:48.206] [jointLog] [info] Thread saw mini-batch with a maximum of 0.52% zero probability fragments
[2022-01-30 21:38:48.206] [jointLog] [info] Thread saw mini-batch with a maximum of 0.60% zero probability fragments
[2022-01-30 21:38:48.214] [jointLog] [info] Thread saw mini-batch with a maximum of 0.54% zero probability fragments
[2022-01-30 21:38:48.224] [jointLog] [info] Thread saw mini-batch with a maximum of 0.50% zero probability fragments
[2022-01-30 21:38:48.252] [jointLog] [info] Thread saw mini-batch with a maximum of 0.68% zero probability fragments
[2022-01-30 21:38:48.254] [jointLog] [info] Thread saw mini-batch with a maximum of 0.54% zero probability fragments
[2022-01-30 21:38:48.259] [jointLog] [info] Thread saw mini-batch with a maximum of 0.48% zero probability fragments
[2022-01-30 21:38:48.283] [jointLog] [info] Thread saw mini-batch with a maximum of 0.52% zero probability fragments
[2022-01-30 21:38:48.494] [jointLog] [info] Computed 58,286 rich equivalence classes for further processing
[2022-01-30 21:38:48.494] [jointLog] [info] Counted 62,907,767 total reads in the equivalence classes 
[2022-01-30 21:38:48.514] [jointLog] [warning] 9.95821e-05% of fragments were shorter than the k used to build the index.
If this fraction is too large, consider re-building the index with a smaller k.
The minimum read size found was 30.


[2022-01-30 21:38:48.514] [jointLog] [info] Number of mappings discarded because of alignment score : 7,555,879
[2022-01-30 21:38:48.514] [jointLog] [info] Number of fragments entirely discarded because of alignment score : 1,337,735
[2022-01-30 21:38:48.514] [jointLog] [info] Number of fragments discarded because they are best-mapped to decoys : 0
[2022-01-30 21:38:48.514] [jointLog] [info] Number of fragments discarded because they have only dovetail (discordant) mappings to valid targets : 6,070,334
[2022-01-30 21:38:48.514] [jointLog] [info] Mapping rate = 96.3767%

[2022-01-30 21:38:48.514] [jointLog] [info] finished quantifyLibrary()
[2022-01-30 21:38:48.517] [jointLog] [info] Starting optimizer
[2022-01-30 21:38:48.555] [jointLog] [info] Marked 0 weighted equivalence classes as degenerate
[2022-01-30 21:38:48.560] [jointLog] [info] iteration = 0 | max rel diff. = 127.512
[2022-01-30 21:38:48.494] [fileLog] [info] 
At end of round 0
==================
Observed 65272791 total fragments (65272791 in most recent round)

[2022-01-30 21:38:48.834] [jointLog] [info] iteration = 100 | max rel diff. = 9.06758
[2022-01-30 21:38:49.092] [jointLog] [info] iteration = 200 | max rel diff. = 0.36058
[2022-01-30 21:38:49.348] [jointLog] [info] iteration = 300 | max rel diff. = 0.158696
[2022-01-30 21:38:49.603] [jointLog] [info] iteration = 400 | max rel diff. = 0.662527
[2022-01-30 21:38:49.859] [jointLog] [info] iteration = 500 | max rel diff. = 0.0445335
[2022-01-30 21:38:50.115] [jointLog] [info] iteration = 600 | max rel diff. = 0.385417
[2022-01-30 21:38:50.136] [jointLog] [info] iteration = 609 | max rel diff. = 0.00803694
[2022-01-30 21:38:50.140] [jointLog] [info] Finished optimizer
[2022-01-30 21:38:50.140] [jointLog] [info] writing output 

