[2022-01-30 20:11:21.962] [jointLog] [info] setting maxHashResizeThreads to 40
[2022-01-30 20:11:21.962] [jointLog] [info] Fragment incompatibility prior below threshold.  Incompatible fragments will be ignored.
[2022-01-30 20:11:21.962] [jointLog] [info] Usage of --validateMappings implies use of minScoreFraction. Since not explicitly specified, it is being set to 0.65
[2022-01-30 20:11:21.962] [jointLog] [info] Setting consensusSlack to selective-alignment default of 0.35.
[2022-01-30 20:11:21.962] [jointLog] [info] parsing read library format
[2022-01-30 20:11:21.962] [jointLog] [info] There is 1 library.
[2022-01-30 20:11:21.963] [jointLog] [info] Loading pufferfish index
[2022-01-30 20:11:21.963] [jointLog] [info] Loading dense pufferfish index.
[2022-01-30 20:11:22.268] [jointLog] [info] done
[2022-01-30 20:11:22.322] [jointLog] [info] Index contained 40,812 targets
[2022-01-30 20:11:22.333] [jointLog] [info] Number of decoys : 0
[2022-01-30 20:11:22.903] [jointLog] [info] Automatically detected most likely library type as ISR

[2022-01-30 20:12:57.450] [jointLog] [info] Thread saw mini-batch with a maximum of 0.60% zero probability fragments
[2022-01-30 20:12:57.450] [jointLog] [info] Thread saw mini-batch with a maximum of 0.60% zero probability fragments
[2022-01-30 20:12:57.450] [jointLog] [info] Thread saw mini-batch with a maximum of 0.54% zero probability fragments
[2022-01-30 20:12:57.450] [jointLog] [info] Thread saw mini-batch with a maximum of 0.56% zero probability fragments
[2022-01-30 20:12:57.450] [jointLog] [info] Thread saw mini-batch with a maximum of 0.46% zero probability fragments
[2022-01-30 20:12:57.450] [jointLog] [info] Thread saw mini-batch with a maximum of 0.62% zero probability fragments
[2022-01-30 20:12:57.450] [jointLog] [info] Thread saw mini-batch with a maximum of 0.60% zero probability fragments
[2022-01-30 20:12:57.450] [jointLog] [info] Thread saw mini-batch with a maximum of 0.50% zero probability fragments
[2022-01-30 20:12:57.450] [jointLog] [info] Thread saw mini-batch with a maximum of 0.48% zero probability fragments
[2022-01-30 20:12:57.450] [jointLog] [info] Thread saw mini-batch with a maximum of 0.52% zero probability fragments
[2022-01-30 20:12:57.450] [jointLog] [info] Thread saw mini-batch with a maximum of 0.58% zero probability fragments
[2022-01-30 20:12:57.450] [jointLog] [info] Thread saw mini-batch with a maximum of 0.50% zero probability fragments
[2022-01-30 20:12:57.450] [jointLog] [info] Thread saw mini-batch with a maximum of 0.68% zero probability fragments
[2022-01-30 20:12:57.450] [jointLog] [info] Thread saw mini-batch with a maximum of 0.50% zero probability fragments
[2022-01-30 20:12:57.450] [jointLog] [info] Thread saw mini-batch with a maximum of 0.52% zero probability fragments
[2022-01-30 20:12:57.450] [jointLog] [info] Thread saw mini-batch with a maximum of 0.52% zero probability fragments
[2022-01-30 20:12:57.450] [jointLog] [info] Thread saw mini-batch with a maximum of 0.52% zero probability fragments
[2022-01-30 20:12:57.450] [jointLog] [info] Thread saw mini-batch with a maximum of 0.52% zero probability fragments
[2022-01-30 20:12:57.450] [jointLog] [info] Thread saw mini-batch with a maximum of 0.56% zero probability fragments
[2022-01-30 20:12:57.450] [jointLog] [info] Thread saw mini-batch with a maximum of 0.58% zero probability fragments
[2022-01-30 20:12:57.450] [jointLog] [info] Thread saw mini-batch with a maximum of 0.58% zero probability fragments
[2022-01-30 20:12:57.450] [jointLog] [info] Thread saw mini-batch with a maximum of 0.58% zero probability fragments
[2022-01-30 20:12:57.450] [jointLog] [info] Thread saw mini-batch with a maximum of 0.54% zero probability fragments
[2022-01-30 20:12:57.450] [jointLog] [info] Thread saw mini-batch with a maximum of 0.62% zero probability fragments
[2022-01-30 20:12:57.450] [jointLog] [info] Thread saw mini-batch with a maximum of 0.54% zero probability fragments
[2022-01-30 20:12:57.450] [jointLog] [info] Thread saw mini-batch with a maximum of 0.48% zero probability fragments
[2022-01-30 20:12:57.450] [jointLog] [info] Thread saw mini-batch with a maximum of 0.54% zero probability fragments
[2022-01-30 20:12:57.450] [jointLog] [info] Thread saw mini-batch with a maximum of 0.56% zero probability fragments
[2022-01-30 20:12:57.450] [jointLog] [info] Thread saw mini-batch with a maximum of 0.62% zero probability fragments
[2022-01-30 20:12:57.450] [jointLog] [info] Thread saw mini-batch with a maximum of 0.58% zero probability fragments
[2022-01-30 20:12:57.450] [jointLog] [info] Thread saw mini-batch with a maximum of 0.54% zero probability fragments
[2022-01-30 20:12:57.450] [jointLog] [info] Thread saw mini-batch with a maximum of 0.54% zero probability fragments
[2022-01-30 20:12:57.450] [jointLog] [info] Thread saw mini-batch with a maximum of 0.58% zero probability fragments
[2022-01-30 20:12:57.450] [jointLog] [info] Thread saw mini-batch with a maximum of 0.50% zero probability fragments
[2022-01-30 20:12:57.459] [jointLog] [info] Thread saw mini-batch with a maximum of 0.52% zero probability fragments
[2022-01-30 20:12:57.480] [jointLog] [info] Thread saw mini-batch with a maximum of 0.64% zero probability fragments
[2022-01-30 20:12:57.501] [jointLog] [info] Thread saw mini-batch with a maximum of 0.54% zero probability fragments
[2022-01-30 20:12:57.516] [jointLog] [info] Thread saw mini-batch with a maximum of 0.60% zero probability fragments
[2022-01-30 20:12:57.526] [jointLog] [info] Thread saw mini-batch with a maximum of 0.52% zero probability fragments
[2022-01-30 20:12:57.536] [jointLog] [info] Thread saw mini-batch with a maximum of 0.58% zero probability fragments
[2022-01-30 20:12:57.757] [jointLog] [info] Computed 48,890 rich equivalence classes for further processing
[2022-01-30 20:12:57.757] [jointLog] [info] Counted 25,427,866 total reads in the equivalence classes 
[2022-01-30 20:12:57.778] [jointLog] [warning] 0.000308515% of fragments were shorter than the k used to build the index.
If this fraction is too large, consider re-building the index with a smaller k.
The minimum read size found was 30.


[2022-01-30 20:12:57.778] [jointLog] [info] Number of mappings discarded because of alignment score : 4,420,571
[2022-01-30 20:12:57.778] [jointLog] [info] Number of fragments entirely discarded because of alignment score : 468,944
[2022-01-30 20:12:57.778] [jointLog] [info] Number of fragments discarded because they are best-mapped to decoys : 0
[2022-01-30 20:12:57.778] [jointLog] [info] Number of fragments discarded because they have only dovetail (discordant) mappings to valid targets : 7,222,952
[2022-01-30 20:12:57.778] [jointLog] [info] Mapping rate = 95.6692%

[2022-01-30 20:12:57.778] [jointLog] [info] finished quantifyLibrary()
[2022-01-30 20:12:57.780] [jointLog] [info] Starting optimizer
[2022-01-30 20:12:57.814] [jointLog] [info] Marked 0 weighted equivalence classes as degenerate
[2022-01-30 20:12:57.821] [jointLog] [info] iteration = 0 | max rel diff. = 28526.3
[2022-01-30 20:12:57.758] [fileLog] [info] 
At end of round 0
==================
Observed 26578938 total fragments (26578938 in most recent round)

[2022-01-30 20:12:58.091] [jointLog] [info] iteration = 100 | max rel diff. = 7.43697
[2022-01-30 20:12:58.341] [jointLog] [info] iteration = 200 | max rel diff. = 0.507482
[2022-01-30 20:12:58.591] [jointLog] [info] iteration = 300 | max rel diff. = 0.895975
[2022-01-30 20:12:58.842] [jointLog] [info] iteration = 400 | max rel diff. = 0.0817023
[2022-01-30 20:12:59.092] [jointLog] [info] iteration = 500 | max rel diff. = 0.103974
[2022-01-30 20:12:59.349] [jointLog] [info] iteration = 600 | max rel diff. = 0.128051
[2022-01-30 20:12:59.602] [jointLog] [info] iteration = 700 | max rel diff. = 0.0184387
[2022-01-30 20:12:59.854] [jointLog] [info] iteration = 800 | max rel diff. = 0.00919922
[2022-01-30 20:12:59.859] [jointLog] [info] Finished optimizer
[2022-01-30 20:12:59.859] [jointLog] [info] writing output 

