[2022-01-30 19:35:53.884] [jointLog] [info] setting maxHashResizeThreads to 40
[2022-01-30 19:35:53.884] [jointLog] [info] Fragment incompatibility prior below threshold.  Incompatible fragments will be ignored.
[2022-01-30 19:35:53.884] [jointLog] [info] Usage of --validateMappings implies use of minScoreFraction. Since not explicitly specified, it is being set to 0.65
[2022-01-30 19:35:53.884] [jointLog] [info] Setting consensusSlack to selective-alignment default of 0.35.
[2022-01-30 19:35:53.884] [jointLog] [info] parsing read library format
[2022-01-30 19:35:53.884] [jointLog] [info] There is 1 library.
[2022-01-30 19:35:53.885] [jointLog] [info] Loading pufferfish index
[2022-01-30 19:35:53.885] [jointLog] [info] Loading dense pufferfish index.
[2022-01-30 19:35:54.195] [jointLog] [info] done
[2022-01-30 19:35:54.245] [jointLog] [info] Index contained 40,812 targets
[2022-01-30 19:35:54.255] [jointLog] [info] Number of decoys : 0
[2022-01-30 19:35:54.834] [jointLog] [info] Automatically detected most likely library type as ISR

[2022-01-30 19:38:48.812] [jointLog] [info] Thread saw mini-batch with a maximum of 0.60% zero probability fragments
[2022-01-30 19:38:48.812] [jointLog] [info] Thread saw mini-batch with a maximum of 0.52% zero probability fragments
[2022-01-30 19:38:48.812] [jointLog] [info] Thread saw mini-batch with a maximum of 0.50% zero probability fragments
[2022-01-30 19:38:48.812] [jointLog] [info] Thread saw mini-batch with a maximum of 0.48% zero probability fragments
[2022-01-30 19:38:48.812] [jointLog] [info] Thread saw mini-batch with a maximum of 0.60% zero probability fragments
[2022-01-30 19:38:48.812] [jointLog] [info] Thread saw mini-batch with a maximum of 0.52% zero probability fragments
[2022-01-30 19:38:48.812] [jointLog] [info] Thread saw mini-batch with a maximum of 0.50% zero probability fragments
[2022-01-30 19:38:48.812] [jointLog] [info] Thread saw mini-batch with a maximum of 0.46% zero probability fragments
[2022-01-30 19:38:48.812] [jointLog] [info] Thread saw mini-batch with a maximum of 0.60% zero probability fragments
[2022-01-30 19:38:48.812] [jointLog] [info] Thread saw mini-batch with a maximum of 0.54% zero probability fragments
[2022-01-30 19:38:48.812] [jointLog] [info] Thread saw mini-batch with a maximum of 0.54% zero probability fragments
[2022-01-30 19:38:48.812] [jointLog] [info] Thread saw mini-batch with a maximum of 0.52% zero probability fragments
[2022-01-30 19:38:48.812] [jointLog] [info] Thread saw mini-batch with a maximum of 0.54% zero probability fragments
[2022-01-30 19:38:48.812] [jointLog] [info] Thread saw mini-batch with a maximum of 0.50% zero probability fragments
[2022-01-30 19:38:48.812] [jointLog] [info] Thread saw mini-batch with a maximum of 0.52% zero probability fragments
[2022-01-30 19:38:48.812] [jointLog] [info] Thread saw mini-batch with a maximum of 0.48% zero probability fragments
[2022-01-30 19:38:48.812] [jointLog] [info] Thread saw mini-batch with a maximum of 0.52% zero probability fragments
[2022-01-30 19:38:48.812] [jointLog] [info] Thread saw mini-batch with a maximum of 0.48% zero probability fragments
[2022-01-30 19:38:48.812] [jointLog] [info] Thread saw mini-batch with a maximum of 0.52% zero probability fragments
[2022-01-30 19:38:48.812] [jointLog] [info] Thread saw mini-batch with a maximum of 0.52% zero probability fragments
[2022-01-30 19:38:48.812] [jointLog] [info] Thread saw mini-batch with a maximum of 0.54% zero probability fragments
[2022-01-30 19:38:48.812] [jointLog] [info] Thread saw mini-batch with a maximum of 0.60% zero probability fragments
[2022-01-30 19:38:48.812] [jointLog] [info] Thread saw mini-batch with a maximum of 0.54% zero probability fragments
[2022-01-30 19:38:48.812] [jointLog] [info] Thread saw mini-batch with a maximum of 0.54% zero probability fragments
[2022-01-30 19:38:48.812] [jointLog] [info] Thread saw mini-batch with a maximum of 0.52% zero probability fragments
[2022-01-30 19:38:48.812] [jointLog] [info] Thread saw mini-batch with a maximum of 0.56% zero probability fragments
[2022-01-30 19:38:48.812] [jointLog] [info] Thread saw mini-batch with a maximum of 0.54% zero probability fragments
[2022-01-30 19:38:48.812] [jointLog] [info] Thread saw mini-batch with a maximum of 0.54% zero probability fragments
[2022-01-30 19:38:48.812] [jointLog] [info] Thread saw mini-batch with a maximum of 0.54% zero probability fragments
[2022-01-30 19:38:48.812] [jointLog] [info] Thread saw mini-batch with a maximum of 0.56% zero probability fragments
[2022-01-30 19:38:48.812] [jointLog] [info] Thread saw mini-batch with a maximum of 0.54% zero probability fragments
[2022-01-30 19:38:48.812] [jointLog] [info] Thread saw mini-batch with a maximum of 0.54% zero probability fragments
[2022-01-30 19:38:48.813] [jointLog] [info] Thread saw mini-batch with a maximum of 0.52% zero probability fragments
[2022-01-30 19:38:48.812] [jointLog] [info] Thread saw mini-batch with a maximum of 0.46% zero probability fragments
[2022-01-30 19:38:48.821] [jointLog] [info] Thread saw mini-batch with a maximum of 0.50% zero probability fragments
[2022-01-30 19:38:48.827] [jointLog] [info] Thread saw mini-batch with a maximum of 1.00% zero probability fragments
[2022-01-30 19:38:48.845] [jointLog] [info] Thread saw mini-batch with a maximum of 0.50% zero probability fragments
[2022-01-30 19:38:48.876] [jointLog] [info] Thread saw mini-batch with a maximum of 0.46% zero probability fragments
[2022-01-30 19:38:48.897] [jointLog] [info] Thread saw mini-batch with a maximum of 0.54% zero probability fragments
[2022-01-30 19:38:48.902] [jointLog] [info] Thread saw mini-batch with a maximum of 0.50% zero probability fragments
[2022-01-30 19:38:49.128] [jointLog] [info] Computed 53,861 rich equivalence classes for further processing
[2022-01-30 19:38:49.128] [jointLog] [info] Counted 46,184,177 total reads in the equivalence classes 
[2022-01-30 19:38:49.155] [jointLog] [warning] 0.000204228% of fragments were shorter than the k used to build the index.
If this fraction is too large, consider re-building the index with a smaller k.
The minimum read size found was 30.


[2022-01-30 19:38:49.155] [jointLog] [info] Number of mappings discarded because of alignment score : 7,220,847
[2022-01-30 19:38:49.155] [jointLog] [info] Number of fragments entirely discarded because of alignment score : 928,830
[2022-01-30 19:38:49.155] [jointLog] [info] Number of fragments discarded because they are best-mapped to decoys : 0
[2022-01-30 19:38:49.155] [jointLog] [info] Number of fragments discarded because they have only dovetail (discordant) mappings to valid targets : 9,022,542
[2022-01-30 19:38:49.155] [jointLog] [info] Mapping rate = 96.2459%

[2022-01-30 19:38:49.155] [jointLog] [info] finished quantifyLibrary()
[2022-01-30 19:38:49.157] [jointLog] [info] Starting optimizer
[2022-01-30 19:38:49.193] [jointLog] [info] Marked 0 weighted equivalence classes as degenerate
[2022-01-30 19:38:49.197] [jointLog] [info] iteration = 0 | max rel diff. = 7634.81
[2022-01-30 19:38:49.128] [fileLog] [info] 
At end of round 0
==================
Observed 47985599 total fragments (47985599 in most recent round)

[2022-01-30 19:38:49.473] [jointLog] [info] iteration = 100 | max rel diff. = 7.50855
[2022-01-30 19:38:49.728] [jointLog] [info] iteration = 200 | max rel diff. = 2.75251
[2022-01-30 19:38:49.983] [jointLog] [info] iteration = 300 | max rel diff. = 0.419252
[2022-01-30 19:38:50.236] [jointLog] [info] iteration = 400 | max rel diff. = 0.11599
[2022-01-30 19:38:50.490] [jointLog] [info] iteration = 500 | max rel diff. = 0.237807
[2022-01-30 19:38:50.744] [jointLog] [info] iteration = 600 | max rel diff. = 0.0490678
[2022-01-30 19:38:50.952] [jointLog] [info] iteration = 682 | max rel diff. = 0.00923487
[2022-01-30 19:38:50.957] [jointLog] [info] Finished optimizer
[2022-01-30 19:38:50.957] [jointLog] [info] writing output 

