[2022-01-30 22:02:25.256] [jointLog] [info] setting maxHashResizeThreads to 40
[2022-01-30 22:02:25.256] [jointLog] [info] Fragment incompatibility prior below threshold.  Incompatible fragments will be ignored.
[2022-01-30 22:02:25.256] [jointLog] [info] Usage of --validateMappings implies use of minScoreFraction. Since not explicitly specified, it is being set to 0.65
[2022-01-30 22:02:25.256] [jointLog] [info] Setting consensusSlack to selective-alignment default of 0.35.
[2022-01-30 22:02:25.256] [jointLog] [info] parsing read library format
[2022-01-30 22:02:25.256] [jointLog] [info] There is 1 library.
[2022-01-30 22:02:25.257] [jointLog] [info] Loading pufferfish index
[2022-01-30 22:02:25.257] [jointLog] [info] Loading dense pufferfish index.
[2022-01-30 22:02:25.572] [jointLog] [info] done
[2022-01-30 22:02:25.624] [jointLog] [info] Index contained 40,812 targets
[2022-01-30 22:02:25.634] [jointLog] [info] Number of decoys : 0
[2022-01-30 22:02:26.154] [jointLog] [info] Automatically detected most likely library type as ISR

[2022-01-30 22:05:07.918] [jointLog] [info] Thread saw mini-batch with a maximum of 0.44% zero probability fragments
[2022-01-30 22:05:07.918] [jointLog] [info] Thread saw mini-batch with a maximum of 0.50% zero probability fragments
[2022-01-30 22:05:07.918] [jointLog] [info] Thread saw mini-batch with a maximum of 0.44% zero probability fragments
[2022-01-30 22:05:07.918] [jointLog] [info] Thread saw mini-batch with a maximum of 0.54% zero probability fragments
[2022-01-30 22:05:07.918] [jointLog] [info] Thread saw mini-batch with a maximum of 0.50% zero probability fragments
[2022-01-30 22:05:07.918] [jointLog] [info] Thread saw mini-batch with a maximum of 0.50% zero probability fragments
[2022-01-30 22:05:07.918] [jointLog] [info] Thread saw mini-batch with a maximum of 0.48% zero probability fragments
[2022-01-30 22:05:07.918] [jointLog] [info] Thread saw mini-batch with a maximum of 0.52% zero probability fragments
[2022-01-30 22:05:07.918] [jointLog] [info] Thread saw mini-batch with a maximum of 0.46% zero probability fragments
[2022-01-30 22:05:07.918] [jointLog] [info] Thread saw mini-batch with a maximum of 0.46% zero probability fragments
[2022-01-30 22:05:07.918] [jointLog] [info] Thread saw mini-batch with a maximum of 0.52% zero probability fragments
[2022-01-30 22:05:07.918] [jointLog] [info] Thread saw mini-batch with a maximum of 0.44% zero probability fragments
[2022-01-30 22:05:07.918] [jointLog] [info] Thread saw mini-batch with a maximum of 0.46% zero probability fragments
[2022-01-30 22:05:07.918] [jointLog] [info] Thread saw mini-batch with a maximum of 0.48% zero probability fragments
[2022-01-30 22:05:07.918] [jointLog] [info] Thread saw mini-batch with a maximum of 0.42% zero probability fragments
[2022-01-30 22:05:07.918] [jointLog] [info] Thread saw mini-batch with a maximum of 0.46% zero probability fragments
[2022-01-30 22:05:07.918] [jointLog] [info] Thread saw mini-batch with a maximum of 0.52% zero probability fragments
[2022-01-30 22:05:07.918] [jointLog] [info] Thread saw mini-batch with a maximum of 0.46% zero probability fragments
[2022-01-30 22:05:07.918] [jointLog] [info] Thread saw mini-batch with a maximum of 0.50% zero probability fragments
[2022-01-30 22:05:07.918] [jointLog] [info] Thread saw mini-batch with a maximum of 0.48% zero probability fragments
[2022-01-30 22:05:07.918] [jointLog] [info] Thread saw mini-batch with a maximum of 0.42% zero probability fragments
[2022-01-30 22:05:07.919] [jointLog] [info] Thread saw mini-batch with a maximum of 0.48% zero probability fragments
[2022-01-30 22:05:07.919] [jointLog] [info] Thread saw mini-batch with a maximum of 0.52% zero probability fragments
[2022-01-30 22:05:07.919] [jointLog] [info] Thread saw mini-batch with a maximum of 0.44% zero probability fragments
[2022-01-30 22:05:07.919] [jointLog] [info] Thread saw mini-batch with a maximum of 0.52% zero probability fragments
[2022-01-30 22:05:07.919] [jointLog] [info] Thread saw mini-batch with a maximum of 0.44% zero probability fragments
[2022-01-30 22:05:07.919] [jointLog] [info] Thread saw mini-batch with a maximum of 0.48% zero probability fragments
[2022-01-30 22:05:07.919] [jointLog] [info] Thread saw mini-batch with a maximum of 0.48% zero probability fragments
[2022-01-30 22:05:07.919] [jointLog] [info] Thread saw mini-batch with a maximum of 0.44% zero probability fragments
[2022-01-30 22:05:07.919] [jointLog] [info] Thread saw mini-batch with a maximum of 0.44% zero probability fragments
[2022-01-30 22:05:07.919] [jointLog] [info] Thread saw mini-batch with a maximum of 0.50% zero probability fragments
[2022-01-30 22:05:07.919] [jointLog] [info] Thread saw mini-batch with a maximum of 0.46% zero probability fragments
[2022-01-30 22:05:07.919] [jointLog] [info] Thread saw mini-batch with a maximum of 0.58% zero probability fragments
[2022-01-30 22:05:07.924] [jointLog] [info] Thread saw mini-batch with a maximum of 0.44% zero probability fragments
[2022-01-30 22:05:07.924] [jointLog] [info] Thread saw mini-batch with a maximum of 0.46% zero probability fragments
[2022-01-30 22:05:07.933] [jointLog] [info] Thread saw mini-batch with a maximum of 0.54% zero probability fragments
[2022-01-30 22:05:07.962] [jointLog] [info] Thread saw mini-batch with a maximum of 0.48% zero probability fragments
[2022-01-30 22:05:07.974] [jointLog] [info] Thread saw mini-batch with a maximum of 0.60% zero probability fragments
[2022-01-30 22:05:07.985] [jointLog] [info] Thread saw mini-batch with a maximum of 0.52% zero probability fragments
[2022-01-30 22:05:07.989] [jointLog] [info] Thread saw mini-batch with a maximum of 0.46% zero probability fragments
[2022-01-30 22:05:08.200] [jointLog] [info] Computed 53,588 rich equivalence classes for further processing
[2022-01-30 22:05:08.200] [jointLog] [info] Counted 42,714,130 total reads in the equivalence classes 
[2022-01-30 22:05:08.222] [jointLog] [warning] 0.000255603% of fragments were shorter than the k used to build the index.
If this fraction is too large, consider re-building the index with a smaller k.
The minimum read size found was 30.


[2022-01-30 22:05:08.222] [jointLog] [info] Number of mappings discarded because of alignment score : 6,173,890
[2022-01-30 22:05:08.222] [jointLog] [info] Number of fragments entirely discarded because of alignment score : 775,838
[2022-01-30 22:05:08.222] [jointLog] [info] Number of fragments discarded because they are best-mapped to decoys : 0
[2022-01-30 22:05:08.222] [jointLog] [info] Number of fragments discarded because they have only dovetail (discordant) mappings to valid targets : 9,541,683
[2022-01-30 22:05:08.222] [jointLog] [info] Mapping rate = 96.6182%

[2022-01-30 22:05:08.222] [jointLog] [info] finished quantifyLibrary()
[2022-01-30 22:05:08.225] [jointLog] [info] Starting optimizer
[2022-01-30 22:05:08.264] [jointLog] [info] Marked 0 weighted equivalence classes as degenerate
[2022-01-30 22:05:08.269] [jointLog] [info] iteration = 0 | max rel diff. = 14035.3
[2022-01-30 22:05:08.201] [fileLog] [info] 
At end of round 0
==================
Observed 44209203 total fragments (44209203 in most recent round)

[2022-01-30 22:05:08.547] [jointLog] [info] iteration = 100 | max rel diff. = 8.22294
[2022-01-30 22:05:08.801] [jointLog] [info] iteration = 200 | max rel diff. = 0.48179
[2022-01-30 22:05:09.055] [jointLog] [info] iteration = 300 | max rel diff. = 0.126515
[2022-01-30 22:05:09.308] [jointLog] [info] iteration = 400 | max rel diff. = 2.10355
[2022-01-30 22:05:09.562] [jointLog] [info] iteration = 500 | max rel diff. = 0.0324885
[2022-01-30 22:05:09.816] [jointLog] [info] iteration = 600 | max rel diff. = 0.0392215
[2022-01-30 22:05:10.071] [jointLog] [info] iteration = 700 | max rel diff. = 0.0266264
[2022-01-30 22:05:10.327] [jointLog] [info] iteration = 800 | max rel diff. = 0.0635595
[2022-01-30 22:05:10.443] [jointLog] [info] iteration = 847 | max rel diff. = 0.00336923
[2022-01-30 22:05:10.450] [jointLog] [info] Finished optimizer
[2022-01-30 22:05:10.450] [jointLog] [info] writing output 

