[2022-01-30 20:37:50.359] [jointLog] [info] setting maxHashResizeThreads to 40
[2022-01-30 20:37:50.359] [jointLog] [info] Fragment incompatibility prior below threshold.  Incompatible fragments will be ignored.
[2022-01-30 20:37:50.359] [jointLog] [info] Usage of --validateMappings implies use of minScoreFraction. Since not explicitly specified, it is being set to 0.65
[2022-01-30 20:37:50.359] [jointLog] [info] Setting consensusSlack to selective-alignment default of 0.35.
[2022-01-30 20:37:50.359] [jointLog] [info] parsing read library format
[2022-01-30 20:37:50.359] [jointLog] [info] There is 1 library.
[2022-01-30 20:37:50.360] [jointLog] [info] Loading pufferfish index
[2022-01-30 20:37:50.361] [jointLog] [info] Loading dense pufferfish index.
[2022-01-30 20:37:50.680] [jointLog] [info] done
[2022-01-30 20:37:50.732] [jointLog] [info] Index contained 40,812 targets
[2022-01-30 20:37:50.743] [jointLog] [info] Number of decoys : 0
[2022-01-30 20:37:51.259] [jointLog] [info] Automatically detected most likely library type as ISR

[2022-01-30 20:41:12.432] [jointLog] [info] Thread saw mini-batch with a maximum of 0.56% zero probability fragments
[2022-01-30 20:41:12.432] [jointLog] [info] Thread saw mini-batch with a maximum of 0.54% zero probability fragments
[2022-01-30 20:41:12.432] [jointLog] [info] Thread saw mini-batch with a maximum of 0.52% zero probability fragments
[2022-01-30 20:41:12.432] [jointLog] [info] Thread saw mini-batch with a maximum of 0.54% zero probability fragments
[2022-01-30 20:41:12.432] [jointLog] [info] Thread saw mini-batch with a maximum of 0.52% zero probability fragments
[2022-01-30 20:41:12.432] [jointLog] [info] Thread saw mini-batch with a maximum of 0.56% zero probability fragments
[2022-01-30 20:41:12.432] [jointLog] [info] Thread saw mini-batch with a maximum of 0.56% zero probability fragments
[2022-01-30 20:41:12.432] [jointLog] [info] Thread saw mini-batch with a maximum of 0.56% zero probability fragments
[2022-01-30 20:41:12.432] [jointLog] [info] Thread saw mini-batch with a maximum of 0.54% zero probability fragments
[2022-01-30 20:41:12.432] [jointLog] [info] Thread saw mini-batch with a maximum of 0.54% zero probability fragments
[2022-01-30 20:41:12.432] [jointLog] [info] Thread saw mini-batch with a maximum of 0.56% zero probability fragments
[2022-01-30 20:41:12.432] [jointLog] [info] Thread saw mini-batch with a maximum of 0.58% zero probability fragments
[2022-01-30 20:41:12.432] [jointLog] [info] Thread saw mini-batch with a maximum of 0.52% zero probability fragments
[2022-01-30 20:41:12.432] [jointLog] [info] Thread saw mini-batch with a maximum of 0.56% zero probability fragments
[2022-01-30 20:41:12.432] [jointLog] [info] Thread saw mini-batch with a maximum of 0.56% zero probability fragments
[2022-01-30 20:41:12.432] [jointLog] [info] Thread saw mini-batch with a maximum of 0.58% zero probability fragments
[2022-01-30 20:41:12.432] [jointLog] [info] Thread saw mini-batch with a maximum of 0.58% zero probability fragments
[2022-01-30 20:41:12.432] [jointLog] [info] Thread saw mini-batch with a maximum of 0.60% zero probability fragments
[2022-01-30 20:41:12.433] [jointLog] [info] Thread saw mini-batch with a maximum of 0.50% zero probability fragments
[2022-01-30 20:41:12.433] [jointLog] [info] Thread saw mini-batch with a maximum of 0.50% zero probability fragments
[2022-01-30 20:41:12.433] [jointLog] [info] Thread saw mini-batch with a maximum of 0.56% zero probability fragments
[2022-01-30 20:41:12.433] [jointLog] [info] Thread saw mini-batch with a maximum of 0.54% zero probability fragments
[2022-01-30 20:41:12.433] [jointLog] [info] Thread saw mini-batch with a maximum of 0.54% zero probability fragments
[2022-01-30 20:41:12.433] [jointLog] [info] Thread saw mini-batch with a maximum of 0.48% zero probability fragments
[2022-01-30 20:41:12.433] [jointLog] [info] Thread saw mini-batch with a maximum of 0.58% zero probability fragments
[2022-01-30 20:41:12.433] [jointLog] [info] Thread saw mini-batch with a maximum of 0.54% zero probability fragments
[2022-01-30 20:41:12.433] [jointLog] [info] Thread saw mini-batch with a maximum of 0.56% zero probability fragments
[2022-01-30 20:41:12.433] [jointLog] [info] Thread saw mini-batch with a maximum of 0.64% zero probability fragments
[2022-01-30 20:41:12.433] [jointLog] [info] Thread saw mini-batch with a maximum of 0.56% zero probability fragments
[2022-01-30 20:41:12.433] [jointLog] [info] Thread saw mini-batch with a maximum of 0.58% zero probability fragments
[2022-01-30 20:41:12.433] [jointLog] [info] Thread saw mini-batch with a maximum of 0.58% zero probability fragments
[2022-01-30 20:41:12.433] [jointLog] [info] Thread saw mini-batch with a maximum of 0.58% zero probability fragments
[2022-01-30 20:41:12.433] [jointLog] [info] Thread saw mini-batch with a maximum of 0.50% zero probability fragments
[2022-01-30 20:41:12.435] [jointLog] [info] Thread saw mini-batch with a maximum of 0.52% zero probability fragments
[2022-01-30 20:41:12.433] [jointLog] [info] Thread saw mini-batch with a maximum of 0.58% zero probability fragments
[2022-01-30 20:41:12.465] [jointLog] [info] Thread saw mini-batch with a maximum of 0.56% zero probability fragments
[2022-01-30 20:41:12.489] [jointLog] [info] Thread saw mini-batch with a maximum of 0.62% zero probability fragments
[2022-01-30 20:41:12.492] [jointLog] [info] Thread saw mini-batch with a maximum of 0.54% zero probability fragments
[2022-01-30 20:41:12.497] [jointLog] [info] Thread saw mini-batch with a maximum of 0.56% zero probability fragments
[2022-01-30 20:41:12.505] [jointLog] [info] Thread saw mini-batch with a maximum of 0.50% zero probability fragments
[2022-01-30 20:41:12.701] [jointLog] [info] Computed 54,233 rich equivalence classes for further processing
[2022-01-30 20:41:12.701] [jointLog] [info] Counted 54,056,642 total reads in the equivalence classes 
[2022-01-30 20:41:12.723] [jointLog] [warning] 0.000242821% of fragments were shorter than the k used to build the index.
If this fraction is too large, consider re-building the index with a smaller k.
The minimum read size found was 30.


[2022-01-30 20:41:12.723] [jointLog] [info] Number of mappings discarded because of alignment score : 8,515,147
[2022-01-30 20:41:12.723] [jointLog] [info] Number of fragments entirely discarded because of alignment score : 1,062,915
[2022-01-30 20:41:12.723] [jointLog] [info] Number of fragments discarded because they are best-mapped to decoys : 0
[2022-01-30 20:41:12.723] [jointLog] [info] Number of fragments discarded because they have only dovetail (discordant) mappings to valid targets : 10,931,640
[2022-01-30 20:41:12.723] [jointLog] [info] Mapping rate = 96.5154%

[2022-01-30 20:41:12.723] [jointLog] [info] finished quantifyLibrary()
[2022-01-30 20:41:12.725] [jointLog] [info] Starting optimizer
[2022-01-30 20:41:12.763] [jointLog] [info] Marked 0 weighted equivalence classes as degenerate
[2022-01-30 20:41:12.769] [jointLog] [info] iteration = 0 | max rel diff. = 126.911
[2022-01-30 20:41:12.702] [fileLog] [info] 
At end of round 0
==================
Observed 56008292 total fragments (56008292 in most recent round)

[2022-01-30 20:41:13.041] [jointLog] [info] iteration = 100 | max rel diff. = 1.99594
[2022-01-30 20:41:13.294] [jointLog] [info] iteration = 200 | max rel diff. = 0.491415
[2022-01-30 20:41:13.546] [jointLog] [info] iteration = 300 | max rel diff. = 6.43811
[2022-01-30 20:41:13.801] [jointLog] [info] iteration = 400 | max rel diff. = 0.402829
[2022-01-30 20:41:14.054] [jointLog] [info] iteration = 500 | max rel diff. = 0.0369476
[2022-01-30 20:41:14.315] [jointLog] [info] iteration = 600 | max rel diff. = 1.61877
[2022-01-30 20:41:14.580] [jointLog] [info] iteration = 700 | max rel diff. = 0.406037
[2022-01-30 20:41:14.590] [jointLog] [info] iteration = 705 | max rel diff. = 0.00863231
[2022-01-30 20:41:14.598] [jointLog] [info] Finished optimizer
[2022-01-30 20:41:14.598] [jointLog] [info] writing output 

