[2022-01-30 19:38:51.901] [jointLog] [info] setting maxHashResizeThreads to 40
[2022-01-30 19:38:51.901] [jointLog] [info] Fragment incompatibility prior below threshold.  Incompatible fragments will be ignored.
[2022-01-30 19:38:51.901] [jointLog] [info] Usage of --validateMappings implies use of minScoreFraction. Since not explicitly specified, it is being set to 0.65
[2022-01-30 19:38:51.901] [jointLog] [info] Setting consensusSlack to selective-alignment default of 0.35.
[2022-01-30 19:38:51.901] [jointLog] [info] parsing read library format
[2022-01-30 19:38:51.901] [jointLog] [info] There is 1 library.
[2022-01-30 19:38:51.902] [jointLog] [info] Loading pufferfish index
[2022-01-30 19:38:51.903] [jointLog] [info] Loading dense pufferfish index.
[2022-01-30 19:38:52.201] [jointLog] [info] done
[2022-01-30 19:38:52.249] [jointLog] [info] Index contained 40,812 targets
[2022-01-30 19:38:52.260] [jointLog] [info] Number of decoys : 0
[2022-01-30 19:38:52.819] [jointLog] [info] Automatically detected most likely library type as ISR

[2022-01-30 19:41:14.030] [jointLog] [info] Thread saw mini-batch with a maximum of 0.58% zero probability fragments
[2022-01-30 19:41:14.030] [jointLog] [info] Thread saw mini-batch with a maximum of 0.68% zero probability fragments
[2022-01-30 19:41:14.030] [jointLog] [info] Thread saw mini-batch with a maximum of 0.62% zero probability fragments
[2022-01-30 19:41:14.030] [jointLog] [info] Thread saw mini-batch with a maximum of 0.70% zero probability fragments
[2022-01-30 19:41:14.030] [jointLog] [info] Thread saw mini-batch with a maximum of 0.56% zero probability fragments
[2022-01-30 19:41:14.030] [jointLog] [info] Thread saw mini-batch with a maximum of 0.56% zero probability fragments
[2022-01-30 19:41:14.030] [jointLog] [info] Thread saw mini-batch with a maximum of 0.54% zero probability fragments
[2022-01-30 19:41:14.030] [jointLog] [info] Thread saw mini-batch with a maximum of 0.58% zero probability fragments
[2022-01-30 19:41:14.030] [jointLog] [info] Thread saw mini-batch with a maximum of 0.56% zero probability fragments
[2022-01-30 19:41:14.030] [jointLog] [info] Thread saw mini-batch with a maximum of 0.60% zero probability fragments
[2022-01-30 19:41:14.030] [jointLog] [info] Thread saw mini-batch with a maximum of 0.62% zero probability fragments
[2022-01-30 19:41:14.030] [jointLog] [info] Thread saw mini-batch with a maximum of 0.58% zero probability fragments
[2022-01-30 19:41:14.030] [jointLog] [info] Thread saw mini-batch with a maximum of 0.58% zero probability fragments
[2022-01-30 19:41:14.030] [jointLog] [info] Thread saw mini-batch with a maximum of 0.60% zero probability fragments
[2022-01-30 19:41:14.030] [jointLog] [info] Thread saw mini-batch with a maximum of 0.56% zero probability fragments
[2022-01-30 19:41:14.030] [jointLog] [info] Thread saw mini-batch with a maximum of 0.54% zero probability fragments
[2022-01-30 19:41:14.030] [jointLog] [info] Thread saw mini-batch with a maximum of 0.60% zero probability fragments
[2022-01-30 19:41:14.030] [jointLog] [info] Thread saw mini-batch with a maximum of 0.56% zero probability fragments
[2022-01-30 19:41:14.030] [jointLog] [info] Thread saw mini-batch with a maximum of 0.58% zero probability fragments
[2022-01-30 19:41:14.030] [jointLog] [info] Thread saw mini-batch with a maximum of 0.52% zero probability fragments
[2022-01-30 19:41:14.031] [jointLog] [info] Thread saw mini-batch with a maximum of 0.62% zero probability fragments
[2022-01-30 19:41:14.031] [jointLog] [info] Thread saw mini-batch with a maximum of 0.60% zero probability fragments
[2022-01-30 19:41:14.031] [jointLog] [info] Thread saw mini-batch with a maximum of 0.56% zero probability fragments
[2022-01-30 19:41:14.031] [jointLog] [info] Thread saw mini-batch with a maximum of 0.64% zero probability fragments
[2022-01-30 19:41:14.031] [jointLog] [info] Thread saw mini-batch with a maximum of 0.54% zero probability fragments
[2022-01-30 19:41:14.031] [jointLog] [info] Thread saw mini-batch with a maximum of 0.56% zero probability fragments
[2022-01-30 19:41:14.031] [jointLog] [info] Thread saw mini-batch with a maximum of 0.58% zero probability fragments
[2022-01-30 19:41:14.031] [jointLog] [info] Thread saw mini-batch with a maximum of 0.54% zero probability fragments
[2022-01-30 19:41:14.031] [jointLog] [info] Thread saw mini-batch with a maximum of 0.62% zero probability fragments
[2022-01-30 19:41:14.031] [jointLog] [info] Thread saw mini-batch with a maximum of 0.54% zero probability fragments
[2022-01-30 19:41:14.031] [jointLog] [info] Thread saw mini-batch with a maximum of 0.58% zero probability fragments
[2022-01-30 19:41:14.031] [jointLog] [info] Thread saw mini-batch with a maximum of 0.58% zero probability fragments
[2022-01-30 19:41:14.031] [jointLog] [info] Thread saw mini-batch with a maximum of 0.56% zero probability fragments
[2022-01-30 19:41:14.031] [jointLog] [info] Thread saw mini-batch with a maximum of 0.58% zero probability fragments
[2022-01-30 19:41:14.035] [jointLog] [info] Thread saw mini-batch with a maximum of 0.60% zero probability fragments
[2022-01-30 19:41:14.054] [jointLog] [info] Thread saw mini-batch with a maximum of 0.54% zero probability fragments
[2022-01-30 19:41:14.067] [jointLog] [info] Thread saw mini-batch with a maximum of 0.60% zero probability fragments
[2022-01-30 19:41:14.074] [jointLog] [info] Thread saw mini-batch with a maximum of 0.60% zero probability fragments
[2022-01-30 19:41:14.085] [jointLog] [info] Thread saw mini-batch with a maximum of 0.64% zero probability fragments
[2022-01-30 19:41:14.100] [jointLog] [info] Thread saw mini-batch with a maximum of 0.64% zero probability fragments
[2022-01-30 19:41:14.285] [jointLog] [info] Computed 53,588 rich equivalence classes for further processing
[2022-01-30 19:41:14.285] [jointLog] [info] Counted 38,179,370 total reads in the equivalence classes 
[2022-01-30 19:41:14.303] [jointLog] [warning] 0.000391488% of fragments were shorter than the k used to build the index.
If this fraction is too large, consider re-building the index with a smaller k.
The minimum read size found was 30.


[2022-01-30 19:41:14.303] [jointLog] [info] Number of mappings discarded because of alignment score : 7,753,203
[2022-01-30 19:41:14.303] [jointLog] [info] Number of fragments entirely discarded because of alignment score : 702,487
[2022-01-30 19:41:14.303] [jointLog] [info] Number of fragments discarded because they are best-mapped to decoys : 0
[2022-01-30 19:41:14.303] [jointLog] [info] Number of fragments discarded because they have only dovetail (discordant) mappings to valid targets : 11,832,411
[2022-01-30 19:41:14.303] [jointLog] [info] Mapping rate = 96.4307%

[2022-01-30 19:41:14.303] [jointLog] [info] finished quantifyLibrary()
[2022-01-30 19:41:14.305] [jointLog] [info] Starting optimizer
[2022-01-30 19:41:14.336] [jointLog] [info] Marked 0 weighted equivalence classes as degenerate
[2022-01-30 19:41:14.343] [jointLog] [info] iteration = 0 | max rel diff. = 20868.1
[2022-01-30 19:41:14.285] [fileLog] [info] 
At end of round 0
==================
Observed 39592556 total fragments (39592556 in most recent round)

[2022-01-30 19:41:14.619] [jointLog] [info] iteration = 100 | max rel diff. = 6.34562
[2022-01-30 19:41:14.886] [jointLog] [info] iteration = 200 | max rel diff. = 5.97882
[2022-01-30 19:41:15.152] [jointLog] [info] iteration = 300 | max rel diff. = 0.855451
[2022-01-30 19:41:15.416] [jointLog] [info] iteration = 400 | max rel diff. = 0.4997
[2022-01-30 19:41:15.680] [jointLog] [info] iteration = 500 | max rel diff. = 0.0609286
[2022-01-30 19:41:15.939] [jointLog] [info] iteration = 600 | max rel diff. = 0.344125
[2022-01-30 19:41:16.042] [jointLog] [info] iteration = 641 | max rel diff. = 0.00484077
[2022-01-30 19:41:16.047] [jointLog] [info] Finished optimizer
[2022-01-30 19:41:16.047] [jointLog] [info] writing output 

