[2022-01-30 20:23:33.669] [jointLog] [info] setting maxHashResizeThreads to 40
[2022-01-30 20:23:33.669] [jointLog] [info] Fragment incompatibility prior below threshold.  Incompatible fragments will be ignored.
[2022-01-30 20:23:33.669] [jointLog] [info] Usage of --validateMappings implies use of minScoreFraction. Since not explicitly specified, it is being set to 0.65
[2022-01-30 20:23:33.669] [jointLog] [info] Setting consensusSlack to selective-alignment default of 0.35.
[2022-01-30 20:23:33.669] [jointLog] [info] parsing read library format
[2022-01-30 20:23:33.669] [jointLog] [info] There is 1 library.
[2022-01-30 20:23:33.670] [jointLog] [info] Loading pufferfish index
[2022-01-30 20:23:33.670] [jointLog] [info] Loading dense pufferfish index.
[2022-01-30 20:23:34.235] [jointLog] [info] done
[2022-01-30 20:23:34.283] [jointLog] [info] Index contained 40,812 targets
[2022-01-30 20:23:34.294] [jointLog] [info] Number of decoys : 0
[2022-01-30 20:23:34.823] [jointLog] [info] Automatically detected most likely library type as ISR

[2022-01-30 20:26:06.549] [jointLog] [info] Thread saw mini-batch with a maximum of 0.58% zero probability fragments
[2022-01-30 20:26:06.549] [jointLog] [info] Thread saw mini-batch with a maximum of 0.52% zero probability fragments
[2022-01-30 20:26:06.549] [jointLog] [info] Thread saw mini-batch with a maximum of 0.64% zero probability fragments
[2022-01-30 20:26:06.549] [jointLog] [info] Thread saw mini-batch with a maximum of 0.58% zero probability fragments
[2022-01-30 20:26:06.549] [jointLog] [info] Thread saw mini-batch with a maximum of 0.56% zero probability fragments
[2022-01-30 20:26:06.549] [jointLog] [info] Thread saw mini-batch with a maximum of 0.50% zero probability fragments
[2022-01-30 20:26:06.549] [jointLog] [info] Thread saw mini-batch with a maximum of 0.58% zero probability fragments
[2022-01-30 20:26:06.549] [jointLog] [info] Thread saw mini-batch with a maximum of 0.52% zero probability fragments
[2022-01-30 20:26:06.549] [jointLog] [info] Thread saw mini-batch with a maximum of 0.56% zero probability fragments
[2022-01-30 20:26:06.549] [jointLog] [info] Thread saw mini-batch with a maximum of 0.54% zero probability fragments
[2022-01-30 20:26:06.549] [jointLog] [info] Thread saw mini-batch with a maximum of 0.52% zero probability fragments
[2022-01-30 20:26:06.549] [jointLog] [info] Thread saw mini-batch with a maximum of 0.62% zero probability fragments
[2022-01-30 20:26:06.549] [jointLog] [info] Thread saw mini-batch with a maximum of 0.50% zero probability fragments
[2022-01-30 20:26:06.549] [jointLog] [info] Thread saw mini-batch with a maximum of 0.54% zero probability fragments
[2022-01-30 20:26:06.549] [jointLog] [info] Thread saw mini-batch with a maximum of 0.50% zero probability fragments
[2022-01-30 20:26:06.549] [jointLog] [info] Thread saw mini-batch with a maximum of 0.54% zero probability fragments
[2022-01-30 20:26:06.549] [jointLog] [info] Thread saw mini-batch with a maximum of 0.58% zero probability fragments
[2022-01-30 20:26:06.549] [jointLog] [info] Thread saw mini-batch with a maximum of 0.56% zero probability fragments
[2022-01-30 20:26:06.549] [jointLog] [info] Thread saw mini-batch with a maximum of 0.52% zero probability fragments
[2022-01-30 20:26:06.549] [jointLog] [info] Thread saw mini-batch with a maximum of 0.56% zero probability fragments
[2022-01-30 20:26:06.549] [jointLog] [info] Thread saw mini-batch with a maximum of 0.52% zero probability fragments
[2022-01-30 20:26:06.549] [jointLog] [info] Thread saw mini-batch with a maximum of 0.50% zero probability fragments
[2022-01-30 20:26:06.549] [jointLog] [info] Thread saw mini-batch with a maximum of 0.58% zero probability fragments
[2022-01-30 20:26:06.549] [jointLog] [info] Thread saw mini-batch with a maximum of 0.60% zero probability fragments
[2022-01-30 20:26:06.549] [jointLog] [info] Thread saw mini-batch with a maximum of 0.52% zero probability fragments
[2022-01-30 20:26:06.549] [jointLog] [info] Thread saw mini-batch with a maximum of 0.56% zero probability fragments
[2022-01-30 20:26:06.549] [jointLog] [info] Thread saw mini-batch with a maximum of 0.68% zero probability fragments
[2022-01-30 20:26:06.549] [jointLog] [info] Thread saw mini-batch with a maximum of 0.64% zero probability fragments
[2022-01-30 20:26:06.550] [jointLog] [info] Thread saw mini-batch with a maximum of 0.58% zero probability fragments
[2022-01-30 20:26:06.550] [jointLog] [info] Thread saw mini-batch with a maximum of 0.52% zero probability fragments
[2022-01-30 20:26:06.550] [jointLog] [info] Thread saw mini-batch with a maximum of 0.56% zero probability fragments
[2022-01-30 20:26:06.550] [jointLog] [info] Thread saw mini-batch with a maximum of 0.52% zero probability fragments
[2022-01-30 20:26:06.550] [jointLog] [info] Thread saw mini-batch with a maximum of 0.52% zero probability fragments
[2022-01-30 20:26:06.550] [jointLog] [info] Thread saw mini-batch with a maximum of 0.50% zero probability fragments
[2022-01-30 20:26:06.557] [jointLog] [info] Thread saw mini-batch with a maximum of 0.52% zero probability fragments
[2022-01-30 20:26:06.577] [jointLog] [info] Thread saw mini-batch with a maximum of 0.50% zero probability fragments
[2022-01-30 20:26:06.602] [jointLog] [info] Thread saw mini-batch with a maximum of 0.60% zero probability fragments
[2022-01-30 20:26:06.602] [jointLog] [info] Thread saw mini-batch with a maximum of 0.52% zero probability fragments
[2022-01-30 20:26:06.621] [jointLog] [info] Thread saw mini-batch with a maximum of 0.58% zero probability fragments
[2022-01-30 20:26:06.626] [jointLog] [info] Thread saw mini-batch with a maximum of 0.54% zero probability fragments
[2022-01-30 20:26:06.833] [jointLog] [info] Computed 51,721 rich equivalence classes for further processing
[2022-01-30 20:26:06.833] [jointLog] [info] Counted 40,556,680 total reads in the equivalence classes 
[2022-01-30 20:26:06.858] [jointLog] [warning] 0.000141853% of fragments were shorter than the k used to build the index.
If this fraction is too large, consider re-building the index with a smaller k.
The minimum read size found was 30.


[2022-01-30 20:26:06.858] [jointLog] [info] Number of mappings discarded because of alignment score : 5,561,992
[2022-01-30 20:26:06.858] [jointLog] [info] Number of fragments entirely discarded because of alignment score : 924,033
[2022-01-30 20:26:06.858] [jointLog] [info] Number of fragments discarded because they are best-mapped to decoys : 0
[2022-01-30 20:26:06.858] [jointLog] [info] Number of fragments discarded because they have only dovetail (discordant) mappings to valid targets : 8,642,500
[2022-01-30 20:26:06.858] [jointLog] [info] Mapping rate = 95.885%

[2022-01-30 20:26:06.859] [jointLog] [info] finished quantifyLibrary()
[2022-01-30 20:26:06.860] [jointLog] [info] Starting optimizer
[2022-01-30 20:26:06.834] [fileLog] [info] 
At end of round 0
==================
Observed 42297221 total fragments (42297221 in most recent round)

[2022-01-30 20:26:06.897] [jointLog] [info] Marked 0 weighted equivalence classes as degenerate
[2022-01-30 20:26:06.904] [jointLog] [info] iteration = 0 | max rel diff. = 18013.7
[2022-01-30 20:26:07.201] [jointLog] [info] iteration = 100 | max rel diff. = 8.24463
[2022-01-30 20:26:07.454] [jointLog] [info] iteration = 200 | max rel diff. = 0.445182
[2022-01-30 20:26:07.706] [jointLog] [info] iteration = 300 | max rel diff. = 0.145117
[2022-01-30 20:26:07.957] [jointLog] [info] iteration = 400 | max rel diff. = 10.9031
[2022-01-30 20:26:08.209] [jointLog] [info] iteration = 500 | max rel diff. = 0.05655
[2022-01-30 20:26:08.287] [jointLog] [info] iteration = 532 | max rel diff. = 0.00984028
[2022-01-30 20:26:08.292] [jointLog] [info] Finished optimizer
[2022-01-30 20:26:08.292] [jointLog] [info] writing output 

