[2022-01-30 19:33:36.360] [jointLog] [info] setting maxHashResizeThreads to 40
[2022-01-30 19:33:36.360] [jointLog] [info] Fragment incompatibility prior below threshold.  Incompatible fragments will be ignored.
[2022-01-30 19:33:36.360] [jointLog] [info] Usage of --validateMappings implies use of minScoreFraction. Since not explicitly specified, it is being set to 0.65
[2022-01-30 19:33:36.360] [jointLog] [info] Setting consensusSlack to selective-alignment default of 0.35.
[2022-01-30 19:33:36.360] [jointLog] [info] parsing read library format
[2022-01-30 19:33:36.360] [jointLog] [info] There is 1 library.
[2022-01-30 19:33:36.361] [jointLog] [info] Loading pufferfish index
[2022-01-30 19:33:36.362] [jointLog] [info] Loading dense pufferfish index.
[2022-01-30 19:33:36.677] [jointLog] [info] done
[2022-01-30 19:33:36.728] [jointLog] [info] Index contained 40,812 targets
[2022-01-30 19:33:36.739] [jointLog] [info] Number of decoys : 0
[2022-01-30 19:33:37.323] [jointLog] [info] Automatically detected most likely library type as ISR

[2022-01-30 19:35:51.295] [jointLog] [info] Thread saw mini-batch with a maximum of 0.68% zero probability fragments
[2022-01-30 19:35:51.295] [jointLog] [info] Thread saw mini-batch with a maximum of 0.66% zero probability fragments
[2022-01-30 19:35:51.295] [jointLog] [info] Thread saw mini-batch with a maximum of 0.70% zero probability fragments
[2022-01-30 19:35:51.295] [jointLog] [info] Thread saw mini-batch with a maximum of 0.70% zero probability fragments
[2022-01-30 19:35:51.295] [jointLog] [info] Thread saw mini-batch with a maximum of 0.64% zero probability fragments
[2022-01-30 19:35:51.295] [jointLog] [info] Thread saw mini-batch with a maximum of 0.58% zero probability fragments
[2022-01-30 19:35:51.295] [jointLog] [info] Thread saw mini-batch with a maximum of 0.64% zero probability fragments
[2022-01-30 19:35:51.295] [jointLog] [info] Thread saw mini-batch with a maximum of 0.58% zero probability fragments
[2022-01-30 19:35:51.295] [jointLog] [info] Thread saw mini-batch with a maximum of 0.60% zero probability fragments
[2022-01-30 19:35:51.295] [jointLog] [info] Thread saw mini-batch with a maximum of 0.58% zero probability fragments
[2022-01-30 19:35:51.295] [jointLog] [info] Thread saw mini-batch with a maximum of 0.56% zero probability fragments
[2022-01-30 19:35:51.295] [jointLog] [info] Thread saw mini-batch with a maximum of 0.58% zero probability fragments
[2022-01-30 19:35:51.295] [jointLog] [info] Thread saw mini-batch with a maximum of 0.68% zero probability fragments
[2022-01-30 19:35:51.295] [jointLog] [info] Thread saw mini-batch with a maximum of 0.64% zero probability fragments
[2022-01-30 19:35:51.295] [jointLog] [info] Thread saw mini-batch with a maximum of 0.60% zero probability fragments
[2022-01-30 19:35:51.295] [jointLog] [info] Thread saw mini-batch with a maximum of 0.56% zero probability fragments
[2022-01-30 19:35:51.295] [jointLog] [info] Thread saw mini-batch with a maximum of 0.62% zero probability fragments
[2022-01-30 19:35:51.295] [jointLog] [info] Thread saw mini-batch with a maximum of 0.58% zero probability fragments
[2022-01-30 19:35:51.295] [jointLog] [info] Thread saw mini-batch with a maximum of 0.64% zero probability fragments
[2022-01-30 19:35:51.295] [jointLog] [info] Thread saw mini-batch with a maximum of 0.70% zero probability fragments
[2022-01-30 19:35:51.295] [jointLog] [info] Thread saw mini-batch with a maximum of 0.58% zero probability fragments
[2022-01-30 19:35:51.295] [jointLog] [info] Thread saw mini-batch with a maximum of 0.58% zero probability fragments
[2022-01-30 19:35:51.295] [jointLog] [info] Thread saw mini-batch with a maximum of 0.58% zero probability fragments
[2022-01-30 19:35:51.296] [jointLog] [info] Thread saw mini-batch with a maximum of 0.64% zero probability fragments
[2022-01-30 19:35:51.296] [jointLog] [info] Thread saw mini-batch with a maximum of 0.78% zero probability fragments
[2022-01-30 19:35:51.296] [jointLog] [info] Thread saw mini-batch with a maximum of 0.60% zero probability fragments
[2022-01-30 19:35:51.296] [jointLog] [info] Thread saw mini-batch with a maximum of 0.58% zero probability fragments
[2022-01-30 19:35:51.296] [jointLog] [info] Thread saw mini-batch with a maximum of 0.58% zero probability fragments
[2022-01-30 19:35:51.296] [jointLog] [info] Thread saw mini-batch with a maximum of 0.64% zero probability fragments
[2022-01-30 19:35:51.296] [jointLog] [info] Thread saw mini-batch with a maximum of 0.60% zero probability fragments
[2022-01-30 19:35:51.296] [jointLog] [info] Thread saw mini-batch with a maximum of 0.62% zero probability fragments
[2022-01-30 19:35:51.296] [jointLog] [info] Thread saw mini-batch with a maximum of 0.58% zero probability fragments
[2022-01-30 19:35:51.300] [jointLog] [info] Thread saw mini-batch with a maximum of 0.62% zero probability fragments
[2022-01-30 19:35:51.301] [jointLog] [info] Thread saw mini-batch with a maximum of 0.60% zero probability fragments
[2022-01-30 19:35:51.320] [jointLog] [info] Thread saw mini-batch with a maximum of 0.68% zero probability fragments
[2022-01-30 19:35:51.324] [jointLog] [info] Thread saw mini-batch with a maximum of 0.62% zero probability fragments
[2022-01-30 19:35:51.324] [jointLog] [info] Thread saw mini-batch with a maximum of 0.56% zero probability fragments
[2022-01-30 19:35:51.342] [jointLog] [info] Thread saw mini-batch with a maximum of 0.62% zero probability fragments
[2022-01-30 19:35:51.355] [jointLog] [info] Thread saw mini-batch with a maximum of 0.68% zero probability fragments
[2022-01-30 19:35:51.376] [jointLog] [info] Thread saw mini-batch with a maximum of 0.64% zero probability fragments
[2022-01-30 19:35:51.595] [jointLog] [info] Computed 50,635 rich equivalence classes for further processing
[2022-01-30 19:35:51.595] [jointLog] [info] Counted 36,256,088 total reads in the equivalence classes 
[2022-01-30 19:35:51.617] [jointLog] [warning] 0.000172546% of fragments were shorter than the k used to build the index.
If this fraction is too large, consider re-building the index with a smaller k.
The minimum read size found was 30.


[2022-01-30 19:35:51.617] [jointLog] [info] Number of mappings discarded because of alignment score : 6,491,038
[2022-01-30 19:35:51.617] [jointLog] [info] Number of fragments entirely discarded because of alignment score : 708,830
[2022-01-30 19:35:51.617] [jointLog] [info] Number of fragments discarded because they are best-mapped to decoys : 0
[2022-01-30 19:35:51.617] [jointLog] [info] Number of fragments discarded because they have only dovetail (discordant) mappings to valid targets : 9,912,618
[2022-01-30 19:35:51.617] [jointLog] [info] Mapping rate = 96.2436%

[2022-01-30 19:35:51.617] [jointLog] [info] finished quantifyLibrary()
[2022-01-30 19:35:51.620] [jointLog] [info] Starting optimizer
[2022-01-30 19:35:51.656] [jointLog] [info] Marked 0 weighted equivalence classes as degenerate
[2022-01-30 19:35:51.665] [jointLog] [info] iteration = 0 | max rel diff. = 22884.2
[2022-01-30 19:35:51.596] [fileLog] [info] 
At end of round 0
==================
Observed 37671169 total fragments (37671169 in most recent round)

[2022-01-30 19:35:51.946] [jointLog] [info] iteration = 100 | max rel diff. = 1.45051
[2022-01-30 19:35:52.208] [jointLog] [info] iteration = 200 | max rel diff. = 7.98311
[2022-01-30 19:35:52.469] [jointLog] [info] iteration = 300 | max rel diff. = 0.167464
[2022-01-30 19:35:52.732] [jointLog] [info] iteration = 400 | max rel diff. = 0.145274
[2022-01-30 19:35:52.988] [jointLog] [info] iteration = 500 | max rel diff. = 0.00790811
[2022-01-30 19:35:52.993] [jointLog] [info] Finished optimizer
[2022-01-30 19:35:52.993] [jointLog] [info] writing output 

