[2022-01-30 20:26:09.187] [jointLog] [info] setting maxHashResizeThreads to 40
[2022-01-30 20:26:09.187] [jointLog] [info] Fragment incompatibility prior below threshold.  Incompatible fragments will be ignored.
[2022-01-30 20:26:09.187] [jointLog] [info] Usage of --validateMappings implies use of minScoreFraction. Since not explicitly specified, it is being set to 0.65
[2022-01-30 20:26:09.187] [jointLog] [info] Setting consensusSlack to selective-alignment default of 0.35.
[2022-01-30 20:26:09.187] [jointLog] [info] parsing read library format
[2022-01-30 20:26:09.187] [jointLog] [info] There is 1 library.
[2022-01-30 20:26:09.188] [jointLog] [info] Loading pufferfish index
[2022-01-30 20:26:09.188] [jointLog] [info] Loading dense pufferfish index.
[2022-01-30 20:26:09.502] [jointLog] [info] done
[2022-01-30 20:26:09.552] [jointLog] [info] Index contained 40,812 targets
[2022-01-30 20:26:09.563] [jointLog] [info] Number of decoys : 0
[2022-01-30 20:26:10.166] [jointLog] [info] Automatically detected most likely library type as ISR

[2022-01-30 20:29:13.858] [jointLog] [info] Thread saw mini-batch with a maximum of 0.56% zero probability fragments
[2022-01-30 20:29:13.858] [jointLog] [info] Thread saw mini-batch with a maximum of 0.58% zero probability fragments
[2022-01-30 20:29:13.858] [jointLog] [info] Thread saw mini-batch with a maximum of 0.54% zero probability fragments
[2022-01-30 20:29:13.858] [jointLog] [info] Thread saw mini-batch with a maximum of 0.52% zero probability fragments
[2022-01-30 20:29:13.859] [jointLog] [info] Thread saw mini-batch with a maximum of 0.50% zero probability fragments
[2022-01-30 20:29:13.859] [jointLog] [info] Thread saw mini-batch with a maximum of 0.58% zero probability fragments
[2022-01-30 20:29:13.859] [jointLog] [info] Thread saw mini-batch with a maximum of 0.54% zero probability fragments
[2022-01-30 20:29:13.859] [jointLog] [info] Thread saw mini-batch with a maximum of 0.50% zero probability fragments
[2022-01-30 20:29:13.859] [jointLog] [info] Thread saw mini-batch with a maximum of 0.52% zero probability fragments
[2022-01-30 20:29:13.859] [jointLog] [info] Thread saw mini-batch with a maximum of 0.62% zero probability fragments
[2022-01-30 20:29:13.859] [jointLog] [info] Thread saw mini-batch with a maximum of 0.50% zero probability fragments
[2022-01-30 20:29:13.859] [jointLog] [info] Thread saw mini-batch with a maximum of 0.50% zero probability fragments
[2022-01-30 20:29:13.859] [jointLog] [info] Thread saw mini-batch with a maximum of 0.50% zero probability fragments
[2022-01-30 20:29:13.859] [jointLog] [info] Thread saw mini-batch with a maximum of 0.54% zero probability fragments
[2022-01-30 20:29:13.859] [jointLog] [info] Thread saw mini-batch with a maximum of 0.60% zero probability fragments
[2022-01-30 20:29:13.859] [jointLog] [info] Thread saw mini-batch with a maximum of 0.52% zero probability fragments
[2022-01-30 20:29:13.859] [jointLog] [info] Thread saw mini-batch with a maximum of 0.54% zero probability fragments
[2022-01-30 20:29:13.859] [jointLog] [info] Thread saw mini-batch with a maximum of 0.50% zero probability fragments
[2022-01-30 20:29:13.859] [jointLog] [info] Thread saw mini-batch with a maximum of 0.50% zero probability fragments
[2022-01-30 20:29:13.859] [jointLog] [info] Thread saw mini-batch with a maximum of 0.48% zero probability fragments
[2022-01-30 20:29:13.859] [jointLog] [info] Thread saw mini-batch with a maximum of 0.52% zero probability fragments
[2022-01-30 20:29:13.859] [jointLog] [info] Thread saw mini-batch with a maximum of 0.54% zero probability fragments
[2022-01-30 20:29:13.859] [jointLog] [info] Thread saw mini-batch with a maximum of 0.48% zero probability fragments
[2022-01-30 20:29:13.859] [jointLog] [info] Thread saw mini-batch with a maximum of 0.50% zero probability fragments
[2022-01-30 20:29:13.859] [jointLog] [info] Thread saw mini-batch with a maximum of 0.50% zero probability fragments
[2022-01-30 20:29:13.859] [jointLog] [info] Thread saw mini-batch with a maximum of 0.56% zero probability fragments
[2022-01-30 20:29:13.859] [jointLog] [info] Thread saw mini-batch with a maximum of 0.58% zero probability fragments
[2022-01-30 20:29:13.863] [jointLog] [info] Thread saw mini-batch with a maximum of 0.54% zero probability fragments
[2022-01-30 20:29:13.864] [jointLog] [info] Thread saw mini-batch with a maximum of 0.52% zero probability fragments
[2022-01-30 20:29:13.865] [jointLog] [info] Thread saw mini-batch with a maximum of 0.56% zero probability fragments
[2022-01-30 20:29:13.865] [jointLog] [info] Thread saw mini-batch with a maximum of 0.60% zero probability fragments
[2022-01-30 20:29:13.866] [jointLog] [info] Thread saw mini-batch with a maximum of 0.60% zero probability fragments
[2022-01-30 20:29:13.867] [jointLog] [info] Thread saw mini-batch with a maximum of 0.48% zero probability fragments
[2022-01-30 20:29:13.871] [jointLog] [info] Thread saw mini-batch with a maximum of 0.50% zero probability fragments
[2022-01-30 20:29:13.876] [jointLog] [info] Thread saw mini-batch with a maximum of 0.54% zero probability fragments
[2022-01-30 20:29:13.887] [jointLog] [info] Thread saw mini-batch with a maximum of 0.50% zero probability fragments
[2022-01-30 20:29:13.888] [jointLog] [info] Thread saw mini-batch with a maximum of 0.48% zero probability fragments
[2022-01-30 20:29:13.905] [jointLog] [info] Thread saw mini-batch with a maximum of 0.54% zero probability fragments
[2022-01-30 20:29:13.923] [jointLog] [info] Thread saw mini-batch with a maximum of 0.54% zero probability fragments
[2022-01-30 20:29:13.939] [jointLog] [info] Thread saw mini-batch with a maximum of 0.54% zero probability fragments
[2022-01-30 20:29:14.171] [jointLog] [info] Computed 54,364 rich equivalence classes for further processing
[2022-01-30 20:29:14.171] [jointLog] [info] Counted 49,662,520 total reads in the equivalence classes 
[2022-01-30 20:29:14.193] [jointLog] [warning] 0.000260693% of fragments were shorter than the k used to build the index.
If this fraction is too large, consider re-building the index with a smaller k.
The minimum read size found was 30.


[2022-01-30 20:29:14.193] [jointLog] [info] Number of mappings discarded because of alignment score : 7,707,552
[2022-01-30 20:29:14.193] [jointLog] [info] Number of fragments entirely discarded because of alignment score : 927,458
[2022-01-30 20:29:14.193] [jointLog] [info] Number of fragments discarded because they are best-mapped to decoys : 0
[2022-01-30 20:29:14.193] [jointLog] [info] Number of fragments discarded because they have only dovetail (discordant) mappings to valid targets : 9,882,139
[2022-01-30 20:29:14.193] [jointLog] [info] Mapping rate = 96.6168%

[2022-01-30 20:29:14.193] [jointLog] [info] finished quantifyLibrary()
[2022-01-30 20:29:14.195] [jointLog] [info] Starting optimizer
[2022-01-30 20:29:14.234] [jointLog] [info] Marked 0 weighted equivalence classes as degenerate
[2022-01-30 20:29:14.241] [jointLog] [info] iteration = 0 | max rel diff. = 770.311
[2022-01-30 20:29:14.172] [fileLog] [info] 
At end of round 0
==================
Observed 51401513 total fragments (51401513 in most recent round)

[2022-01-30 20:29:14.550] [jointLog] [info] iteration = 100 | max rel diff. = 2.66513
[2022-01-30 20:29:14.806] [jointLog] [info] iteration = 200 | max rel diff. = 0.134256
[2022-01-30 20:29:15.061] [jointLog] [info] iteration = 300 | max rel diff. = 0.149243
[2022-01-30 20:29:15.317] [jointLog] [info] iteration = 400 | max rel diff. = 0.517148
[2022-01-30 20:29:15.571] [jointLog] [info] iteration = 500 | max rel diff. = 2.03747
[2022-01-30 20:29:15.827] [jointLog] [info] iteration = 600 | max rel diff. = 0.0575485
[2022-01-30 20:29:16.093] [jointLog] [info] iteration = 700 | max rel diff. = 0.0378241
[2022-01-30 20:29:16.159] [jointLog] [info] iteration = 726 | max rel diff. = 0.00567076
[2022-01-30 20:29:16.167] [jointLog] [info] Finished optimizer
[2022-01-30 20:29:16.167] [jointLog] [info] writing output 

