[2022-01-30 21:44:14.967] [jointLog] [info] setting maxHashResizeThreads to 40
[2022-01-30 21:44:14.967] [jointLog] [info] Fragment incompatibility prior below threshold.  Incompatible fragments will be ignored.
[2022-01-30 21:44:14.967] [jointLog] [info] Usage of --validateMappings implies use of minScoreFraction. Since not explicitly specified, it is being set to 0.65
[2022-01-30 21:44:14.967] [jointLog] [info] Setting consensusSlack to selective-alignment default of 0.35.
[2022-01-30 21:44:14.967] [jointLog] [info] parsing read library format
[2022-01-30 21:44:14.967] [jointLog] [info] There is 1 library.
[2022-01-30 21:44:14.968] [jointLog] [info] Loading pufferfish index
[2022-01-30 21:44:14.968] [jointLog] [info] Loading dense pufferfish index.
[2022-01-30 21:44:15.507] [jointLog] [info] done
[2022-01-30 21:44:15.560] [jointLog] [info] Index contained 40,812 targets
[2022-01-30 21:44:15.570] [jointLog] [info] Number of decoys : 0
[2022-01-30 21:44:16.118] [jointLog] [info] Automatically detected most likely library type as ISR

[2022-01-30 21:46:53.409] [jointLog] [info] Thread saw mini-batch with a maximum of 0.48% zero probability fragments
[2022-01-30 21:46:53.409] [jointLog] [info] Thread saw mini-batch with a maximum of 0.56% zero probability fragments
[2022-01-30 21:46:53.409] [jointLog] [info] Thread saw mini-batch with a maximum of 0.60% zero probability fragments
[2022-01-30 21:46:53.409] [jointLog] [info] Thread saw mini-batch with a maximum of 0.58% zero probability fragments
[2022-01-30 21:46:53.409] [jointLog] [info] Thread saw mini-batch with a maximum of 0.48% zero probability fragments
[2022-01-30 21:46:53.409] [jointLog] [info] Thread saw mini-batch with a maximum of 0.52% zero probability fragments
[2022-01-30 21:46:53.409] [jointLog] [info] Thread saw mini-batch with a maximum of 0.56% zero probability fragments
[2022-01-30 21:46:53.409] [jointLog] [info] Thread saw mini-batch with a maximum of 0.62% zero probability fragments
[2022-01-30 21:46:53.409] [jointLog] [info] Thread saw mini-batch with a maximum of 0.54% zero probability fragments
[2022-01-30 21:46:53.409] [jointLog] [info] Thread saw mini-batch with a maximum of 0.48% zero probability fragments
[2022-01-30 21:46:53.409] [jointLog] [info] Thread saw mini-batch with a maximum of 0.52% zero probability fragments
[2022-01-30 21:46:53.409] [jointLog] [info] Thread saw mini-batch with a maximum of 0.52% zero probability fragments
[2022-01-30 21:46:53.410] [jointLog] [info] Thread saw mini-batch with a maximum of 0.56% zero probability fragments
[2022-01-30 21:46:53.410] [jointLog] [info] Thread saw mini-batch with a maximum of 0.58% zero probability fragments
[2022-01-30 21:46:53.410] [jointLog] [info] Thread saw mini-batch with a maximum of 0.60% zero probability fragments
[2022-01-30 21:46:53.410] [jointLog] [info] Thread saw mini-batch with a maximum of 0.60% zero probability fragments
[2022-01-30 21:46:53.410] [jointLog] [info] Thread saw mini-batch with a maximum of 0.50% zero probability fragments
[2022-01-30 21:46:53.410] [jointLog] [info] Thread saw mini-batch with a maximum of 0.54% zero probability fragments
[2022-01-30 21:46:53.410] [jointLog] [info] Thread saw mini-batch with a maximum of 0.52% zero probability fragments
[2022-01-30 21:46:53.410] [jointLog] [info] Thread saw mini-batch with a maximum of 0.52% zero probability fragments
[2022-01-30 21:46:53.410] [jointLog] [info] Thread saw mini-batch with a maximum of 0.60% zero probability fragments
[2022-01-30 21:46:53.410] [jointLog] [info] Thread saw mini-batch with a maximum of 0.48% zero probability fragments
[2022-01-30 21:46:53.410] [jointLog] [info] Thread saw mini-batch with a maximum of 0.54% zero probability fragments
[2022-01-30 21:46:53.410] [jointLog] [info] Thread saw mini-batch with a maximum of 0.56% zero probability fragments
[2022-01-30 21:46:53.410] [jointLog] [info] Thread saw mini-batch with a maximum of 0.50% zero probability fragments
[2022-01-30 21:46:53.410] [jointLog] [info] Thread saw mini-batch with a maximum of 0.50% zero probability fragments
[2022-01-30 21:46:53.410] [jointLog] [info] Thread saw mini-batch with a maximum of 0.52% zero probability fragments
[2022-01-30 21:46:53.410] [jointLog] [info] Thread saw mini-batch with a maximum of 0.50% zero probability fragments
[2022-01-30 21:46:53.410] [jointLog] [info] Thread saw mini-batch with a maximum of 0.50% zero probability fragments
[2022-01-30 21:46:53.410] [jointLog] [info] Thread saw mini-batch with a maximum of 0.50% zero probability fragments
[2022-01-30 21:46:53.410] [jointLog] [info] Thread saw mini-batch with a maximum of 0.58% zero probability fragments
[2022-01-30 21:46:53.415] [jointLog] [info] Thread saw mini-batch with a maximum of 0.50% zero probability fragments
[2022-01-30 21:46:53.415] [jointLog] [info] Thread saw mini-batch with a maximum of 0.50% zero probability fragments
[2022-01-30 21:46:53.427] [jointLog] [info] Thread saw mini-batch with a maximum of 0.54% zero probability fragments
[2022-01-30 21:46:53.436] [jointLog] [info] Thread saw mini-batch with a maximum of 0.50% zero probability fragments
[2022-01-30 21:46:53.447] [jointLog] [info] Thread saw mini-batch with a maximum of 0.54% zero probability fragments
[2022-01-30 21:46:53.468] [jointLog] [info] Thread saw mini-batch with a maximum of 0.54% zero probability fragments
[2022-01-30 21:46:53.472] [jointLog] [info] Thread saw mini-batch with a maximum of 0.58% zero probability fragments
[2022-01-30 21:46:53.481] [jointLog] [info] Thread saw mini-batch with a maximum of 0.52% zero probability fragments
[2022-01-30 21:46:53.481] [jointLog] [info] Thread saw mini-batch with a maximum of 0.64% zero probability fragments
[2022-01-30 21:46:53.688] [jointLog] [info] Computed 51,727 rich equivalence classes for further processing
[2022-01-30 21:46:53.688] [jointLog] [info] Counted 42,120,980 total reads in the equivalence classes 
[2022-01-30 21:46:53.711] [jointLog] [warning] 9.37913e-05% of fragments were shorter than the k used to build the index.
If this fraction is too large, consider re-building the index with a smaller k.
The minimum read size found was 30.


[2022-01-30 21:46:53.711] [jointLog] [info] Number of mappings discarded because of alignment score : 5,494,271
[2022-01-30 21:46:53.711] [jointLog] [info] Number of fragments entirely discarded because of alignment score : 848,442
[2022-01-30 21:46:53.711] [jointLog] [info] Number of fragments discarded because they are best-mapped to decoys : 0
[2022-01-30 21:46:53.711] [jointLog] [info] Number of fragments discarded because they have only dovetail (discordant) mappings to valid targets : 5,607,001
[2022-01-30 21:46:53.711] [jointLog] [info] Mapping rate = 96.3556%

[2022-01-30 21:46:53.711] [jointLog] [info] finished quantifyLibrary()
[2022-01-30 21:46:53.713] [jointLog] [info] Starting optimizer
[2022-01-30 21:46:53.754] [jointLog] [info] Marked 0 weighted equivalence classes as degenerate
[2022-01-30 21:46:53.760] [jointLog] [info] iteration = 0 | max rel diff. = 15630.6
[2022-01-30 21:46:53.689] [fileLog] [info] 
At end of round 0
==================
Observed 43714094 total fragments (43714094 in most recent round)

[2022-01-30 21:46:54.065] [jointLog] [info] iteration = 100 | max rel diff. = 6.95958
[2022-01-30 21:46:54.315] [jointLog] [info] iteration = 200 | max rel diff. = 0.40417
[2022-01-30 21:46:54.566] [jointLog] [info] iteration = 300 | max rel diff. = 0.16242
[2022-01-30 21:46:54.818] [jointLog] [info] iteration = 400 | max rel diff. = 0.333855
[2022-01-30 21:46:55.070] [jointLog] [info] iteration = 500 | max rel diff. = 0.183811
[2022-01-30 21:46:55.223] [jointLog] [info] iteration = 562 | max rel diff. = 0.00584086
[2022-01-30 21:46:55.228] [jointLog] [info] Finished optimizer
[2022-01-30 21:46:55.228] [jointLog] [info] writing output 

