[2022-01-30 22:15:17.954] [jointLog] [info] setting maxHashResizeThreads to 40
[2022-01-30 22:15:17.954] [jointLog] [info] Fragment incompatibility prior below threshold.  Incompatible fragments will be ignored.
[2022-01-30 22:15:17.954] [jointLog] [info] Usage of --validateMappings implies use of minScoreFraction. Since not explicitly specified, it is being set to 0.65
[2022-01-30 22:15:17.954] [jointLog] [info] Setting consensusSlack to selective-alignment default of 0.35.
[2022-01-30 22:15:17.954] [jointLog] [info] parsing read library format
[2022-01-30 22:15:17.954] [jointLog] [info] There is 1 library.
[2022-01-30 22:15:17.955] [jointLog] [info] Loading pufferfish index
[2022-01-30 22:15:17.955] [jointLog] [info] Loading dense pufferfish index.
[2022-01-30 22:15:18.848] [jointLog] [info] done
[2022-01-30 22:15:18.905] [jointLog] [info] Index contained 40,812 targets
[2022-01-30 22:15:18.921] [jointLog] [info] Number of decoys : 0
[2022-01-30 22:15:19.460] [jointLog] [info] Automatically detected most likely library type as ISR

[2022-01-30 22:17:17.472] [jointLog] [info] Thread saw mini-batch with a maximum of 0.52% zero probability fragments
[2022-01-30 22:17:17.472] [jointLog] [info] Thread saw mini-batch with a maximum of 0.48% zero probability fragments
[2022-01-30 22:17:17.472] [jointLog] [info] Thread saw mini-batch with a maximum of 0.48% zero probability fragments
[2022-01-30 22:17:17.472] [jointLog] [info] Thread saw mini-batch with a maximum of 0.42% zero probability fragments
[2022-01-30 22:17:17.472] [jointLog] [info] Thread saw mini-batch with a maximum of 0.44% zero probability fragments
[2022-01-30 22:17:17.472] [jointLog] [info] Thread saw mini-batch with a maximum of 0.44% zero probability fragments
[2022-01-30 22:17:17.472] [jointLog] [info] Thread saw mini-batch with a maximum of 0.52% zero probability fragments
[2022-01-30 22:17:17.472] [jointLog] [info] Thread saw mini-batch with a maximum of 0.52% zero probability fragments
[2022-01-30 22:17:17.472] [jointLog] [info] Thread saw mini-batch with a maximum of 0.58% zero probability fragments
[2022-01-30 22:17:17.472] [jointLog] [info] Thread saw mini-batch with a maximum of 0.52% zero probability fragments
[2022-01-30 22:17:17.472] [jointLog] [info] Thread saw mini-batch with a maximum of 0.44% zero probability fragments
[2022-01-30 22:17:17.472] [jointLog] [info] Thread saw mini-batch with a maximum of 0.52% zero probability fragments
[2022-01-30 22:17:17.472] [jointLog] [info] Thread saw mini-batch with a maximum of 0.48% zero probability fragments
[2022-01-30 22:17:17.472] [jointLog] [info] Thread saw mini-batch with a maximum of 0.44% zero probability fragments
[2022-01-30 22:17:17.472] [jointLog] [info] Thread saw mini-batch with a maximum of 0.48% zero probability fragments
[2022-01-30 22:17:17.472] [jointLog] [info] Thread saw mini-batch with a maximum of 0.52% zero probability fragments
[2022-01-30 22:17:17.472] [jointLog] [info] Thread saw mini-batch with a maximum of 0.52% zero probability fragments
[2022-01-30 22:17:17.472] [jointLog] [info] Thread saw mini-batch with a maximum of 0.44% zero probability fragments
[2022-01-30 22:17:17.472] [jointLog] [info] Thread saw mini-batch with a maximum of 0.46% zero probability fragments
[2022-01-30 22:17:17.472] [jointLog] [info] Thread saw mini-batch with a maximum of 0.44% zero probability fragments
[2022-01-30 22:17:17.472] [jointLog] [info] Thread saw mini-batch with a maximum of 0.42% zero probability fragments
[2022-01-30 22:17:17.472] [jointLog] [info] Thread saw mini-batch with a maximum of 0.48% zero probability fragments
[2022-01-30 22:17:17.472] [jointLog] [info] Thread saw mini-batch with a maximum of 0.46% zero probability fragments
[2022-01-30 22:17:17.472] [jointLog] [info] Thread saw mini-batch with a maximum of 0.50% zero probability fragments
[2022-01-30 22:17:17.472] [jointLog] [info] Thread saw mini-batch with a maximum of 0.44% zero probability fragments
[2022-01-30 22:17:17.472] [jointLog] [info] Thread saw mini-batch with a maximum of 0.48% zero probability fragments
[2022-01-30 22:17:17.472] [jointLog] [info] Thread saw mini-batch with a maximum of 0.46% zero probability fragments
[2022-01-30 22:17:17.472] [jointLog] [info] Thread saw mini-batch with a maximum of 0.56% zero probability fragments
[2022-01-30 22:17:17.472] [jointLog] [info] Thread saw mini-batch with a maximum of 0.46% zero probability fragments
[2022-01-30 22:17:17.472] [jointLog] [info] Thread saw mini-batch with a maximum of 0.58% zero probability fragments
[2022-01-30 22:17:17.472] [jointLog] [info] Thread saw mini-batch with a maximum of 0.48% zero probability fragments
[2022-01-30 22:17:17.475] [jointLog] [info] Thread saw mini-batch with a maximum of 0.44% zero probability fragments
[2022-01-30 22:17:17.476] [jointLog] [info] Thread saw mini-batch with a maximum of 0.44% zero probability fragments
[2022-01-30 22:17:17.478] [jointLog] [info] Thread saw mini-batch with a maximum of 0.50% zero probability fragments
[2022-01-30 22:17:17.479] [jointLog] [info] Thread saw mini-batch with a maximum of 0.60% zero probability fragments
[2022-01-30 22:17:17.487] [jointLog] [info] Thread saw mini-batch with a maximum of 0.60% zero probability fragments
[2022-01-30 22:17:17.506] [jointLog] [info] Thread saw mini-batch with a maximum of 0.56% zero probability fragments
[2022-01-30 22:17:17.529] [jointLog] [info] Thread saw mini-batch with a maximum of 0.48% zero probability fragments
[2022-01-30 22:17:17.543] [jointLog] [info] Thread saw mini-batch with a maximum of 0.48% zero probability fragments
[2022-01-30 22:17:17.562] [jointLog] [info] Thread saw mini-batch with a maximum of 0.58% zero probability fragments
[2022-01-30 22:17:17.774] [jointLog] [info] Computed 51,201 rich equivalence classes for further processing
[2022-01-30 22:17:17.774] [jointLog] [info] Counted 31,348,841 total reads in the equivalence classes 
[2022-01-30 22:17:17.796] [jointLog] [warning] 9.85365e-05% of fragments were shorter than the k used to build the index.
If this fraction is too large, consider re-building the index with a smaller k.
The minimum read size found was 30.


[2022-01-30 22:17:17.796] [jointLog] [info] Number of mappings discarded because of alignment score : 3,570,306
[2022-01-30 22:17:17.796] [jointLog] [info] Number of fragments entirely discarded because of alignment score : 640,515
[2022-01-30 22:17:17.796] [jointLog] [info] Number of fragments discarded because they are best-mapped to decoys : 0
[2022-01-30 22:17:17.796] [jointLog] [info] Number of fragments discarded because they have only dovetail (discordant) mappings to valid targets : 3,556,068
[2022-01-30 22:17:17.796] [jointLog] [info] Mapping rate = 96.5314%

[2022-01-30 22:17:17.796] [jointLog] [info] finished quantifyLibrary()
[2022-01-30 22:17:17.799] [jointLog] [info] Starting optimizer
[2022-01-30 22:17:17.837] [jointLog] [info] Marked 0 weighted equivalence classes as degenerate
[2022-01-30 22:17:17.842] [jointLog] [info] iteration = 0 | max rel diff. = 21030
[2022-01-30 22:17:17.775] [fileLog] [info] 
At end of round 0
==================
Observed 32475274 total fragments (32475274 in most recent round)

[2022-01-30 22:17:18.113] [jointLog] [info] iteration = 100 | max rel diff. = 9.18174
[2022-01-30 22:17:18.363] [jointLog] [info] iteration = 200 | max rel diff. = 0.172539
[2022-01-30 22:17:18.613] [jointLog] [info] iteration = 300 | max rel diff. = 0.86265
[2022-01-30 22:17:18.863] [jointLog] [info] iteration = 400 | max rel diff. = 0.133406
[2022-01-30 22:17:19.113] [jointLog] [info] iteration = 500 | max rel diff. = 0.0933619
[2022-01-30 22:17:19.230] [jointLog] [info] iteration = 547 | max rel diff. = 0.00875628
[2022-01-30 22:17:19.234] [jointLog] [info] Finished optimizer
[2022-01-30 22:17:19.234] [jointLog] [info] writing output 

