[2022-01-30 20:48:13.025] [jointLog] [info] setting maxHashResizeThreads to 40
[2022-01-30 20:48:13.025] [jointLog] [info] Fragment incompatibility prior below threshold.  Incompatible fragments will be ignored.
[2022-01-30 20:48:13.025] [jointLog] [info] Usage of --validateMappings implies use of minScoreFraction. Since not explicitly specified, it is being set to 0.65
[2022-01-30 20:48:13.025] [jointLog] [info] Setting consensusSlack to selective-alignment default of 0.35.
[2022-01-30 20:48:13.025] [jointLog] [info] parsing read library format
[2022-01-30 20:48:13.025] [jointLog] [info] There is 1 library.
[2022-01-30 20:48:13.026] [jointLog] [info] Loading pufferfish index
[2022-01-30 20:48:13.026] [jointLog] [info] Loading dense pufferfish index.
[2022-01-30 20:48:13.342] [jointLog] [info] done
[2022-01-30 20:48:13.393] [jointLog] [info] Index contained 40,812 targets
[2022-01-30 20:48:13.404] [jointLog] [info] Number of decoys : 0
[2022-01-30 20:48:14.002] [jointLog] [info] Automatically detected most likely library type as ISR

[2022-01-30 20:50:23.507] [jointLog] [info] Thread saw mini-batch with a maximum of 0.46% zero probability fragments
[2022-01-30 20:50:23.507] [jointLog] [info] Thread saw mini-batch with a maximum of 0.46% zero probability fragments
[2022-01-30 20:50:23.507] [jointLog] [info] Thread saw mini-batch with a maximum of 0.42% zero probability fragments
[2022-01-30 20:50:23.507] [jointLog] [info] Thread saw mini-batch with a maximum of 0.42% zero probability fragments
[2022-01-30 20:50:23.507] [jointLog] [info] Thread saw mini-batch with a maximum of 0.42% zero probability fragments
[2022-01-30 20:50:23.507] [jointLog] [info] Thread saw mini-batch with a maximum of 0.48% zero probability fragments
[2022-01-30 20:50:23.507] [jointLog] [info] Thread saw mini-batch with a maximum of 0.48% zero probability fragments
[2022-01-30 20:50:23.507] [jointLog] [info] Thread saw mini-batch with a maximum of 0.58% zero probability fragments
[2022-01-30 20:50:23.507] [jointLog] [info] Thread saw mini-batch with a maximum of 0.38% zero probability fragments
[2022-01-30 20:50:23.507] [jointLog] [info] Thread saw mini-batch with a maximum of 0.46% zero probability fragments
[2022-01-30 20:50:23.507] [jointLog] [info] Thread saw mini-batch with a maximum of 0.44% zero probability fragments
[2022-01-30 20:50:23.507] [jointLog] [info] Thread saw mini-batch with a maximum of 0.42% zero probability fragments
[2022-01-30 20:50:23.507] [jointLog] [info] Thread saw mini-batch with a maximum of 0.50% zero probability fragments
[2022-01-30 20:50:23.507] [jointLog] [info] Thread saw mini-batch with a maximum of 0.46% zero probability fragments
[2022-01-30 20:50:23.507] [jointLog] [info] Thread saw mini-batch with a maximum of 0.42% zero probability fragments
[2022-01-30 20:50:23.507] [jointLog] [info] Thread saw mini-batch with a maximum of 0.42% zero probability fragments
[2022-01-30 20:50:23.507] [jointLog] [info] Thread saw mini-batch with a maximum of 0.52% zero probability fragments
[2022-01-30 20:50:23.507] [jointLog] [info] Thread saw mini-batch with a maximum of 0.40% zero probability fragments
[2022-01-30 20:50:23.507] [jointLog] [info] Thread saw mini-batch with a maximum of 0.42% zero probability fragments
[2022-01-30 20:50:23.507] [jointLog] [info] Thread saw mini-batch with a maximum of 0.48% zero probability fragments
[2022-01-30 20:50:23.507] [jointLog] [info] Thread saw mini-batch with a maximum of 0.44% zero probability fragments
[2022-01-30 20:50:23.507] [jointLog] [info] Thread saw mini-batch with a maximum of 0.52% zero probability fragments
[2022-01-30 20:50:23.507] [jointLog] [info] Thread saw mini-batch with a maximum of 0.42% zero probability fragments
[2022-01-30 20:50:23.507] [jointLog] [info] Thread saw mini-batch with a maximum of 0.50% zero probability fragments
[2022-01-30 20:50:23.507] [jointLog] [info] Thread saw mini-batch with a maximum of 0.44% zero probability fragments
[2022-01-30 20:50:23.507] [jointLog] [info] Thread saw mini-batch with a maximum of 0.50% zero probability fragments
[2022-01-30 20:50:23.508] [jointLog] [info] Thread saw mini-batch with a maximum of 0.44% zero probability fragments
[2022-01-30 20:50:23.508] [jointLog] [info] Thread saw mini-batch with a maximum of 0.48% zero probability fragments
[2022-01-30 20:50:23.508] [jointLog] [info] Thread saw mini-batch with a maximum of 0.44% zero probability fragments
[2022-01-30 20:50:23.508] [jointLog] [info] Thread saw mini-batch with a maximum of 0.56% zero probability fragments
[2022-01-30 20:50:23.508] [jointLog] [info] Thread saw mini-batch with a maximum of 0.44% zero probability fragments
[2022-01-30 20:50:23.508] [jointLog] [info] Thread saw mini-batch with a maximum of 0.54% zero probability fragments
[2022-01-30 20:50:23.508] [jointLog] [info] Thread saw mini-batch with a maximum of 0.42% zero probability fragments
[2022-01-30 20:50:23.508] [jointLog] [info] Thread saw mini-batch with a maximum of 0.40% zero probability fragments
[2022-01-30 20:50:23.508] [jointLog] [info] Thread saw mini-batch with a maximum of 0.48% zero probability fragments
[2022-01-30 20:50:23.523] [jointLog] [info] Thread saw mini-batch with a maximum of 0.52% zero probability fragments
[2022-01-30 20:50:23.542] [jointLog] [info] Thread saw mini-batch with a maximum of 0.46% zero probability fragments
[2022-01-30 20:50:23.561] [jointLog] [info] Thread saw mini-batch with a maximum of 0.44% zero probability fragments
[2022-01-30 20:50:23.562] [jointLog] [info] Thread saw mini-batch with a maximum of 0.48% zero probability fragments
[2022-01-30 20:50:23.586] [jointLog] [info] Thread saw mini-batch with a maximum of 0.44% zero probability fragments
[2022-01-30 20:50:23.809] [jointLog] [info] Computed 47,764 rich equivalence classes for further processing
[2022-01-30 20:50:23.809] [jointLog] [info] Counted 34,971,227 total reads in the equivalence classes 
[2022-01-30 20:50:23.831] [jointLog] [warning] 0.00069903% of fragments were shorter than the k used to build the index.
If this fraction is too large, consider re-building the index with a smaller k.
The minimum read size found was 30.


[2022-01-30 20:50:23.831] [jointLog] [info] Number of mappings discarded because of alignment score : 5,402,141
[2022-01-30 20:50:23.831] [jointLog] [info] Number of fragments entirely discarded because of alignment score : 565,078
[2022-01-30 20:50:23.831] [jointLog] [info] Number of fragments discarded because they are best-mapped to decoys : 0
[2022-01-30 20:50:23.831] [jointLog] [info] Number of fragments discarded because they have only dovetail (discordant) mappings to valid targets : 10,257,298
[2022-01-30 20:50:23.831] [jointLog] [info] Mapping rate = 96.6242%

[2022-01-30 20:50:23.831] [jointLog] [info] finished quantifyLibrary()
[2022-01-30 20:50:23.834] [jointLog] [info] Starting optimizer
[2022-01-30 20:50:23.870] [jointLog] [info] Marked 0 weighted equivalence classes as degenerate
[2022-01-30 20:50:23.875] [jointLog] [info] iteration = 0 | max rel diff. = 22977.5
[2022-01-30 20:50:23.810] [fileLog] [info] 
At end of round 0
==================
Observed 36193028 total fragments (36193028 in most recent round)

[2022-01-30 20:50:24.146] [jointLog] [info] iteration = 100 | max rel diff. = 7.70504
[2022-01-30 20:50:24.396] [jointLog] [info] iteration = 200 | max rel diff. = 8.20552
[2022-01-30 20:50:24.644] [jointLog] [info] iteration = 300 | max rel diff. = 6.91187
[2022-01-30 20:50:24.895] [jointLog] [info] iteration = 400 | max rel diff. = 0.0554038
[2022-01-30 20:50:25.145] [jointLog] [info] iteration = 500 | max rel diff. = 0.256193
[2022-01-30 20:50:25.395] [jointLog] [info] iteration = 600 | max rel diff. = 0.216874
[2022-01-30 20:50:25.647] [jointLog] [info] iteration = 700 | max rel diff. = 0.0144792
[2022-01-30 20:50:25.899] [jointLog] [info] iteration = 800 | max rel diff. = 0.154659
[2022-01-30 20:50:25.917] [jointLog] [info] iteration = 808 | max rel diff. = 0.00834519
[2022-01-30 20:50:25.922] [jointLog] [info] Finished optimizer
[2022-01-30 20:50:25.922] [jointLog] [info] writing output 

