[2022-01-30 21:59:36.749] [jointLog] [info] setting maxHashResizeThreads to 40
[2022-01-30 21:59:36.749] [jointLog] [info] Fragment incompatibility prior below threshold.  Incompatible fragments will be ignored.
[2022-01-30 21:59:36.749] [jointLog] [info] Usage of --validateMappings implies use of minScoreFraction. Since not explicitly specified, it is being set to 0.65
[2022-01-30 21:59:36.749] [jointLog] [info] Setting consensusSlack to selective-alignment default of 0.35.
[2022-01-30 21:59:36.749] [jointLog] [info] parsing read library format
[2022-01-30 21:59:36.749] [jointLog] [info] There is 1 library.
[2022-01-30 21:59:36.752] [jointLog] [info] Loading pufferfish index
[2022-01-30 21:59:36.752] [jointLog] [info] Loading dense pufferfish index.
[2022-01-30 21:59:37.071] [jointLog] [info] done
[2022-01-30 21:59:37.123] [jointLog] [info] Index contained 40,812 targets
[2022-01-30 21:59:37.134] [jointLog] [info] Number of decoys : 0
[2022-01-30 21:59:37.691] [jointLog] [info] Automatically detected most likely library type as ISR

[2022-01-30 22:02:21.945] [jointLog] [info] Thread saw mini-batch with a maximum of 0.46% zero probability fragments
[2022-01-30 22:02:21.945] [jointLog] [info] Thread saw mini-batch with a maximum of 0.42% zero probability fragments
[2022-01-30 22:02:21.945] [jointLog] [info] Thread saw mini-batch with a maximum of 0.52% zero probability fragments
[2022-01-30 22:02:21.945] [jointLog] [info] Thread saw mini-batch with a maximum of 0.50% zero probability fragments
[2022-01-30 22:02:21.945] [jointLog] [info] Thread saw mini-batch with a maximum of 0.54% zero probability fragments
[2022-01-30 22:02:21.945] [jointLog] [info] Thread saw mini-batch with a maximum of 0.44% zero probability fragments
[2022-01-30 22:02:21.945] [jointLog] [info] Thread saw mini-batch with a maximum of 0.48% zero probability fragments
[2022-01-30 22:02:21.945] [jointLog] [info] Thread saw mini-batch with a maximum of 0.54% zero probability fragments
[2022-01-30 22:02:21.945] [jointLog] [info] Thread saw mini-batch with a maximum of 0.46% zero probability fragments
[2022-01-30 22:02:21.945] [jointLog] [info] Thread saw mini-batch with a maximum of 0.54% zero probability fragments
[2022-01-30 22:02:21.945] [jointLog] [info] Thread saw mini-batch with a maximum of 0.52% zero probability fragments
[2022-01-30 22:02:21.945] [jointLog] [info] Thread saw mini-batch with a maximum of 0.54% zero probability fragments
[2022-01-30 22:02:21.945] [jointLog] [info] Thread saw mini-batch with a maximum of 0.54% zero probability fragments
[2022-01-30 22:02:21.945] [jointLog] [info] Thread saw mini-batch with a maximum of 0.52% zero probability fragments
[2022-01-30 22:02:21.945] [jointLog] [info] Thread saw mini-batch with a maximum of 0.48% zero probability fragments
[2022-01-30 22:02:21.945] [jointLog] [info] Thread saw mini-batch with a maximum of 0.48% zero probability fragments
[2022-01-30 22:02:21.945] [jointLog] [info] Thread saw mini-batch with a maximum of 0.50% zero probability fragments
[2022-01-30 22:02:21.945] [jointLog] [info] Thread saw mini-batch with a maximum of 0.56% zero probability fragments
[2022-01-30 22:02:21.945] [jointLog] [info] Thread saw mini-batch with a maximum of 0.56% zero probability fragments
[2022-01-30 22:02:21.945] [jointLog] [info] Thread saw mini-batch with a maximum of 0.48% zero probability fragments
[2022-01-30 22:02:21.945] [jointLog] [info] Thread saw mini-batch with a maximum of 0.48% zero probability fragments
[2022-01-30 22:02:21.945] [jointLog] [info] Thread saw mini-batch with a maximum of 0.54% zero probability fragments
[2022-01-30 22:02:21.945] [jointLog] [info] Thread saw mini-batch with a maximum of 0.50% zero probability fragments
[2022-01-30 22:02:21.945] [jointLog] [info] Thread saw mini-batch with a maximum of 0.48% zero probability fragments
[2022-01-30 22:02:21.946] [jointLog] [info] Thread saw mini-batch with a maximum of 0.50% zero probability fragments
[2022-01-30 22:02:21.946] [jointLog] [info] Thread saw mini-batch with a maximum of 0.48% zero probability fragments
[2022-01-30 22:02:21.946] [jointLog] [info] Thread saw mini-batch with a maximum of 0.48% zero probability fragments
[2022-01-30 22:02:21.946] [jointLog] [info] Thread saw mini-batch with a maximum of 0.46% zero probability fragments
[2022-01-30 22:02:21.946] [jointLog] [info] Thread saw mini-batch with a maximum of 0.46% zero probability fragments
[2022-01-30 22:02:21.946] [jointLog] [info] Thread saw mini-batch with a maximum of 0.62% zero probability fragments
[2022-01-30 22:02:21.946] [jointLog] [info] Thread saw mini-batch with a maximum of 0.52% zero probability fragments
[2022-01-30 22:02:21.946] [jointLog] [info] Thread saw mini-batch with a maximum of 0.52% zero probability fragments
[2022-01-30 22:02:21.946] [jointLog] [info] Thread saw mini-batch with a maximum of 0.48% zero probability fragments
[2022-01-30 22:02:21.946] [jointLog] [info] Thread saw mini-batch with a maximum of 0.48% zero probability fragments
[2022-01-30 22:02:21.948] [jointLog] [info] Thread saw mini-batch with a maximum of 0.50% zero probability fragments
[2022-01-30 22:02:21.960] [jointLog] [info] Thread saw mini-batch with a maximum of 0.48% zero probability fragments
[2022-01-30 22:02:21.968] [jointLog] [info] Thread saw mini-batch with a maximum of 0.58% zero probability fragments
[2022-01-30 22:02:21.993] [jointLog] [info] Thread saw mini-batch with a maximum of 0.50% zero probability fragments
[2022-01-30 22:02:22.003] [jointLog] [info] Thread saw mini-batch with a maximum of 0.54% zero probability fragments
[2022-01-30 22:02:22.090] [jointLog] [info] Thread saw mini-batch with a maximum of 0.48% zero probability fragments
[2022-01-30 22:02:22.330] [jointLog] [info] Computed 53,449 rich equivalence classes for further processing
[2022-01-30 22:02:22.330] [jointLog] [info] Counted 44,608,926 total reads in the equivalence classes 
[2022-01-30 22:02:22.352] [jointLog] [warning] 0.000162634% of fragments were shorter than the k used to build the index.
If this fraction is too large, consider re-building the index with a smaller k.
The minimum read size found was 30.


[2022-01-30 22:02:22.352] [jointLog] [info] Number of mappings discarded because of alignment score : 8,721,192
[2022-01-30 22:02:22.352] [jointLog] [info] Number of fragments entirely discarded because of alignment score : 782,375
[2022-01-30 22:02:22.352] [jointLog] [info] Number of fragments discarded because they are best-mapped to decoys : 0
[2022-01-30 22:02:22.352] [jointLog] [info] Number of fragments discarded because they have only dovetail (discordant) mappings to valid targets : 13,165,888
[2022-01-30 22:02:22.352] [jointLog] [info] Mapping rate = 96.7322%

[2022-01-30 22:02:22.352] [jointLog] [info] finished quantifyLibrary()
[2022-01-30 22:02:22.354] [jointLog] [info] Starting optimizer
[2022-01-30 22:02:22.390] [jointLog] [info] Marked 0 weighted equivalence classes as degenerate
[2022-01-30 22:02:22.396] [jointLog] [info] iteration = 0 | max rel diff. = 10522.2
[2022-01-30 22:02:22.330] [fileLog] [info] 
At end of round 0
==================
Observed 46115920 total fragments (46115920 in most recent round)

[2022-01-30 22:02:22.673] [jointLog] [info] iteration = 100 | max rel diff. = 20.8076
[2022-01-30 22:02:22.926] [jointLog] [info] iteration = 200 | max rel diff. = 0.588487
[2022-01-30 22:02:23.179] [jointLog] [info] iteration = 300 | max rel diff. = 3.25235
[2022-01-30 22:02:23.431] [jointLog] [info] iteration = 400 | max rel diff. = 0.319251
[2022-01-30 22:02:23.686] [jointLog] [info] iteration = 500 | max rel diff. = 16.8816
[2022-01-30 22:02:23.939] [jointLog] [info] iteration = 600 | max rel diff. = 0.0534009
[2022-01-30 22:02:24.171] [jointLog] [info] iteration = 693 | max rel diff. = 0.00600741
[2022-01-30 22:02:24.176] [jointLog] [info] Finished optimizer
[2022-01-30 22:02:24.176] [jointLog] [info] writing output 

