[2022-01-30 19:23:21.190] [jointLog] [info] setting maxHashResizeThreads to 40
[2022-01-30 19:23:21.190] [jointLog] [info] Fragment incompatibility prior below threshold.  Incompatible fragments will be ignored.
[2022-01-30 19:23:21.190] [jointLog] [info] Usage of --validateMappings implies use of minScoreFraction. Since not explicitly specified, it is being set to 0.65
[2022-01-30 19:23:21.190] [jointLog] [info] Setting consensusSlack to selective-alignment default of 0.35.
[2022-01-30 19:23:21.190] [jointLog] [info] parsing read library format
[2022-01-30 19:23:21.190] [jointLog] [info] There is 1 library.
[2022-01-30 19:23:21.192] [jointLog] [info] Loading pufferfish index
[2022-01-30 19:23:21.193] [jointLog] [info] Loading dense pufferfish index.
[2022-01-30 19:23:21.699] [jointLog] [info] done
[2022-01-30 19:23:21.749] [jointLog] [info] Index contained 40,812 targets
[2022-01-30 19:23:21.761] [jointLog] [info] Number of decoys : 0
[2022-01-30 19:23:22.197] [jointLog] [info] Automatically detected most likely library type as ISR

[2022-01-30 19:25:50.026] [jointLog] [info] Thread saw mini-batch with a maximum of 0.52% zero probability fragments
[2022-01-30 19:25:50.026] [jointLog] [info] Thread saw mini-batch with a maximum of 0.46% zero probability fragments
[2022-01-30 19:25:50.026] [jointLog] [info] Thread saw mini-batch with a maximum of 0.52% zero probability fragments
[2022-01-30 19:25:50.026] [jointLog] [info] Thread saw mini-batch with a maximum of 0.56% zero probability fragments
[2022-01-30 19:25:50.026] [jointLog] [info] Thread saw mini-batch with a maximum of 0.56% zero probability fragments
[2022-01-30 19:25:50.026] [jointLog] [info] Thread saw mini-batch with a maximum of 0.54% zero probability fragments
[2022-01-30 19:25:50.026] [jointLog] [info] Thread saw mini-batch with a maximum of 0.64% zero probability fragments
[2022-01-30 19:25:50.026] [jointLog] [info] Thread saw mini-batch with a maximum of 0.58% zero probability fragments
[2022-01-30 19:25:50.026] [jointLog] [info] Thread saw mini-batch with a maximum of 0.52% zero probability fragments
[2022-01-30 19:25:50.026] [jointLog] [info] Thread saw mini-batch with a maximum of 0.50% zero probability fragments
[2022-01-30 19:25:50.026] [jointLog] [info] Thread saw mini-batch with a maximum of 0.50% zero probability fragments
[2022-01-30 19:25:50.026] [jointLog] [info] Thread saw mini-batch with a maximum of 0.58% zero probability fragments
[2022-01-30 19:25:50.026] [jointLog] [info] Thread saw mini-batch with a maximum of 0.50% zero probability fragments
[2022-01-30 19:25:50.026] [jointLog] [info] Thread saw mini-batch with a maximum of 0.52% zero probability fragments
[2022-01-30 19:25:50.026] [jointLog] [info] Thread saw mini-batch with a maximum of 0.52% zero probability fragments
[2022-01-30 19:25:50.026] [jointLog] [info] Thread saw mini-batch with a maximum of 0.62% zero probability fragments
[2022-01-30 19:25:50.027] [jointLog] [info] Thread saw mini-batch with a maximum of 0.58% zero probability fragments
[2022-01-30 19:25:50.027] [jointLog] [info] Thread saw mini-batch with a maximum of 0.56% zero probability fragments
[2022-01-30 19:25:50.027] [jointLog] [info] Thread saw mini-batch with a maximum of 0.58% zero probability fragments
[2022-01-30 19:25:50.027] [jointLog] [info] Thread saw mini-batch with a maximum of 0.54% zero probability fragments
[2022-01-30 19:25:50.027] [jointLog] [info] Thread saw mini-batch with a maximum of 0.60% zero probability fragments
[2022-01-30 19:25:50.027] [jointLog] [info] Thread saw mini-batch with a maximum of 0.56% zero probability fragments
[2022-01-30 19:25:50.027] [jointLog] [info] Thread saw mini-batch with a maximum of 0.52% zero probability fragments
[2022-01-30 19:25:50.027] [jointLog] [info] Thread saw mini-batch with a maximum of 0.52% zero probability fragments
[2022-01-30 19:25:50.027] [jointLog] [info] Thread saw mini-batch with a maximum of 0.48% zero probability fragments
[2022-01-30 19:25:50.027] [jointLog] [info] Thread saw mini-batch with a maximum of 0.58% zero probability fragments
[2022-01-30 19:25:50.027] [jointLog] [info] Thread saw mini-batch with a maximum of 0.50% zero probability fragments
[2022-01-30 19:25:50.027] [jointLog] [info] Thread saw mini-batch with a maximum of 0.54% zero probability fragments
[2022-01-30 19:25:50.028] [jointLog] [info] Thread saw mini-batch with a maximum of 0.56% zero probability fragments
[2022-01-30 19:25:50.028] [jointLog] [info] Thread saw mini-batch with a maximum of 0.58% zero probability fragments
[2022-01-30 19:25:50.028] [jointLog] [info] Thread saw mini-batch with a maximum of 0.52% zero probability fragments
[2022-01-30 19:25:50.028] [jointLog] [info] Thread saw mini-batch with a maximum of 0.54% zero probability fragments
[2022-01-30 19:25:50.028] [jointLog] [info] Thread saw mini-batch with a maximum of 0.58% zero probability fragments
[2022-01-30 19:25:50.043] [jointLog] [info] Thread saw mini-batch with a maximum of 0.52% zero probability fragments
[2022-01-30 19:25:50.050] [jointLog] [info] Thread saw mini-batch with a maximum of 0.58% zero probability fragments
[2022-01-30 19:25:50.072] [jointLog] [info] Thread saw mini-batch with a maximum of 0.50% zero probability fragments
[2022-01-30 19:25:50.084] [jointLog] [info] Thread saw mini-batch with a maximum of 0.48% zero probability fragments
[2022-01-30 19:25:50.101] [jointLog] [info] Thread saw mini-batch with a maximum of 0.62% zero probability fragments
[2022-01-30 19:25:50.104] [jointLog] [info] Thread saw mini-batch with a maximum of 0.64% zero probability fragments
[2022-01-30 19:25:50.142] [jointLog] [info] Thread saw mini-batch with a maximum of 0.56% zero probability fragments
[2022-01-30 19:25:50.355] [jointLog] [info] Computed 53,890 rich equivalence classes for further processing
[2022-01-30 19:25:50.356] [jointLog] [info] Counted 40,124,907 total reads in the equivalence classes 
[2022-01-30 19:25:50.377] [jointLog] [warning] 0.000153725% of fragments were shorter than the k used to build the index.
If this fraction is too large, consider re-building the index with a smaller k.
The minimum read size found was 30.


[2022-01-30 19:25:50.377] [jointLog] [info] Number of mappings discarded because of alignment score : 4,932,581
[2022-01-30 19:25:50.377] [jointLog] [info] Number of fragments entirely discarded because of alignment score : 849,197
[2022-01-30 19:25:50.377] [jointLog] [info] Number of fragments discarded because they are best-mapped to decoys : 0
[2022-01-30 19:25:50.377] [jointLog] [info] Number of fragments discarded because they have only dovetail (discordant) mappings to valid targets : 4,780,668
[2022-01-30 19:25:50.377] [jointLog] [info] Mapping rate = 96.3782%

[2022-01-30 19:25:50.377] [jointLog] [info] finished quantifyLibrary()
[2022-01-30 19:25:50.381] [jointLog] [info] Starting optimizer
[2022-01-30 19:25:50.356] [fileLog] [info] 
At end of round 0
==================
Observed 41632758 total fragments (41632758 in most recent round)

[2022-01-30 19:25:50.418] [jointLog] [info] Marked 0 weighted equivalence classes as degenerate
[2022-01-30 19:25:50.426] [jointLog] [info] iteration = 0 | max rel diff. = 18007.7
[2022-01-30 19:25:50.739] [jointLog] [info] iteration = 100 | max rel diff. = 13.2087
[2022-01-30 19:25:50.995] [jointLog] [info] iteration = 200 | max rel diff. = 4.58206
[2022-01-30 19:25:51.248] [jointLog] [info] iteration = 300 | max rel diff. = 0.141001
[2022-01-30 19:25:51.502] [jointLog] [info] iteration = 400 | max rel diff. = 0.164632
[2022-01-30 19:25:51.756] [jointLog] [info] iteration = 500 | max rel diff. = 1.2916
[2022-01-30 19:25:52.012] [jointLog] [info] iteration = 600 | max rel diff. = 0.143979
[2022-01-30 19:25:52.266] [jointLog] [info] iteration = 700 | max rel diff. = 0.0324071
[2022-01-30 19:25:52.520] [jointLog] [info] iteration = 800 | max rel diff. = 0.0975114
[2022-01-30 19:25:52.774] [jointLog] [info] iteration = 900 | max rel diff. = 0.112175
[2022-01-30 19:25:52.817] [jointLog] [info] iteration = 918 | max rel diff. = 0.0069006
[2022-01-30 19:25:52.821] [jointLog] [info] Finished optimizer
[2022-01-30 19:25:52.821] [jointLog] [info] writing output 

