[2022-01-30 20:03:45.816] [jointLog] [info] setting maxHashResizeThreads to 40
[2022-01-30 20:03:45.816] [jointLog] [info] Fragment incompatibility prior below threshold.  Incompatible fragments will be ignored.
[2022-01-30 20:03:45.816] [jointLog] [info] Usage of --validateMappings implies use of minScoreFraction. Since not explicitly specified, it is being set to 0.65
[2022-01-30 20:03:45.816] [jointLog] [info] Setting consensusSlack to selective-alignment default of 0.35.
[2022-01-30 20:03:45.816] [jointLog] [info] parsing read library format
[2022-01-30 20:03:45.816] [jointLog] [info] There is 1 library.
[2022-01-30 20:03:45.817] [jointLog] [info] Loading pufferfish index
[2022-01-30 20:03:45.818] [jointLog] [info] Loading dense pufferfish index.
[2022-01-30 20:03:46.130] [jointLog] [info] done
[2022-01-30 20:03:46.183] [jointLog] [info] Index contained 40,812 targets
[2022-01-30 20:03:46.193] [jointLog] [info] Number of decoys : 0
[2022-01-30 20:03:46.707] [jointLog] [info] Automatically detected most likely library type as ISR

[2022-01-30 20:05:16.723] [jointLog] [info] Thread saw mini-batch with a maximum of 0.48% zero probability fragments
[2022-01-30 20:05:16.723] [jointLog] [info] Thread saw mini-batch with a maximum of 0.56% zero probability fragments
[2022-01-30 20:05:16.723] [jointLog] [info] Thread saw mini-batch with a maximum of 0.44% zero probability fragments
[2022-01-30 20:05:16.724] [jointLog] [info] Thread saw mini-batch with a maximum of 0.46% zero probability fragments
[2022-01-30 20:05:16.724] [jointLog] [info] Thread saw mini-batch with a maximum of 0.48% zero probability fragments
[2022-01-30 20:05:16.724] [jointLog] [info] Thread saw mini-batch with a maximum of 0.44% zero probability fragments
[2022-01-30 20:05:16.724] [jointLog] [info] Thread saw mini-batch with a maximum of 0.52% zero probability fragments
[2022-01-30 20:05:16.724] [jointLog] [info] Thread saw mini-batch with a maximum of 0.48% zero probability fragments
[2022-01-30 20:05:16.724] [jointLog] [info] Thread saw mini-batch with a maximum of 0.52% zero probability fragments
[2022-01-30 20:05:16.724] [jointLog] [info] Thread saw mini-batch with a maximum of 0.54% zero probability fragments
[2022-01-30 20:05:16.724] [jointLog] [info] Thread saw mini-batch with a maximum of 0.50% zero probability fragments
[2022-01-30 20:05:16.724] [jointLog] [info] Thread saw mini-batch with a maximum of 0.44% zero probability fragments
[2022-01-30 20:05:16.724] [jointLog] [info] Thread saw mini-batch with a maximum of 0.48% zero probability fragments
[2022-01-30 20:05:16.724] [jointLog] [info] Thread saw mini-batch with a maximum of 0.52% zero probability fragments
[2022-01-30 20:05:16.724] [jointLog] [info] Thread saw mini-batch with a maximum of 0.46% zero probability fragments
[2022-01-30 20:05:16.724] [jointLog] [info] Thread saw mini-batch with a maximum of 0.52% zero probability fragments
[2022-01-30 20:05:16.724] [jointLog] [info] Thread saw mini-batch with a maximum of 0.46% zero probability fragments
[2022-01-30 20:05:16.724] [jointLog] [info] Thread saw mini-batch with a maximum of 0.52% zero probability fragments
[2022-01-30 20:05:16.724] [jointLog] [info] Thread saw mini-batch with a maximum of 0.50% zero probability fragments
[2022-01-30 20:05:16.724] [jointLog] [info] Thread saw mini-batch with a maximum of 0.48% zero probability fragments
[2022-01-30 20:05:16.724] [jointLog] [info] Thread saw mini-batch with a maximum of 0.50% zero probability fragments
[2022-01-30 20:05:16.724] [jointLog] [info] Thread saw mini-batch with a maximum of 0.48% zero probability fragments
[2022-01-30 20:05:16.724] [jointLog] [info] Thread saw mini-batch with a maximum of 0.46% zero probability fragments
[2022-01-30 20:05:16.724] [jointLog] [info] Thread saw mini-batch with a maximum of 0.48% zero probability fragments
[2022-01-30 20:05:16.724] [jointLog] [info] Thread saw mini-batch with a maximum of 0.50% zero probability fragments
[2022-01-30 20:05:16.724] [jointLog] [info] Thread saw mini-batch with a maximum of 0.58% zero probability fragments
[2022-01-30 20:05:16.724] [jointLog] [info] Thread saw mini-batch with a maximum of 0.48% zero probability fragments
[2022-01-30 20:05:16.724] [jointLog] [info] Thread saw mini-batch with a maximum of 0.44% zero probability fragments
[2022-01-30 20:05:16.725] [jointLog] [info] Thread saw mini-batch with a maximum of 0.48% zero probability fragments
[2022-01-30 20:05:16.725] [jointLog] [info] Thread saw mini-batch with a maximum of 0.44% zero probability fragments
[2022-01-30 20:05:16.725] [jointLog] [info] Thread saw mini-batch with a maximum of 0.54% zero probability fragments
[2022-01-30 20:05:16.725] [jointLog] [info] Thread saw mini-batch with a maximum of 0.52% zero probability fragments
[2022-01-30 20:05:16.725] [jointLog] [info] Thread saw mini-batch with a maximum of 0.48% zero probability fragments
[2022-01-30 20:05:16.728] [jointLog] [info] Thread saw mini-batch with a maximum of 0.48% zero probability fragments
[2022-01-30 20:05:16.728] [jointLog] [info] Thread saw mini-batch with a maximum of 0.48% zero probability fragments
[2022-01-30 20:05:16.739] [jointLog] [info] Thread saw mini-batch with a maximum of 0.56% zero probability fragments
[2022-01-30 20:05:16.766] [jointLog] [info] Thread saw mini-batch with a maximum of 0.48% zero probability fragments
[2022-01-30 20:05:16.773] [jointLog] [info] Thread saw mini-batch with a maximum of 0.50% zero probability fragments
[2022-01-30 20:05:16.798] [jointLog] [info] Thread saw mini-batch with a maximum of 0.54% zero probability fragments
[2022-01-30 20:05:16.807] [jointLog] [info] Thread saw mini-batch with a maximum of 0.56% zero probability fragments
[2022-01-30 20:05:17.012] [jointLog] [info] Computed 48,411 rich equivalence classes for further processing
[2022-01-30 20:05:17.012] [jointLog] [info] Counted 23,657,970 total reads in the equivalence classes 
[2022-01-30 20:05:17.013] [fileLog] [info] 
At end of round 0
==================
Observed 25014951 total fragments (25014951 in most recent round)

[2022-01-30 20:05:17.035] [jointLog] [warning] 0.000151909% of fragments were shorter than the k used to build the index.
If this fraction is too large, consider re-building the index with a smaller k.
The minimum read size found was 30.


[2022-01-30 20:05:17.035] [jointLog] [info] Number of mappings discarded because of alignment score : 3,539,505
[2022-01-30 20:05:17.035] [jointLog] [info] Number of fragments entirely discarded because of alignment score : 523,013
[2022-01-30 20:05:17.035] [jointLog] [info] Number of fragments discarded because they are best-mapped to decoys : 0
[2022-01-30 20:05:17.035] [jointLog] [info] Number of fragments discarded because they have only dovetail (discordant) mappings to valid targets : 3,999,315
[2022-01-30 20:05:17.035] [jointLog] [info] Mapping rate = 94.5753%

[2022-01-30 20:05:17.035] [jointLog] [info] finished quantifyLibrary()
[2022-01-30 20:05:17.037] [jointLog] [info] Starting optimizer
[2022-01-30 20:05:17.074] [jointLog] [info] Marked 0 weighted equivalence classes as degenerate
[2022-01-30 20:05:17.080] [jointLog] [info] iteration = 0 | max rel diff. = 23570.7
[2022-01-30 20:05:17.355] [jointLog] [info] iteration = 100 | max rel diff. = 9.48338
[2022-01-30 20:05:17.604] [jointLog] [info] iteration = 200 | max rel diff. = 0.337089
[2022-01-30 20:05:17.855] [jointLog] [info] iteration = 300 | max rel diff. = 0.504731
[2022-01-30 20:05:18.106] [jointLog] [info] iteration = 400 | max rel diff. = 0.01277
[2022-01-30 20:05:18.357] [jointLog] [info] iteration = 500 | max rel diff. = 1.31493
[2022-01-30 20:05:18.598] [jointLog] [info] iteration = 597 | max rel diff. = 0.00640146
[2022-01-30 20:05:18.603] [jointLog] [info] Finished optimizer
[2022-01-30 20:05:18.603] [jointLog] [info] writing output 

